"D:/UnrealProjects/Classroom/Content/Auth/DXimg.uasset" 0
"D:/UnrealProjects/Classroom/Content/Auth/DXimg.uexp" 1
"D:/UnrealProjects/Classroom/Content/UI/Connect/UserInfo.uasset" 2
"D:/UnrealProjects/Classroom/Content/UI/Connect/UserInfo.uexp" 3
"D:/UnrealProjects/Classroom/Content/UI/Connect/W_Register.uasset" 4
"D:/UnrealProjects/Classroom/Content/UI/Connect/W_Register.uexp" 5
"D:/UnrealProjects/Classroom/Content/UI/Connect/W_Login.uasset" 6
"D:/UnrealProjects/Classroom/Content/UI/Connect/W_Login.uexp" 7
"D:/UnrealProjects/Classroom/Content/UI/Connect/W_MainMenu.uasset" 8
"D:/UnrealProjects/Classroom/Content/UI/Connect/W_MainMenu.uexp" 9
"D:/UnrealProjects/Classroom/Content/UI/MainMenu/T_ClassroomDefault.uasset" 10
"D:/UnrealProjects/Classroom/Content/UI/MainMenu/T_ClassroomDefault.uexp" 11
"D:/UnrealProjects/Classroom/Content/UI/MainMenu/M_Classroom.uasset" 12
"D:/UnrealProjects/Classroom/Content/UI/MainMenu/M_Classroom.uexp" 13
"D:/UnrealProjects/Classroom/Content/Auth/BPI_Auth.uasset" 14
"D:/UnrealProjects/Classroom/Content/Auth/BPI_Auth.uexp" 15
"../../../Engine/Content/EditorBlueprintResources/StandardMacros.uasset" 16
"../../../Engine/Content/EditorBlueprintResources/StandardMacros.uexp" 17
"D:/UnrealProjects/Classroom/Content/Essentials/BP_PlayfabInstance.uasset" 18
"D:/UnrealProjects/Classroom/Content/Essentials/BP_PlayfabInstance.uexp" 19
"D:/UnrealProjects/Classroom/Content/UI/MainMenu/W_LevelButton.uasset" 20
"D:/UnrealProjects/Classroom/Content/UI/MainMenu/W_LevelButton.uexp" 21
"D:/UnrealProjects/Classroom/Content/UI/MainMenu/W_LevelSelect.uasset" 22
"D:/UnrealProjects/Classroom/Content/UI/MainMenu/W_LevelSelect.uexp" 23
"D:/UnrealProjects/Classroom/Content/UI/MainMenu/Gradient/T_MainMenu.uasset" 24
"D:/UnrealProjects/Classroom/Content/UI/MainMenu/Gradient/T_MainMenu.uexp" 25
"D:/UnrealProjects/Classroom/Content/UI/MainMenu/Gradient/M_MainMenu.uasset" 26
"D:/UnrealProjects/Classroom/Content/UI/MainMenu/Gradient/M_MainMenu.uexp" 27
"D:/UnrealProjects/Classroom/Content/UI/MainMenu/Nexus/E_NexusTypeEnum.uasset" 28
"D:/UnrealProjects/Classroom/Content/UI/MainMenu/Nexus/E_NexusTypeEnum.uexp" 29
"../../../Engine/Content/EngineMaterials/T_Default_Material_Grid_N.uasset" 30
"../../../Engine/Content/EngineMaterials/T_Default_Material_Grid_N.uexp" 31
"../../../Engine/Content/EngineMaterials/T_Default_Material_Grid_N.ubulk" 32
"../../../Engine/Content/EngineMaterials/T_Default_Material_Grid_M.uasset" 33
"../../../Engine/Content/EngineMaterials/T_Default_Material_Grid_M.uexp" 34
"../../../Engine/Content/EngineMaterials/T_Default_Material_Grid_M.ubulk" 35
"../../../Engine/Content/Functions/Engine_MaterialFunctions01/Opacity/CameraDepthFade.uasset" 36
"../../../Engine/Content/Functions/Engine_MaterialFunctions01/Opacity/CameraDepthFade.uexp" 37
"../../../Engine/Content/EngineMaterials/DefaultMaterial.uasset" 38
"../../../Engine/Content/EngineMaterials/DefaultMaterial.uexp" 39
"../../../Engine/Content/EngineMeshes/MaterialSphere.uasset" 40
"../../../Engine/Content/EngineMeshes/MaterialSphere.uexp" 41
"../../../Engine/Content/EditorMeshes/ArcadeEditorSphere.uasset" 42
"../../../Engine/Content/EditorMeshes/ArcadeEditorSphere.uexp" 43
"D:/UnrealProjects/Classroom/Content/UI/MainMenu/Nexus/M_Nexus.uasset" 44
"D:/UnrealProjects/Classroom/Content/UI/MainMenu/Nexus/M_Nexus.uexp" 45
"D:/UnrealProjects/Classroom/Content/UI/MainMenu/Nexus/BP_Nexus.uasset" 46
"D:/UnrealProjects/Classroom/Content/UI/MainMenu/Nexus/BP_Nexus.uexp" 47
"D:/UnrealProjects/Classroom/Content/UI/TextChat/W_ChatHistory.uasset" 48
"D:/UnrealProjects/Classroom/Content/UI/TextChat/W_ChatHistory.uexp" 49
"D:/UnrealProjects/Classroom/Content/Essentials/PC_Default.uasset" 50
"D:/UnrealProjects/Classroom/Content/Essentials/PC_Default.uexp" 51
"D:/UnrealProjects/Classroom/Content/Multiplayer/BPI_Multicast.uasset" 52
"D:/UnrealProjects/Classroom/Content/Multiplayer/BPI_Multicast.uexp" 53
"D:/UnrealProjects/Classroom/Content/Chat/Text/BP_TextListener.uasset" 54
"D:/UnrealProjects/Classroom/Content/Chat/Text/BP_TextListener.uexp" 55
"D:/UnrealProjects/Classroom/Content/UI/TextChat/W_Input.uasset" 56
"D:/UnrealProjects/Classroom/Content/UI/TextChat/W_Input.uexp" 57
"D:/UnrealProjects/Classroom/Content/UI/Editor/ContentBrowser/W_Drag.uasset" 58
"D:/UnrealProjects/Classroom/Content/UI/Editor/ContentBrowser/W_Drag.uexp" 59
"D:/UnrealProjects/Classroom/Content/UI/Editor/ContentBrowser/W_DragDrop.uasset" 60
"D:/UnrealProjects/Classroom/Content/UI/Editor/ContentBrowser/W_DragDrop.uexp" 61
"D:/UnrealProjects/Classroom/Content/UI/Editor/ContentBrowser/T_ModelIcon.uasset" 62
"D:/UnrealProjects/Classroom/Content/UI/Editor/ContentBrowser/T_ModelIcon.uexp" 63
"D:/UnrealProjects/Classroom/Content/UI/Editor/ContentBrowser/T_ImageIcon.uasset" 64
"D:/UnrealProjects/Classroom/Content/UI/Editor/ContentBrowser/T_ImageIcon.uexp" 65
"D:/UnrealProjects/Classroom/Content/UI/Editor/ContentBrowser/T_FileIcon.uasset" 66
"D:/UnrealProjects/Classroom/Content/UI/Editor/ContentBrowser/T_FileIcon.uexp" 67
"D:/UnrealProjects/Classroom/Content/UI/Editor/ContentBrowser/EFile_Enum.uasset" 68
"D:/UnrealProjects/Classroom/Content/UI/Editor/ContentBrowser/EFile_Enum.uexp" 69
"D:/UnrealProjects/Classroom/Content/UI/Editor/ContentBrowser/W_File.uasset" 70
"D:/UnrealProjects/Classroom/Content/UI/Editor/ContentBrowser/W_File.uexp" 71
"D:/UnrealProjects/Classroom/Content/UI/Editor/ContentBrowser/W_ContentBrowser.uasset" 72
"D:/UnrealProjects/Classroom/Content/UI/Editor/ContentBrowser/W_ContentBrowser.uexp" 73
"D:/UnrealProjects/Classroom/Content/UI/Editor/W_EditorTransform.uasset" 74
"D:/UnrealProjects/Classroom/Content/UI/Editor/W_EditorTransform.uexp" 75
"D:/UnrealProjects/Classroom/Content/Clickable/Gizmo/EGizmoMode_Enum.uasset" 76
"D:/UnrealProjects/Classroom/Content/Clickable/Gizmo/EGizmoMode_Enum.uexp" 77
"D:/UnrealProjects/Classroom/Content/Clickable/Gizmo/W_Temp.uasset" 78
"D:/UnrealProjects/Classroom/Content/Clickable/Gizmo/W_Temp.uexp" 79
"D:/UnrealProjects/Classroom/Content/Clickable/Gizmo/Mesh/SM_TranslationArrow.uasset" 80
"D:/UnrealProjects/Classroom/Content/Clickable/Gizmo/Mesh/SM_TranslationArrow.uexp" 81
"D:/UnrealProjects/Classroom/Content/Clickable/Gizmo/Mesh/SM_ScaleArrow.uasset" 82
"D:/UnrealProjects/Classroom/Content/Clickable/Gizmo/Mesh/SM_ScaleArrow.uexp" 83
"D:/UnrealProjects/Classroom/Content/Clickable/Gizmo/Mesh/SM_RotationPlane.uasset" 84
"D:/UnrealProjects/Classroom/Content/Clickable/Gizmo/Mesh/SM_RotationPlane.uexp" 85
"D:/UnrealProjects/Classroom/Content/Clickable/Gizmo/EGizmoAxis_Enum.uasset" 86
"D:/UnrealProjects/Classroom/Content/Clickable/Gizmo/EGizmoAxis_Enum.uexp" 87
"D:/UnrealProjects/Classroom/Content/Clickable/Gizmo/Materials/M_Gizmos.uasset" 88
"D:/UnrealProjects/Classroom/Content/Clickable/Gizmo/Materials/M_Gizmos.uexp" 89
"D:/UnrealProjects/Classroom/Content/Clickable/Gizmo/Materials/M_Gizmo_Z.uasset" 90
"D:/UnrealProjects/Classroom/Content/Clickable/Gizmo/Materials/M_Gizmo_Z.uexp" 91
"D:/UnrealProjects/Classroom/Content/Clickable/Gizmo/Materials/M_Gizmo_Y.uasset" 92
"D:/UnrealProjects/Classroom/Content/Clickable/Gizmo/Materials/M_Gizmo_Y.uexp" 93
"D:/UnrealProjects/Classroom/Content/Clickable/Gizmo/Materials/M_Gizmo_X.uasset" 94
"D:/UnrealProjects/Classroom/Content/Clickable/Gizmo/Materials/M_Gizmo_X.uexp" 95
"D:/UnrealProjects/Classroom/Content/Geometry/Meshes/CubeMaterial.uasset" 96
"D:/UnrealProjects/Classroom/Content/Geometry/Meshes/CubeMaterial.uexp" 97
"D:/UnrealProjects/Classroom/Content/Geometry/Meshes/1M_Cube.uasset" 98
"D:/UnrealProjects/Classroom/Content/Geometry/Meshes/1M_Cube.uexp" 99
"../../../Engine/Content/EngineResources/Black.uasset" 100
"../../../Engine/Content/EngineResources/Black.uexp" 101
"D:/UnrealProjects/Classroom/Content/Clickable/M_ImportMaterial.uasset" 102
"D:/UnrealProjects/Classroom/Content/Clickable/M_ImportMaterial.uexp" 103
"D:/UnrealProjects/Classroom/Content/Clickable/BP_ClickableActor.uasset" 104
"D:/UnrealProjects/Classroom/Content/Clickable/BP_ClickableActor.uexp" 105
"D:/UnrealProjects/Classroom/Content/Clickable/Gizmo/BP_Gizmo.uasset" 106
"D:/UnrealProjects/Classroom/Content/Clickable/Gizmo/BP_Gizmo.uexp" 107
"D:/UnrealProjects/Classroom/Content/Clickable/AC_Clickable.uasset" 108
"D:/UnrealProjects/Classroom/Content/Clickable/AC_Clickable.uexp" 109
"D:/UnrealProjects/Classroom/Content/UI/Editor/W_EditorActorsElement.uasset" 110
"D:/UnrealProjects/Classroom/Content/UI/Editor/W_EditorActorsElement.uexp" 111
"D:/UnrealProjects/Classroom/Content/UI/Editor/W_EditorActors.uasset" 112
"D:/UnrealProjects/Classroom/Content/UI/Editor/W_EditorActors.uexp" 113
"D:/UnrealProjects/Classroom/Content/UI/Editor/W_EditorMain.uasset" 114
"D:/UnrealProjects/Classroom/Content/UI/Editor/W_EditorMain.uexp" 115
"D:/UnrealProjects/Classroom/Content/UI/Editor/W_HUD.uasset" 116
"D:/UnrealProjects/Classroom/Content/UI/Editor/W_HUD.uexp" 117
"D:/UnrealProjects/Classroom/Content/Chat/Voice/AC_Speakable.uasset" 118
"D:/UnrealProjects/Classroom/Content/Chat/Voice/AC_Speakable.uexp" 119
"D:/UnrealProjects/Classroom/Content/Character/Model/SKE_Eyeball_Wing.uasset" 120
"D:/UnrealProjects/Classroom/Content/Character/Model/SKE_Eyeball_Wing.uexp" 121
"../../../Engine/Content/Animation/DefaultAnimCurveCompressionSettings.uasset" 122
"../../../Engine/Content/Animation/DefaultAnimCurveCompressionSettings.uexp" 123
"../../../Engine/Content/Animation/DefaultAnimBoneCompressionSettings.uasset" 124
"../../../Engine/Content/Animation/DefaultAnimBoneCompressionSettings.uexp" 125
"D:/UnrealProjects/Classroom/Content/Character/Model/ANIM_Eyeball_Wing.uasset" 126
"D:/UnrealProjects/Classroom/Content/Character/Model/ANIM_Eyeball_Wing.uexp" 127
"D:/UnrealProjects/Classroom/Content/Character/Model/EyeBall/M_Eyeball_Sclera.uasset" 128
"D:/UnrealProjects/Classroom/Content/Character/Model/EyeBall/M_Eyeball_Sclera.uexp" 129
"D:/UnrealProjects/Classroom/Content/Character/Model/EyeBall/M_Eyeball_Pupil.uasset" 130
"D:/UnrealProjects/Classroom/Content/Character/Model/EyeBall/M_Eyeball_Pupil.uexp" 131
"D:/UnrealProjects/Classroom/Content/Character/Model/EyeBall/M_Eyeball_Iris.uasset" 132
"D:/UnrealProjects/Classroom/Content/Character/Model/EyeBall/M_Eyeball_Iris.uexp" 133
"D:/UnrealProjects/Classroom/Content/Character/Model/EyeBall/SM_Eyeball.uasset" 134
"D:/UnrealProjects/Classroom/Content/Character/Model/EyeBall/SM_Eyeball.uexp" 135
"D:/UnrealProjects/Classroom/Content/Character/Model/PA_Eyeball_Wing.uasset" 136
"D:/UnrealProjects/Classroom/Content/Character/Model/PA_Eyeball_Wing.uexp" 137
"D:/UnrealProjects/Classroom/Content/Character/Model/M_Eyeball_Wing.uasset" 138
"D:/UnrealProjects/Classroom/Content/Character/Model/M_Eyeball_Wing.uexp" 139
"D:/UnrealProjects/Classroom/Content/Character/Model/SK_Eyeball_Wing.uasset" 140
"D:/UnrealProjects/Classroom/Content/Character/Model/SK_Eyeball_Wing.uexp" 141
"D:/UnrealProjects/Classroom/Content/Character/BP_Player.uasset" 142
"D:/UnrealProjects/Classroom/Content/Character/BP_Player.uexp" 143
"D:/UnrealProjects/Classroom/Content/Essentials/BP_GameMode.uasset" 144
"D:/UnrealProjects/Classroom/Content/Essentials/BP_GameMode.uexp" 145
"../../../Engine/Content/EngineMaterials/WorldGridMaterial.uasset" 146
"../../../Engine/Content/EngineMaterials/WorldGridMaterial.uexp" 147
"../../../Engine/Content/ArtTools/RenderToTexture/Meshes/S_1_Unit_Plane.uasset" 148
"../../../Engine/Content/ArtTools/RenderToTexture/Meshes/S_1_Unit_Plane.uexp" 149
"../../../Engine/Content/BasicShapes/Cone.uasset" 150
"../../../Engine/Content/BasicShapes/Cone.uexp" 151
"../../../Engine/Content/BasicShapes/Cube.uasset" 152
"../../../Engine/Content/BasicShapes/Cube.uexp" 153
"../../../Engine/Content/BasicShapes/Sphere.uasset" 154
"../../../Engine/Content/BasicShapes/Sphere.uexp" 155
"../../../Engine/Content/EditorLandscapeResources/DataLayer.uasset" 156
"../../../Engine/Content/EditorLandscapeResources/DataLayer.uexp" 157
"../../../Engine/Content/EditorLandscapeResources/DefaultAlphaTexture.uasset" 158
"../../../Engine/Content/EditorLandscapeResources/DefaultAlphaTexture.uexp" 159
"../../../Engine/Content/EditorMaterials/MAT_Groups_Toggle.uasset" 160
"../../../Engine/Content/EditorMaterials/MAT_Groups_Toggle.uexp" 161
"../../../Engine/Content/EditorMaterials/MAT_Groups_Visibility.uasset" 162
"../../../Engine/Content/EditorMaterials/MAT_Groups_Visibility.uexp" 163
"../../../Engine/Content/EditorMaterials/PreviewShadowIndicator.uasset" 164
"../../../Engine/Content/EditorMaterials/PreviewShadowIndicator.uexp" 165
"../../../Engine/Content/EditorMaterials/PreviewShadowIndicator.ubulk" 166
"../../../Engine/Content/EditorMaterials/PreviewShadowIndicatorMaterial.uasset" 167
"../../../Engine/Content/EditorMaterials/PreviewShadowIndicatorMaterial.uexp" 168
"../../../Engine/Content/EditorMaterials/MatineeGroups/MAT_ColorTrack.uasset" 169
"../../../Engine/Content/EditorMaterials/MatineeGroups/MAT_ColorTrack.uexp" 170
"../../../Engine/Content/EditorMaterials/MatineeGroups/MAT_Groups_Anim.uasset" 171
"../../../Engine/Content/EditorMaterials/MatineeGroups/MAT_Groups_Anim.uexp" 172
"../../../Engine/Content/EditorMaterials/MatineeGroups/MAT_Groups_AudioMaster.uasset" 173
"../../../Engine/Content/EditorMaterials/MatineeGroups/MAT_Groups_AudioMaster.uexp" 174
"../../../Engine/Content/EditorMaterials/MatineeGroups/MAT_Groups_Director.uasset" 175
"../../../Engine/Content/EditorMaterials/MatineeGroups/MAT_Groups_Director.uexp" 176
"../../../Engine/Content/EditorMaterials/MatineeGroups/MAT_Groups_Event.uasset" 177
"../../../Engine/Content/EditorMaterials/MatineeGroups/MAT_Groups_Event.uexp" 178
"../../../Engine/Content/EditorMaterials/MatineeGroups/MAT_Groups_Fade.uasset" 179
"../../../Engine/Content/EditorMaterials/MatineeGroups/MAT_Groups_Fade.uexp" 180
"../../../Engine/Content/EditorMaterials/MatineeGroups/MAT_Groups_Float.uasset" 181
"../../../Engine/Content/EditorMaterials/MatineeGroups/MAT_Groups_Float.uexp" 182
"../../../Engine/Content/EditorMaterials/MatineeGroups/MAT_Groups_Move.uasset" 183
"../../../Engine/Content/EditorMaterials/MatineeGroups/MAT_Groups_Move.uexp" 184
"../../../Engine/Content/EditorMaterials/MatineeGroups/MAT_Groups_Slomo.uasset" 185
"../../../Engine/Content/EditorMaterials/MatineeGroups/MAT_Groups_Slomo.uexp" 186
"../../../Engine/Content/EditorMaterials/MatineeGroups/MAT_Groups_Sound.uasset" 187
"../../../Engine/Content/EditorMaterials/MatineeGroups/MAT_Groups_Sound.uexp" 188
"../../../Engine/Content/EditorMaterials/MatineeGroups/MAT_Groups_Vector.uasset" 189
"../../../Engine/Content/EditorMaterials/MatineeGroups/MAT_Groups_Vector.uexp" 190
"../../../Engine/Content/EditorMaterials/ParticleSystems/PSysThumbnail_NoImage.uasset" 191
"../../../Engine/Content/EditorMaterials/ParticleSystems/PSysThumbnail_NoImage.uexp" 192
"../../../Engine/Content/EditorMaterials/ParticleSystems/PSysThumbnail_NoImage.ubulk" 193
"../../../Engine/Content/EditorMaterials/ParticleSystems/PSysThumbnail_OOD.uasset" 194
"../../../Engine/Content/EditorMaterials/ParticleSystems/PSysThumbnail_OOD.uexp" 195
"../../../Engine/Content/EditorMaterials/ParticleSystems/PSysThumbnail_OOD.ubulk" 196
"../../../Engine/Content/EditorMaterials/Camera/CineMat.uasset" 197
"../../../Engine/Content/EditorMaterials/Camera/CineMat.uexp" 198
"../../../Engine/Content/EditorMaterials/Camera/MI_CineMat_Rig.uasset" 199
"../../../Engine/Content/EditorMaterials/Camera/MI_CineMat_Rig.uexp" 200
"../../../Engine/Content/EditorMeshes/Camera/SM_CraneRig_Arm.uasset" 201
"../../../Engine/Content/EditorMeshes/Camera/SM_CraneRig_Arm.uexp" 202
"../../../Engine/Content/EditorMeshes/Camera/SM_CraneRig_Base.uasset" 203
"../../../Engine/Content/EditorMeshes/Camera/SM_CraneRig_Base.uexp" 204
"../../../Engine/Content/EditorMeshes/Camera/SM_CraneRig_Body.uasset" 205
"../../../Engine/Content/EditorMeshes/Camera/SM_CraneRig_Body.uexp" 206
"../../../Engine/Content/EditorMeshes/Camera/SM_CraneRig_Mount.uasset" 207
"../../../Engine/Content/EditorMeshes/Camera/SM_CraneRig_Mount.uexp" 208
"../../../Engine/Content/EditorMeshes/Camera/SM_RailRig_Mount.uasset" 209
"../../../Engine/Content/EditorMeshes/Camera/SM_RailRig_Mount.uexp" 210
"../../../Engine/Content/EditorMeshes/Camera/SM_RailRig_Track.uasset" 211
"../../../Engine/Content/EditorMeshes/Camera/SM_RailRig_Track.uexp" 212
"../../../Engine/Content/EditorResources/BSPVertex.uasset" 213
"../../../Engine/Content/EditorResources/BSPVertex.uexp" 214
"../../../Engine/Content/EditorResources/EmptyActor.uasset" 215
"../../../Engine/Content/EditorResources/EmptyActor.uexp" 216
"../../../Engine/Content/EditorResources/S_Actor.uasset" 217
"../../../Engine/Content/EditorResources/S_Actor.uexp" 218
"../../../Engine/Content/EditorResources/S_Actor.ubulk" 219
"../../../Engine/Content/EditorResources/S_Note.uasset" 220
"../../../Engine/Content/EditorResources/S_Note.uexp" 221
"../../../Engine/Content/EditorResources/S_Note.ubulk" 222
"../../../Engine/Content/EditorResources/S_Solver.uasset" 223
"../../../Engine/Content/EditorResources/S_Solver.uexp" 224
"../../../Engine/Content/EditorResources/S_Solver.ubulk" 225
"../../../Engine/Content/EditorResources/S_Terrain.uasset" 226
"../../../Engine/Content/EditorResources/S_Terrain.uexp" 227
"../../../Engine/Content/EditorResources/S_Terrain.ubulk" 228
"../../../Engine/Content/EditorResources/S_Trigger.uasset" 229
"../../../Engine/Content/EditorResources/S_Trigger.uexp" 230
"../../../Engine/Content/EditorResources/S_Trigger.ubulk" 231
"../../../Engine/Content/EditorResources/SequenceRecorder/Countdown.uasset" 232
"../../../Engine/Content/EditorResources/SequenceRecorder/Countdown.uexp" 233
"../../../Engine/Content/EditorResources/SequenceRecorder/RecordingIndicator.uasset" 234
"../../../Engine/Content/EditorResources/SequenceRecorder/RecordingIndicator.uexp" 235
"../../../Engine/Content/EngineDamageTypes/DmgTypeBP_Environmental.uasset" 236
"../../../Engine/Content/EngineDamageTypes/DmgTypeBP_Environmental.uexp" 237
"../../../Engine/Content/EngineDebugMaterials/DebugEditorMaterial.uasset" 238
"../../../Engine/Content/EngineDebugMaterials/DebugEditorMaterial.uexp" 239
"../../../Engine/Content/EngineDebugMaterials/DebugMeshMaterial.uasset" 240
"../../../Engine/Content/EngineDebugMaterials/DebugMeshMaterial.uexp" 241
"../../../Engine/Content/EngineDebugMaterials/M_SimpleUnlitTranslucent.uasset" 242
"../../../Engine/Content/EngineDebugMaterials/M_SimpleUnlitTranslucent.uexp" 243
"../../../Engine/Content/EngineDebugMaterials/VolumeToRender.uasset" 244
"../../../Engine/Content/EngineDebugMaterials/VolumeToRender.uexp" 245
"../../../Engine/Content/Functions/Engine_MaterialFunctions02/Utility/CameraDirectionVector.uasset" 246
"../../../Engine/Content/Functions/Engine_MaterialFunctions02/Utility/CameraDirectionVector.uexp" 247
"../../../Engine/Content/EngineDebugMaterials/M_VolumeRenderSphereTracePP.uasset" 248
"../../../Engine/Content/EngineDebugMaterials/M_VolumeRenderSphereTracePP.uexp" 249
"../../../Engine/Content/Functions/Engine_MaterialFunctions01/Shading/ConvertFromDiffSpec.uasset" 250
"../../../Engine/Content/Functions/Engine_MaterialFunctions01/Shading/ConvertFromDiffSpec.uexp" 251
"../../../Engine/Content/EngineDebugMaterials/VertexColorMaterial.uasset" 252
"../../../Engine/Content/EngineDebugMaterials/VertexColorMaterial.uexp" 253
"../../../Engine/Content/EngineDebugMaterials/WireframeMaterial.uasset" 254
"../../../Engine/Content/EngineDebugMaterials/WireframeMaterial.uexp" 255
"../../../Engine/Content/EngineFonts/Faces/RobotoRegular.uasset" 256
"../../../Engine/Content/EngineFonts/Faces/RobotoRegular.uexp" 257
"../../../Engine/Content/EngineFonts/Faces/RobotoRegular.ufont" 258
"../../../Engine/Content/EngineFonts/Faces/RobotoLight.uasset" 259
"../../../Engine/Content/EngineFonts/Faces/RobotoLight.uexp" 260
"../../../Engine/Content/EngineFonts/Faces/RobotoLight.ufont" 261
"../../../Engine/Content/EngineFonts/Faces/RobotoItalic.uasset" 262
"../../../Engine/Content/EngineFonts/Faces/RobotoItalic.uexp" 263
"../../../Engine/Content/EngineFonts/Faces/RobotoItalic.ufont" 264
"../../../Engine/Content/EngineFonts/Faces/RobotoBoldItalic.uasset" 265
"../../../Engine/Content/EngineFonts/Faces/RobotoBoldItalic.uexp" 266
"../../../Engine/Content/EngineFonts/Faces/RobotoBoldItalic.ufont" 267
"../../../Engine/Content/EngineFonts/Faces/RobotoBold.uasset" 268
"../../../Engine/Content/EngineFonts/Faces/RobotoBold.uexp" 269
"../../../Engine/Content/EngineFonts/Faces/RobotoBold.ufont" 270
"../../../Engine/Content/EngineFonts/Faces/DroidSansFallback.uasset" 271
"../../../Engine/Content/EngineFonts/Faces/DroidSansFallback.uexp" 272
"../../../Engine/Content/EngineFonts/Faces/DroidSansFallback.ufont" 273
"../../../Engine/Content/EngineFonts/Roboto.uasset" 274
"../../../Engine/Content/EngineFonts/Roboto.uexp" 275
"../../../Engine/Content/EngineMaterials/BaseFlattenNormalMap.uasset" 276
"../../../Engine/Content/EngineMaterials/BaseFlattenNormalMap.uexp" 277
"../../../Engine/Content/EngineMaterials/BaseFlattenGrayscaleMap.uasset" 278
"../../../Engine/Content/EngineMaterials/BaseFlattenGrayscaleMap.uexp" 279
"../../../Engine/Content/EngineMaterials/BaseFlattenEmissiveMap.uasset" 280
"../../../Engine/Content/EngineMaterials/BaseFlattenEmissiveMap.uexp" 281
"../../../Engine/Content/EngineMaterials/BaseFlattenDiffuseMap.uasset" 282
"../../../Engine/Content/EngineMaterials/BaseFlattenDiffuseMap.uexp" 283
"../../../Engine/Content/EngineMaterials/BaseFlattenMaterial.uasset" 284
"../../../Engine/Content/EngineMaterials/BaseFlattenMaterial.uexp" 285
"../../../Engine/Content/EngineMaterials/BlueNoise.uasset" 286
"../../../Engine/Content/EngineMaterials/BlueNoise.uexp" 287
"../../../Engine/Content/EngineMaterials/DefaultBloomKernel.uasset" 288
"../../../Engine/Content/EngineMaterials/DefaultBloomKernel.uexp" 289
"../../../Engine/Content/EngineMaterials/DefaultBokeh.uasset" 290
"../../../Engine/Content/EngineMaterials/DefaultBokeh.uexp" 291
"../../../Engine/Content/EngineMaterials/DefaultDiffuse.uasset" 292
"../../../Engine/Content/EngineMaterials/DefaultDiffuse.uexp" 293
"../../../Engine/Content/EngineMaterials/DefaultDiffuse.ubulk" 294
"../../../Engine/Content/EngineMaterials/DefaultDeferredDecalMaterial.uasset" 295
"../../../Engine/Content/EngineMaterials/DefaultDeferredDecalMaterial.uexp" 296
"../../../Engine/Content/EngineMaterials/DefaultLightFunctionMaterial.uasset" 297
"../../../Engine/Content/EngineMaterials/DefaultLightFunctionMaterial.uexp" 298
"../../../Engine/Content/EngineMaterials/DefaultPhysicalMaterial.uasset" 299
"../../../Engine/Content/EngineMaterials/DefaultPhysicalMaterial.uexp" 300
"../../../Engine/Content/Functions/Engine_MaterialFunctions02/Utility/BreakOutFloat2Components.uasset" 301
"../../../Engine/Content/Functions/Engine_MaterialFunctions02/Utility/BreakOutFloat2Components.uexp" 302
"../../../Engine/Content/EngineMaterials/DefaultPostProcessMaterial.uasset" 303
"../../../Engine/Content/EngineMaterials/DefaultPostProcessMaterial.uexp" 304
"../../../Engine/Content/EngineFonts/RobotoDistanceField.uasset" 305
"../../../Engine/Content/EngineFonts/RobotoDistanceField.uexp" 306
"../../../Engine/Content/EngineMaterials/DefaultTextMaterialOpaque.uasset" 307
"../../../Engine/Content/EngineMaterials/DefaultTextMaterialOpaque.uexp" 308
"../../../Engine/Content/EngineMaterials/DefaultWhiteGrid.uasset" 309
"../../../Engine/Content/EngineMaterials/DefaultWhiteGrid.uexp" 310
"../../../Engine/Content/EngineMaterials/DefaultWhiteGrid.ubulk" 311
"../../../Engine/Content/EngineMaterials/DefaultWhiteGrid_Low.uasset" 312
"../../../Engine/Content/EngineMaterials/DefaultWhiteGrid_Low.uexp" 313
"../../../Engine/Content/EngineMaterials/EmissiveMeshMaterial.uasset" 314
"../../../Engine/Content/EngineMaterials/EmissiveMeshMaterial.uexp" 315
"../../../Engine/Content/EngineMaterials/GizmoMaterial.uasset" 316
"../../../Engine/Content/EngineMaterials/GizmoMaterial.uexp" 317
"../../../Engine/Content/EngineMaterials/Good64x64TilingNoiseHighFreq.uasset" 318
"../../../Engine/Content/EngineMaterials/Good64x64TilingNoiseHighFreq.uexp" 319
"../../../Engine/Content/EngineMaterials/MiniFont.uasset" 320
"../../../Engine/Content/EngineMaterials/MiniFont.uexp" 321
"../../../Engine/Content/EngineMaterials/InvalidLightmapSettings.uasset" 322
"../../../Engine/Content/EngineMaterials/InvalidLightmapSettings.uexp" 323
"../../../Engine/Content/EngineMaterials/InvalidLightmapSettings.ubulk" 324
"../../../Engine/Content/EngineMaterials/M_InvalidLightmapSettings.uasset" 325
"../../../Engine/Content/EngineMaterials/M_InvalidLightmapSettings.uexp" 326
"../../../Engine/Content/Functions/Engine_MaterialFunctions02/WorldPositionOffset/CameraOffset.uasset" 327
"../../../Engine/Content/Functions/Engine_MaterialFunctions02/WorldPositionOffset/CameraOffset.uexp" 328
"../../../Engine/Content/EngineMaterials/PhAT_JointLimitMaterial.uasset" 329
"../../../Engine/Content/EngineMaterials/PhAT_JointLimitMaterial.uexp" 330
"../../../Engine/Content/EngineMaterials/DefaultCalibrationColor.uasset" 331
"../../../Engine/Content/EngineMaterials/DefaultCalibrationColor.uexp" 332
"../../../Engine/Content/EngineMaterials/PPM_DefaultCalibrationColor.uasset" 333
"../../../Engine/Content/EngineMaterials/PPM_DefaultCalibrationColor.uexp" 334
"../../../Engine/Content/EngineMaterials/DefaultCalibrationGrayscale.uasset" 335
"../../../Engine/Content/EngineMaterials/DefaultCalibrationGrayscale.uexp" 336
"../../../Engine/Content/EngineMaterials/PPM_DefaultCalibrationGrayscale.uasset" 337
"../../../Engine/Content/EngineMaterials/PPM_DefaultCalibrationGrayscale.uexp" 338
"../../../Engine/Content/EngineMaterials/PreintegratedSkinBRDF.uasset" 339
"../../../Engine/Content/EngineMaterials/PreintegratedSkinBRDF.uexp" 340
"../../../Engine/Content/EngineMaterials/RemoveSurfaceMaterial.uasset" 341
"../../../Engine/Content/EngineMaterials/RemoveSurfaceMaterial.uexp" 342
"../../../Engine/Content/EngineMaterials/WeightMapPlaceholderTexture.uasset" 343
"../../../Engine/Content/EngineMaterials/WeightMapPlaceholderTexture.uexp" 344
"../../../Engine/Content/EngineResources/WhiteSquareTexture.uasset" 345
"../../../Engine/Content/EngineResources/WhiteSquareTexture.uexp" 346
"../../../Engine/Content/EngineMaterials/Widget3DPassThrough.uasset" 347
"../../../Engine/Content/EngineMaterials/Widget3DPassThrough.uexp" 348
"../../../Engine/Content/EngineMaterials/Widget3DPassThrough_Masked.uasset" 349
"../../../Engine/Content/EngineMaterials/Widget3DPassThrough_Masked.uexp" 350
"../../../Engine/Content/EngineMaterials/Widget3DPassThrough_Opaque.uasset" 351
"../../../Engine/Content/EngineMaterials/Widget3DPassThrough_Opaque.uexp" 352
"../../../Engine/Content/EngineMaterials/Widget3DPassThrough_Masked_OneSided.uasset" 353
"../../../Engine/Content/EngineMaterials/Widget3DPassThrough_Masked_OneSided.uexp" 354
"../../../Engine/Content/EngineMaterials/Widget3DPassThrough_Opaque_OneSided.uasset" 355
"../../../Engine/Content/EngineMaterials/Widget3DPassThrough_Opaque_OneSided.uexp" 356
"../../../Engine/Content/EngineMaterials/Widget3DPassThrough_Translucent.uasset" 357
"../../../Engine/Content/EngineMaterials/Widget3DPassThrough_Translucent.uexp" 358
"../../../Engine/Content/EngineMaterials/Widget3DPassThrough_Translucent_OneSided.uasset" 359
"../../../Engine/Content/EngineMaterials/Widget3DPassThrough_Translucent_OneSided.uexp" 360
"../../../Engine/Content/EngineMeshes/Cylinder.uasset" 361
"../../../Engine/Content/EngineMeshes/Cylinder.uexp" 362
"../../../Engine/Content/EngineMeshes/Sphere.uasset" 363
"../../../Engine/Content/EngineMeshes/Sphere.uexp" 364
"../../../Engine/Content/EngineResources/DefaultTexture.uasset" 365
"../../../Engine/Content/EngineResources/DefaultTexture.uexp" 366
"../../../Engine/Content/EngineResources/DefaultTexture.ubulk" 367
"../../../Engine/Content/EngineResources/DefaultTextureCube.uasset" 368
"../../../Engine/Content/EngineResources/DefaultTextureCube.uexp" 369
"../../../Engine/Content/EngineResources/DefaultVolumeTexture2D.uasset" 370
"../../../Engine/Content/EngineResources/DefaultVolumeTexture2D.uexp" 371
"../../../Engine/Content/EngineResources/DefaultVolumeTexture.uasset" 372
"../../../Engine/Content/EngineResources/DefaultVolumeTexture.uexp" 373
"../../../Engine/Content/EngineResources/GradientTexture0.uasset" 374
"../../../Engine/Content/EngineResources/GradientTexture0.uexp" 375
"../../../Engine/Content/EngineSky/VolumetricClouds/T_NoiseShape64.uasset" 376
"../../../Engine/Content/EngineSky/VolumetricClouds/T_NoiseShape64.uexp" 377
"../../../Engine/Content/EngineSky/VolumetricClouds/T_NoiseShape64.ubulk" 378
"../../../Engine/Content/EngineSky/VolumetricClouds/T_VolumeNoiseShape64.uasset" 379
"../../../Engine/Content/EngineSky/VolumetricClouds/T_VolumeNoiseShape64.uexp" 380
"../../../Engine/Content/EngineSky/VolumetricClouds/T_NoiseErosion.uasset" 381
"../../../Engine/Content/EngineSky/VolumetricClouds/T_NoiseErosion.uexp" 382
"../../../Engine/Content/EngineSky/VolumetricClouds/T_NoiseErosion.ubulk" 383
"../../../Engine/Content/EngineSky/VolumetricClouds/T_VolumeNoiseErosion32.uasset" 384
"../../../Engine/Content/EngineSky/VolumetricClouds/T_VolumeNoiseErosion32.uexp" 385
"../../../Engine/Content/Functions/Engine_MaterialFunctions02/Utility/MakeFloat2.uasset" 386
"../../../Engine/Content/Functions/Engine_MaterialFunctions02/Utility/MakeFloat2.uexp" 387
"../../../Engine/Content/EngineSky/VolumetricClouds/CloudWeatherTexture.uasset" 388
"../../../Engine/Content/EngineSky/VolumetricClouds/CloudWeatherTexture.uexp" 389
"../../../Engine/Content/EngineSky/VolumetricClouds/CloudGradientTexture.uasset" 390
"../../../Engine/Content/EngineSky/VolumetricClouds/CloudGradientTexture.uexp" 391
"../../../Engine/Content/EngineSky/VolumetricClouds/m_SimpleVolumetricCloud.uasset" 392
"../../../Engine/Content/EngineSky/VolumetricClouds/m_SimpleVolumetricCloud.uexp" 393
"../../../Engine/Content/EngineSky/VolumetricClouds/m_SimpleVolumetricCloud_Inst.uasset" 394
"../../../Engine/Content/EngineSky/VolumetricClouds/m_SimpleVolumetricCloud_Inst.uexp" 395
"../../../Engine/Content/EngineSounds/Master.uasset" 396
"../../../Engine/Content/EngineSounds/Master.uexp" 397
"../../../Engine/Content/Functions/Engine_MaterialFunctions01/Shading/PowerToRoughness.uasset" 398
"../../../Engine/Content/Functions/Engine_MaterialFunctions01/Shading/PowerToRoughness.uexp" 399
"../../../Engine/Content/Maps/Templates/Thumbnails/Default.uasset" 400
"../../../Engine/Content/Maps/Templates/Thumbnails/Default.uexp" 401
"../../../Engine/Content/Maps/Templates/Thumbnails/TimeOfDay.uasset" 402
"../../../Engine/Content/Maps/Templates/Thumbnails/TimeOfDay.uexp" 403
"../../../Engine/Content/Maps/Templates/Thumbnails/VR-Basic.uasset" 404
"../../../Engine/Content/Maps/Templates/Thumbnails/VR-Basic.uexp" 405
"../../../Engine/Content/MobileResources/T_MobileControls_texture.uasset" 406
"../../../Engine/Content/MobileResources/T_MobileControls_texture.uexp" 407
"../../../Engine/Content/MobileResources/T_MobileMenu2.uasset" 408
"../../../Engine/Content/MobileResources/T_MobileMenu2.uexp" 409
"../../../Engine/Content/MobileResources/HUD/AnalogHat.uasset" 410
"../../../Engine/Content/MobileResources/HUD/AnalogHat.uexp" 411
"../../../Engine/Content/MobileResources/HUD/VirtualJoystick_Thumb.uasset" 412
"../../../Engine/Content/MobileResources/HUD/VirtualJoystick_Thumb.uexp" 413
"../../../Engine/Content/MobileResources/HUD/VirtualJoystick_Background.uasset" 414
"../../../Engine/Content/MobileResources/HUD/VirtualJoystick_Background.uexp" 415
"../../../Engine/Content/MobileResources/HUD/DefaultVirtualJoysticks.uasset" 416
"../../../Engine/Content/MobileResources/HUD/DefaultVirtualJoysticks.uexp" 417
"../../../Engine/Content/MobileResources/HUD/LeftVirtualJoystickOnly.uasset" 418
"../../../Engine/Content/MobileResources/HUD/LeftVirtualJoystickOnly.uexp" 419
"../../../Engine/Content/MobileResources/HUD/MobileHUDButton1_off.uasset" 420
"../../../Engine/Content/MobileResources/HUD/MobileHUDButton1_off.uexp" 421
"../../../Engine/Content/MobileResources/HUD/MobileHUDButton1_on.uasset" 422
"../../../Engine/Content/MobileResources/HUD/MobileHUDButton1_on.uexp" 423
"../../../Engine/Content/MobileResources/HUD/MobileHUDButton2_off.uasset" 424
"../../../Engine/Content/MobileResources/HUD/MobileHUDButton2_off.uexp" 425
"../../../Engine/Content/MobileResources/HUD/MobileHUDButton2_on.uasset" 426
"../../../Engine/Content/MobileResources/HUD/MobileHUDButton2_on.uexp" 427
"../../../Engine/Content/MobileResources/HUD/MobileHUDButton3.uasset" 428
"../../../Engine/Content/MobileResources/HUD/MobileHUDButton3.uexp" 429
"../../../Engine/Content/MobileResources/HUD/MobileHUDButtonFire.uasset" 430
"../../../Engine/Content/MobileResources/HUD/MobileHUDButtonFire.uexp" 431
"../../../Engine/Content/MobileResources/HUD/MobileHUDDirectionPad.uasset" 432
"../../../Engine/Content/MobileResources/HUD/MobileHUDDirectionPad.uexp" 433
"../../../Engine/Content/MobileResources/HUD/MobileHUDDirectionPad2.uasset" 434
"../../../Engine/Content/MobileResources/HUD/MobileHUDDirectionPad2.uexp" 435
"../../../Engine/Content/MobileResources/HUD/MobileHUDDirectionPad3.uasset" 436
"../../../Engine/Content/MobileResources/HUD/MobileHUDDirectionPad3.uexp" 437
"../../../Engine/Content/MobileResources/HUD/MobileHUDDirectionStick.uasset" 438
"../../../Engine/Content/MobileResources/HUD/MobileHUDDirectionStick.uexp" 439
"../../../Engine/Content/MobileResources/HUD/T_Castle_ThumbstickInner.uasset" 440
"../../../Engine/Content/MobileResources/HUD/T_Castle_ThumbstickInner.uexp" 441
"../../../Engine/Content/MobileResources/HUD/T_Castle_ThumbstickOutter.uasset" 442
"../../../Engine/Content/MobileResources/HUD/T_Castle_ThumbstickOutter.uexp" 443
"../../../Engine/Content/Tutorial/ContentIntroCurve.uasset" 444
"../../../Engine/Content/Tutorial/ContentIntroCurve.uexp" 445
"../../../Engine/Content/Tutorial/Basics/TutorialAssets/icon_tab_Levels_40x.uasset" 446
"../../../Engine/Content/Tutorial/Basics/TutorialAssets/icon_tab_Levels_40x.uexp" 447
"../../../Engine/Content/Tutorial/BlueprintTutorials/TutorialAssets/Blueprint_64x.uasset" 448
"../../../Engine/Content/Tutorial/BlueprintTutorials/TutorialAssets/Blueprint_64x.uexp" 449
"../../../Engine/Content/Tutorial/SubEditors/TutorialAssets/TutorialMaterial.uasset" 450
"../../../Engine/Content/Tutorial/SubEditors/TutorialAssets/TutorialMaterial.uexp" 451
"../../../Engine/Content/VREditor/TransformGizmo/TranslucentTransformGizmoMaterial.uasset" 452
"../../../Engine/Content/VREditor/TransformGizmo/TranslucentTransformGizmoMaterial.uexp" 453
"../../../Engine/Content/VREditor/LaserPointer/VR_LaserPower_01.uasset" 454
"../../../Engine/Content/VREditor/LaserPointer/VR_LaserPower_01.uexp" 455
"../../../Engine/Content/VREditor/LaserPointer/VR_LaserPower_01.ubulk" 456
"../../../Engine/Content/VREditor/TransformGizmo/TransformGizmoMaterial.uasset" 457
"../../../Engine/Content/VREditor/TransformGizmo/TransformGizmoMaterial.uexp" 458
"../../../Engine/Content/VREditor/TransformGizmo/BoundingBoxCorner.uasset" 459
"../../../Engine/Content/VREditor/TransformGizmo/BoundingBoxCorner.uexp" 460
"../../../Engine/Content/VREditor/TransformGizmo/BoundingBoxEdge.uasset" 461
"../../../Engine/Content/VREditor/TransformGizmo/BoundingBoxEdge.uexp" 462
"../../../Engine/Content/VREditor/TransformGizmo/PlaneTranslationHandle.uasset" 463
"../../../Engine/Content/VREditor/TransformGizmo/PlaneTranslationHandle.uexp" 464
"../../../Engine/Content/VREditor/TransformGizmo/Xray.uasset" 465
"../../../Engine/Content/VREditor/TransformGizmo/Xray.uexp" 466
"../../../Engine/Content/VREditor/TransformGizmo/Main.uasset" 467
"../../../Engine/Content/VREditor/TransformGizmo/Main.uexp" 468
"../../../Engine/Content/VREditor/TransformGizmo/SM_Sequencer_Key.uasset" 469
"../../../Engine/Content/VREditor/TransformGizmo/SM_Sequencer_Key.uexp" 470
"../../../Engine/Content/VREditor/TransformGizmo/SM_Sequencer_Node.uasset" 471
"../../../Engine/Content/VREditor/TransformGizmo/SM_Sequencer_Node.uexp" 472
"../../../Engine/Plugins/2D/Paper2D/Content/PlaceholderTextures/DummySpriteTexture.uasset" 473
"../../../Engine/Plugins/2D/Paper2D/Content/PlaceholderTextures/DummySpriteTexture.uexp" 474
"../../../Engine/Plugins/2D/Paper2D/Content/PlaceholderTextures/DummySpriteTexture.ubulk" 475
"../../../Engine/Plugins/2D/Paper2D/Content/DummySprite.uasset" 476
"../../../Engine/Plugins/2D/Paper2D/Content/DummySprite.uexp" 477
"../../../Engine/Plugins/2D/Paper2D/Content/DefaultPaperTerrainMaterial.uasset" 478
"../../../Engine/Plugins/2D/Paper2D/Content/DefaultPaperTerrainMaterial.uexp" 479
"../../../Engine/Plugins/2D/Paper2D/Content/DefaultSpriteMaterial.uasset" 480
"../../../Engine/Plugins/2D/Paper2D/Content/DefaultSpriteMaterial.uexp" 481
"../../../Engine/Plugins/2D/Paper2D/Content/MaskedUnlitSpriteMaterial.uasset" 482
"../../../Engine/Plugins/2D/Paper2D/Content/MaskedUnlitSpriteMaterial.uexp" 483
"../../../Engine/Plugins/2D/Paper2D/Content/OpaqueUnlitSpriteMaterial.uasset" 484
"../../../Engine/Plugins/2D/Paper2D/Content/OpaqueUnlitSpriteMaterial.uexp" 485
"../../../Engine/Content/Functions/Engine_MaterialFunctions02/Utility/VectorLength.uasset" 486
"../../../Engine/Content/Functions/Engine_MaterialFunctions02/Utility/VectorLength.uexp" 487
"../../../Engine/Content/Functions/Engine_MaterialFunctions02/ObjectLocalBounds.uasset" 488
"../../../Engine/Content/Functions/Engine_MaterialFunctions02/ObjectLocalBounds.uexp" 489
"../../../Engine/Content/Functions/Engine_MaterialFunctions02/WorldPositionOffset/ObjectScale.uasset" 490
"../../../Engine/Content/Functions/Engine_MaterialFunctions02/WorldPositionOffset/ObjectScale.uexp" 491
"../../../Engine/Content/Functions/Engine_MaterialFunctions02/Utility/BreakOutFloat3Components.uasset" 492
"../../../Engine/Content/Functions/Engine_MaterialFunctions02/Utility/BreakOutFloat3Components.uexp" 493
"../../../Engine/Plugins/Editor/SpeedTreeImporter/Content/SpeedTree9/UnpackInteger3.uasset" 494
"../../../Engine/Plugins/Editor/SpeedTreeImporter/Content/SpeedTree9/UnpackInteger3.uexp" 495
"../../../Engine/Plugins/Editor/SpeedTreeImporter/Content/SpeedTree9/UnpackDirection.uasset" 496
"../../../Engine/Plugins/Editor/SpeedTreeImporter/Content/SpeedTree9/UnpackDirection.uexp" 497
"../../../Engine/Plugins/Editor/SpeedTreeImporter/Content/SpeedTree9/game_wind_noise.uasset" 498
"../../../Engine/Plugins/Editor/SpeedTreeImporter/Content/SpeedTree9/game_wind_noise.uexp" 499
"../../../Engine/Plugins/Editor/SpeedTreeImporter/Content/SpeedTree9/game_wind_noise.ubulk" 500
"../../../Engine/Content/Functions/Engine_MaterialFunctions02/SafeNormalize.uasset" 501
"../../../Engine/Content/Functions/Engine_MaterialFunctions02/SafeNormalize.uexp" 502
"../../../Engine/Plugins/Editor/SpeedTreeImporter/Content/SpeedTree9/SpeedTreeWindMotion.uasset" 503
"../../../Engine/Plugins/Editor/SpeedTreeImporter/Content/SpeedTree9/SpeedTreeWindMotion.uexp" 504
"../../../Engine/Plugins/Editor/SpeedTreeImporter/Content/SpeedTree9/SpeedTreeBranchMotion.uasset" 505
"../../../Engine/Plugins/Editor/SpeedTreeImporter/Content/SpeedTree9/SpeedTreeBranchMotion.uexp" 506
"../../../Engine/Content/Functions/Engine_MaterialFunctions02/UVs/BoundingBoxBased_0-1_UVW.uasset" 507
"../../../Engine/Content/Functions/Engine_MaterialFunctions02/UVs/BoundingBoxBased_0-1_UVW.uexp" 508
"../../../Engine/Plugins/Editor/SpeedTreeImporter/Content/SpeedTree9/SpeedTreeWind.uasset" 509
"../../../Engine/Plugins/Editor/SpeedTreeImporter/Content/SpeedTree9/SpeedTreeWind.uexp" 510
"../../../Engine/Plugins/Editor/SpeedTreeImporter/Content/SpeedTree9/SpeedTreeBillboard.uasset" 511
"../../../Engine/Plugins/Editor/SpeedTreeImporter/Content/SpeedTree9/SpeedTreeBillboard.uexp" 512
"../../../Engine/Plugins/Editor/SpeedTreeImporter/Content/SpeedTree9/EmptyNormal.uasset" 513
"../../../Engine/Plugins/Editor/SpeedTreeImporter/Content/SpeedTree9/EmptyNormal.uexp" 514
"../../../Engine/Plugins/Editor/SpeedTreeImporter/Content/SpeedTree9/Empty.uasset" 515
"../../../Engine/Plugins/Editor/SpeedTreeImporter/Content/SpeedTree9/Empty.uexp" 516
"../../../Engine/Plugins/Editor/SpeedTreeImporter/Content/SpeedTree9/SpeedTreeBillboardMaster.uasset" 517
"../../../Engine/Plugins/Editor/SpeedTreeImporter/Content/SpeedTree9/SpeedTreeBillboardMaster.uexp" 518
"../../../Engine/Plugins/Editor/SpeedTreeImporter/Content/SpeedTree9/SpeedTreeCameraFacing.uasset" 519
"../../../Engine/Plugins/Editor/SpeedTreeImporter/Content/SpeedTree9/SpeedTreeCameraFacing.uexp" 520
"../../../Engine/Plugins/Editor/SpeedTreeImporter/Content/SpeedTree9/SpeedTreeMaster.uasset" 521
"../../../Engine/Plugins/Editor/SpeedTreeImporter/Content/SpeedTree9/SpeedTreeMaster.uexp" 522
"../../../Engine/Content/ArtTools/RenderToTexture/Materials/Debug/M_Emissive_Color.uasset" 523
"../../../Engine/Content/ArtTools/RenderToTexture/Materials/Debug/M_Emissive_Color.uexp" 524
"../../../Engine/Content/BasicShapes/Cylinder.uasset" 525
"../../../Engine/Content/BasicShapes/Cylinder.uexp" 526
"../../../Engine/Plugins/Lumin/MagicLeapPassableWorld/Content/MagicLeapARPinInfoActor.uasset" 527
"../../../Engine/Plugins/Lumin/MagicLeapPassableWorld/Content/MagicLeapARPinInfoActor.uexp" 528
"../../../Engine/Plugins/Runtime/OpenXR/Content/Devices/GoogleDaydream/MRTexture.uasset" 529
"../../../Engine/Plugins/Runtime/OpenXR/Content/Devices/GoogleDaydream/MRTexture.uexp" 530
"../../../Engine/Plugins/Runtime/OpenXR/Content/Devices/GoogleDaydream/MRTexture.ubulk" 531
"../../../Engine/Plugins/Runtime/OpenXR/Content/Devices/GoogleDaydream/BaseTexture.uasset" 532
"../../../Engine/Plugins/Runtime/OpenXR/Content/Devices/GoogleDaydream/BaseTexture.uexp" 533
"../../../Engine/Plugins/Runtime/OpenXR/Content/Devices/GoogleDaydream/BaseTexture.ubulk" 534
"../../../Engine/Plugins/Runtime/OpenXR/Content/Devices/M_XRController.uasset" 535
"../../../Engine/Plugins/Runtime/OpenXR/Content/Devices/M_XRController.uexp" 536
"../../../Engine/Plugins/Runtime/OpenXR/Content/Devices/GoogleDaydream/MI_GoogleDaydream.uasset" 537
"../../../Engine/Plugins/Runtime/OpenXR/Content/Devices/GoogleDaydream/MI_GoogleDaydream.uexp" 538
"../../../Engine/Plugins/Runtime/OpenXR/Content/Devices/GoogleDaydream/GoogleDaydreamController.uasset" 539
"../../../Engine/Plugins/Runtime/OpenXR/Content/Devices/GoogleDaydream/GoogleDaydreamController.uexp" 540
"../../../Engine/Plugins/Runtime/OpenXR/Content/Devices/HTCVive/BaseTexture.uasset" 541
"../../../Engine/Plugins/Runtime/OpenXR/Content/Devices/HTCVive/BaseTexture.uexp" 542
"../../../Engine/Plugins/Runtime/OpenXR/Content/Devices/HTCVive/BaseTexture.ubulk" 543
"../../../Engine/Plugins/Runtime/OpenXR/Content/Devices/HTCVive/MI_HTCVive.uasset" 544
"../../../Engine/Plugins/Runtime/OpenXR/Content/Devices/HTCVive/MI_HTCVive.uexp" 545
"../../../Engine/Plugins/Runtime/OpenXR/Content/Devices/HTCVive/HTCViveController.uasset" 546
"../../../Engine/Plugins/Runtime/OpenXR/Content/Devices/HTCVive/HTCViveController.uexp" 547
"../../../Engine/Plugins/Runtime/OpenXR/Content/Devices/MicrosoftMixedReality/NormalTexture.uasset" 548
"../../../Engine/Plugins/Runtime/OpenXR/Content/Devices/MicrosoftMixedReality/NormalTexture.uexp" 549
"../../../Engine/Plugins/Runtime/OpenXR/Content/Devices/MicrosoftMixedReality/NormalTexture.ubulk" 550
"../../../Engine/Plugins/Runtime/OpenXR/Content/Devices/MicrosoftMixedReality/MRTexture.uasset" 551
"../../../Engine/Plugins/Runtime/OpenXR/Content/Devices/MicrosoftMixedReality/MRTexture.uexp" 552
"../../../Engine/Plugins/Runtime/OpenXR/Content/Devices/MicrosoftMixedReality/MRTexture.ubulk" 553
"../../../Engine/Plugins/Runtime/OpenXR/Content/Devices/MicrosoftMixedReality/EmissiveTexture.uasset" 554
"../../../Engine/Plugins/Runtime/OpenXR/Content/Devices/MicrosoftMixedReality/EmissiveTexture.uexp" 555
"../../../Engine/Plugins/Runtime/OpenXR/Content/Devices/MicrosoftMixedReality/EmissiveTexture.ubulk" 556
"../../../Engine/Plugins/Runtime/OpenXR/Content/Devices/MicrosoftMixedReality/BaseTexture.uasset" 557
"../../../Engine/Plugins/Runtime/OpenXR/Content/Devices/MicrosoftMixedReality/BaseTexture.uexp" 558
"../../../Engine/Plugins/Runtime/OpenXR/Content/Devices/MicrosoftMixedReality/BaseTexture.ubulk" 559
"../../../Engine/Plugins/Runtime/OpenXR/Content/Devices/MicrosoftMixedReality/MI_MicrosoftMixedReality.uasset" 560
"../../../Engine/Plugins/Runtime/OpenXR/Content/Devices/MicrosoftMixedReality/MI_MicrosoftMixedReality.uexp" 561
"../../../Engine/Plugins/Runtime/OpenXR/Content/Devices/MicrosoftMixedReality/Left/left_MicrosoftMixedRealityController.uasset" 562
"../../../Engine/Plugins/Runtime/OpenXR/Content/Devices/MicrosoftMixedReality/Left/left_MicrosoftMixedRealityController.uexp" 563
"../../../Engine/Plugins/Runtime/OpenXR/Content/Devices/MicrosoftMixedReality/Right/right_MicrosoftMixedRealityController.uasset" 564
"../../../Engine/Plugins/Runtime/OpenXR/Content/Devices/MicrosoftMixedReality/Right/right_MicrosoftMixedRealityController.uexp" 565
"../../../Engine/Plugins/Runtime/OpenXR/Content/Devices/OculusGo/BaseTexture.uasset" 566
"../../../Engine/Plugins/Runtime/OpenXR/Content/Devices/OculusGo/BaseTexture.uexp" 567
"../../../Engine/Plugins/Runtime/OpenXR/Content/Devices/OculusGo/BaseTexture.ubulk" 568
"../../../Engine/Plugins/Runtime/OpenXR/Content/Devices/OculusGo/MI_OculusGo.uasset" 569
"../../../Engine/Plugins/Runtime/OpenXR/Content/Devices/OculusGo/MI_OculusGo.uexp" 570
"../../../Engine/Plugins/Runtime/OpenXR/Content/Devices/OculusGo/OculusGoController.uasset" 571
"../../../Engine/Plugins/Runtime/OpenXR/Content/Devices/OculusGo/OculusGoController.uexp" 572
"../../../Engine/Plugins/Runtime/OpenXR/Content/Devices/OculusTouch/MRTexture.uasset" 573
"../../../Engine/Plugins/Runtime/OpenXR/Content/Devices/OculusTouch/MRTexture.uexp" 574
"../../../Engine/Plugins/Runtime/OpenXR/Content/Devices/OculusTouch/MRTexture.ubulk" 575
"../../../Engine/Plugins/Runtime/OpenXR/Content/Devices/OculusTouch/BaseTexture.uasset" 576
"../../../Engine/Plugins/Runtime/OpenXR/Content/Devices/OculusTouch/BaseTexture.uexp" 577
"../../../Engine/Plugins/Runtime/OpenXR/Content/Devices/OculusTouch/BaseTexture.ubulk" 578
"../../../Engine/Plugins/Runtime/OpenXR/Content/Devices/OculusTouch/MI_OculusTouch.uasset" 579
"../../../Engine/Plugins/Runtime/OpenXR/Content/Devices/OculusTouch/MI_OculusTouch.uexp" 580
"../../../Engine/Plugins/Runtime/OpenXR/Content/Devices/OculusTouch/Left/left_OculusTouchController.uasset" 581
"../../../Engine/Plugins/Runtime/OpenXR/Content/Devices/OculusTouch/Left/left_OculusTouchController.uexp" 582
"../../../Engine/Plugins/Runtime/OpenXR/Content/Devices/OculusTouch/Right/right_OculusTouchController.uasset" 583
"../../../Engine/Plugins/Runtime/OpenXR/Content/Devices/OculusTouch/Right/right_OculusTouchController.uexp" 584
"../../../Engine/Plugins/Runtime/OpenXR/Content/Devices/OculusTouch_v2/MRTexture.uasset" 585
"../../../Engine/Plugins/Runtime/OpenXR/Content/Devices/OculusTouch_v2/MRTexture.uexp" 586
"../../../Engine/Plugins/Runtime/OpenXR/Content/Devices/OculusTouch_v2/MRTexture.ubulk" 587
"../../../Engine/Plugins/Runtime/OpenXR/Content/Devices/OculusTouch_v2/BaseTexture.uasset" 588
"../../../Engine/Plugins/Runtime/OpenXR/Content/Devices/OculusTouch_v2/BaseTexture.uexp" 589
"../../../Engine/Plugins/Runtime/OpenXR/Content/Devices/OculusTouch_v2/BaseTexture.ubulk" 590
"../../../Engine/Plugins/Runtime/OpenXR/Content/Devices/OculusTouch_v2/MI_OculusTouch_v2.uasset" 591
"../../../Engine/Plugins/Runtime/OpenXR/Content/Devices/OculusTouch_v2/MI_OculusTouch_v2.uexp" 592
"../../../Engine/Plugins/Runtime/OpenXR/Content/Devices/OculusTouch_v2/Left/left_OculusTouch_v2Controller.uasset" 593
"../../../Engine/Plugins/Runtime/OpenXR/Content/Devices/OculusTouch_v2/Left/left_OculusTouch_v2Controller.uexp" 594
"../../../Engine/Plugins/Runtime/OpenXR/Content/Devices/OculusTouch_v2/Right/right_OculusTouch_v2Controller.uasset" 595
"../../../Engine/Plugins/Runtime/OpenXR/Content/Devices/OculusTouch_v2/Right/right_OculusTouch_v2Controller.uexp" 596
"../../../Engine/Plugins/Runtime/OpenXR/Content/Devices/OculusTouch_v3/MRTexture.uasset" 597
"../../../Engine/Plugins/Runtime/OpenXR/Content/Devices/OculusTouch_v3/MRTexture.uexp" 598
"../../../Engine/Plugins/Runtime/OpenXR/Content/Devices/OculusTouch_v3/MRTexture.ubulk" 599
"../../../Engine/Plugins/Runtime/OpenXR/Content/Devices/OculusTouch_v3/BaseTexture.uasset" 600
"../../../Engine/Plugins/Runtime/OpenXR/Content/Devices/OculusTouch_v3/BaseTexture.uexp" 601
"../../../Engine/Plugins/Runtime/OpenXR/Content/Devices/OculusTouch_v3/BaseTexture.ubulk" 602
"../../../Engine/Plugins/Runtime/OpenXR/Content/Devices/OculusTouch_v3/MI_OculusTouch_v3.uasset" 603
"../../../Engine/Plugins/Runtime/OpenXR/Content/Devices/OculusTouch_v3/MI_OculusTouch_v3.uexp" 604
"../../../Engine/Plugins/Runtime/OpenXR/Content/Devices/OculusTouch_v3/Left/left_OculusTouch_v3Controller.uasset" 605
"../../../Engine/Plugins/Runtime/OpenXR/Content/Devices/OculusTouch_v3/Left/left_OculusTouch_v3Controller.uexp" 606
"../../../Engine/Plugins/Runtime/OpenXR/Content/Devices/OculusTouch_v3/Right/right_OculusTouch_v3Controller.uasset" 607
"../../../Engine/Plugins/Runtime/OpenXR/Content/Devices/OculusTouch_v3/Right/right_OculusTouch_v3Controller.uexp" 608
"../../../Engine/Plugins/Runtime/OpenXR/Content/Devices/ValveIndex/MRTexture.uasset" 609
"../../../Engine/Plugins/Runtime/OpenXR/Content/Devices/ValveIndex/MRTexture.uexp" 610
"../../../Engine/Plugins/Runtime/OpenXR/Content/Devices/ValveIndex/MRTexture.ubulk" 611
"../../../Engine/Plugins/Runtime/OpenXR/Content/Devices/ValveIndex/BaseTexture.uasset" 612
"../../../Engine/Plugins/Runtime/OpenXR/Content/Devices/ValveIndex/BaseTexture.uexp" 613
"../../../Engine/Plugins/Runtime/OpenXR/Content/Devices/ValveIndex/BaseTexture.ubulk" 614
"../../../Engine/Plugins/Runtime/OpenXR/Content/Devices/ValveIndex/Left/MI_left_ValveIndex.uasset" 615
"../../../Engine/Plugins/Runtime/OpenXR/Content/Devices/ValveIndex/Left/MI_left_ValveIndex.uexp" 616
"../../../Engine/Plugins/Runtime/OpenXR/Content/Devices/ValveIndex/Left/left_ValveIndexController.uasset" 617
"../../../Engine/Plugins/Runtime/OpenXR/Content/Devices/ValveIndex/Left/left_ValveIndexController.uexp" 618
"../../../Engine/Plugins/Runtime/OpenXR/Content/Devices/ValveIndex/Right/MI_right_ValveIndex.uasset" 619
"../../../Engine/Plugins/Runtime/OpenXR/Content/Devices/ValveIndex/Right/MI_right_ValveIndex.uexp" 620
"../../../Engine/Plugins/Runtime/OpenXR/Content/Devices/ValveIndex/Right/right_ValveIndexController.uasset" 621
"../../../Engine/Plugins/Runtime/OpenXR/Content/Devices/ValveIndex/Right/right_ValveIndexController.uexp" 622
"../../../Engine/Content/Functions/Engine_MaterialFunctions02/Utility/MakeFloat3.uasset" 623
"../../../Engine/Content/Functions/Engine_MaterialFunctions02/Utility/MakeFloat3.uexp" 624
"../../../Engine/Content/Functions/Engine_MaterialFunctions02/Utility/BreakOutFloat4Components.uasset" 625
"../../../Engine/Content/Functions/Engine_MaterialFunctions02/Utility/BreakOutFloat4Components.uexp" 626
"../../../Engine/Plugins/Runtime/Oculus/OculusVR/Content/Materials/OculusMR_ChromaKey.uasset" 627
"../../../Engine/Plugins/Runtime/Oculus/OculusVR/Content/Materials/OculusMR_ChromaKey.uexp" 628
"../../../Engine/Plugins/Runtime/Oculus/OculusVR/Content/Materials/OculusMR_OpaqueColoredMaterial.uasset" 629
"../../../Engine/Plugins/Runtime/Oculus/OculusVR/Content/Materials/OculusMR_OpaqueColoredMaterial.uexp" 630
"../../../Engine/Plugins/Runtime/Oculus/OculusVR/Content/Materials/PokeAHoleMaterial.uasset" 631
"../../../Engine/Plugins/Runtime/Oculus/OculusVR/Content/Materials/PokeAHoleMaterial.uexp" 632
"../../../Engine/Plugins/Runtime/Oculus/OculusVR/Content/Textures/touchController_controlmap.uasset" 633
"../../../Engine/Plugins/Runtime/Oculus/OculusVR/Content/Textures/touchController_controlmap.uexp" 634
"../../../Engine/Plugins/Runtime/Oculus/OculusVR/Content/Textures/touchController_controlmap.ubulk" 635
"../../../Engine/Plugins/Runtime/Oculus/OculusVR/Content/Textures/touchController_albedo.uasset" 636
"../../../Engine/Plugins/Runtime/Oculus/OculusVR/Content/Textures/touchController_albedo.uexp" 637
"../../../Engine/Plugins/Runtime/Oculus/OculusVR/Content/Textures/touchController_albedo.ubulk" 638
"../../../Engine/Plugins/Runtime/Oculus/OculusVR/Content/Materials/touchController_mat.uasset" 639
"../../../Engine/Plugins/Runtime/Oculus/OculusVR/Content/Materials/touchController_mat.uexp" 640
"../../../Engine/Plugins/Runtime/Oculus/OculusVR/Content/Meshes/LeftTouchController.uasset" 641
"../../../Engine/Plugins/Runtime/Oculus/OculusVR/Content/Meshes/LeftTouchController.uexp" 642
"../../../Engine/Plugins/Runtime/Oculus/OculusVR/Content/Textures/TouchForQuestRiftSController_albedo.uasset" 643
"../../../Engine/Plugins/Runtime/Oculus/OculusVR/Content/Textures/TouchForQuestRiftSController_albedo.uexp" 644
"../../../Engine/Plugins/Runtime/Oculus/OculusVR/Content/Textures/TouchForQuestRiftSController_albedo.ubulk" 645
"../../../Engine/Plugins/Runtime/Oculus/OculusVR/Content/Materials/TouchForQuestRiftSControllerMaterial.uasset" 646
"../../../Engine/Plugins/Runtime/Oculus/OculusVR/Content/Materials/TouchForQuestRiftSControllerMaterial.uexp" 647
"../../../Engine/Plugins/Runtime/Oculus/OculusVR/Content/Meshes/LeftTouchForQuestRiftSController.uasset" 648
"../../../Engine/Plugins/Runtime/Oculus/OculusVR/Content/Meshes/LeftTouchForQuestRiftSController.uexp" 649
"../../../Engine/Plugins/Runtime/Oculus/OculusVR/Content/Meshes/RiftHMD.uasset" 650
"../../../Engine/Plugins/Runtime/Oculus/OculusVR/Content/Meshes/RiftHMD.uexp" 651
"../../../Engine/Plugins/Runtime/Oculus/OculusVR/Content/Meshes/RightTouchController.uasset" 652
"../../../Engine/Plugins/Runtime/Oculus/OculusVR/Content/Meshes/RightTouchController.uexp" 653
"../../../Engine/Plugins/Runtime/Oculus/OculusVR/Content/Meshes/RightTouchForQuestRiftSController.uasset" 654
"../../../Engine/Plugins/Runtime/Oculus/OculusVR/Content/Meshes/RightTouchForQuestRiftSController.uexp" 655
"../../../Engine/Content/BasicShapes/Plane.uasset" 656
"../../../Engine/Content/BasicShapes/Plane.uexp" 657
"../../../Engine/Content/Functions/Engine_MaterialFunctions02/Utility/MakeFloat4.uasset" 658
"../../../Engine/Content/Functions/Engine_MaterialFunctions02/Utility/MakeFloat4.uexp" 659
"D:/UnrealProjects/Classroom/Content/Clickable/M_ClickableHightlight.uasset" 660
"D:/UnrealProjects/Classroom/Content/Clickable/M_ClickableHightlight.uexp" 661
"D:/UnrealProjects/Classroom/Content/Clickable/MI_ClickableHighlight.uasset" 662
"D:/UnrealProjects/Classroom/Content/Clickable/MI_ClickableHighlight.uexp" 663
"D:/UnrealProjects/Classroom/Content/Level/Classroom.uexp" 664
"D:/UnrealProjects/Classroom/Content/Level/Classroom.umap" 665
