Log file open, 05/03/23 19:59:55
LogWindows: Failed to load 'aqProf.dll' (GetLastError=126)
LogWindows: File 'aqProf.dll' does not exist
LogWindows: Failed to load 'VtuneApi.dll' (GetLastError=126)
LogWindows: File 'VtuneApi.dll' does not exist
LogWindows: Failed to load 'VtuneApi32e.dll' (GetLastError=126)
LogWindows: File 'VtuneApi32e.dll' does not exist
LogConsoleResponse: Display: Failed to find resolution value strings in scalability ini. Falling back to default.
LogConsoleResponse: Display: Failed to find resolution value strings in scalability ini. Falling back to default.
LogInit: Display: Running engine for game: Classroom
LogPlatformFile: Not using cached read wrapper
LogTaskGraph: Started task graph with 5 named threads and 14 total threads with 3 sets of task threads.
LogStats: Stats thread started at 4.404156
LogICUInternationalization: ICU TimeZone Detection - Raw Offset: +8:00, Platform Override: ''
LogInit: Display: Loading text-based GConfig....
LogPluginManager: Mounting plugin MeshPainting
LogPluginManager: Mounting plugin XGEController
LogPluginManager: Mounting plugin Paper2D
LogPluginManager: Mounting plugin AISupport
LogPluginManager: Mounting plugin EnvironmentQueryEditor
LogPluginManager: Mounting plugin LightPropagationVolume
LogPluginManager: Mounting plugin CameraShakePreviewer
LogPluginManager: Mounting plugin GameplayCameras
LogPluginManager: Mounting plugin OodleData
LogPluginManager: Mounting plugin AnimationSharing
LogPluginManager: Mounting plugin OodleNetwork
LogPluginManager: Mounting plugin CLionSourceCodeAccess
LogPluginManager: Mounting plugin CodeLiteSourceCodeAccess
LogPluginManager: Mounting plugin GitSourceControl
LogPluginManager: Mounting plugin KDevelopSourceCodeAccess
LogPluginManager: Mounting plugin NullSourceCodeAccess
LogPluginManager: Mounting plugin PerforceSourceControl
LogPluginManager: Mounting plugin PixWinPlugin
LogPluginManager: Mounting plugin PlasticSourceControl
LogPluginManager: Mounting plugin PluginUtils
LogPluginManager: Mounting plugin PropertyAccessNode
LogPluginManager: Mounting plugin RiderSourceCodeAccess
LogPluginManager: Mounting plugin SubversionSourceControl
LogPluginManager: Mounting plugin TextureFormatOodle
LogPluginManager: Mounting plugin UObjectPlugin
LogPluginManager: Mounting plugin VisualStudioCodeSourceCodeAccess
LogPluginManager: Mounting plugin VisualStudioSourceCodeAccess
LogPluginManager: Mounting plugin XCodeSourceCodeAccess
LogPluginManager: Mounting plugin AssetManagerEditor
LogPluginManager: Mounting plugin CryptoKeys
LogPluginManager: Mounting plugin CurveEditorTools
LogPluginManager: Mounting plugin DataValidation
LogPluginManager: Mounting plugin FacialAnimation
LogPluginManager: Mounting plugin GameplayTagsEditor
LogPluginManager: Mounting plugin GeometryMode
LogPluginManager: Mounting plugin MacGraphicsSwitching
LogPluginManager: Mounting plugin MaterialAnalyzer
LogPluginManager: Mounting plugin MobileLauncherProfileWizard
LogPluginManager: Mounting plugin PluginBrowser
LogPluginManager: Mounting plugin SpeedTreeImporter
LogPluginManager: Mounting plugin DatasmithContent
LogPluginManager: Mounting plugin VariantManagerContent
LogPluginManager: Mounting plugin AlembicImporter
LogPluginManager: Mounting plugin AutomationUtils
LogPluginManager: Mounting plugin BackChannel
LogPluginManager: Mounting plugin ChaosCloth
LogPluginManager: Mounting plugin ChaosClothEditor
LogPluginManager: Mounting plugin ChaosEditor
LogPluginManager: Mounting plugin ChaosNiagara
LogPluginManager: Mounting plugin ChaosSolverPlugin
LogPluginManager: Mounting plugin CharacterAI
LogPluginManager: Mounting plugin GeometryCache
LogPluginManager: Mounting plugin GeometryCollectionPlugin
LogPluginManager: Mounting plugin GeometryProcessing
LogPluginManager: Mounting plugin MotoSynth
LogPluginManager: Mounting plugin OpenImageDenoise
LogPluginManager: Mounting plugin PlanarCut
LogPluginManager: Mounting plugin PlatformCrypto
LogPluginManager: Mounting plugin ProxyLODPlugin
LogPluginManager: Mounting plugin PythonScriptPlugin
LogPluginManager: Mounting plugin SkeletalReduction
LogPluginManager: Mounting plugin Niagara
LogPluginManager: Mounting plugin LuminPlatformFeatures
LogPluginManager: Mounting plugin MagicLeap
LogPluginManager: Mounting plugin MagicLeapLightEstimation
LogPluginManager: Mounting plugin MagicLeapMedia
LogPluginManager: Mounting plugin MagicLeapPassableWorld
LogPluginManager: Mounting plugin MLSDK
LogPluginManager: Mounting plugin AndroidMedia
LogPluginManager: Mounting plugin AvfMedia
LogPluginManager: Mounting plugin ImgMedia
LogPluginManager: Mounting plugin MediaCompositing
LogPluginManager: Mounting plugin MediaPlayerEditor
LogPluginManager: Mounting plugin WebMMedia
LogPluginManager: Mounting plugin WmfMedia
LogPluginManager: Mounting plugin LiveLink
LogPluginManager: Mounting plugin TcpMessaging
LogPluginManager: Mounting plugin UdpMessaging
LogPluginManager: Mounting plugin ActorSequence
LogPluginManager: Mounting plugin LevelSequenceEditor
LogPluginManager: Mounting plugin MatineeToLevelSequence
LogPluginManager: Mounting plugin TemplateSequence
LogPluginManager: Mounting plugin OnlineSubsystem
LogPluginManager: Mounting plugin OnlineSubsystemNull
LogPluginManager: Mounting plugin OnlineSubsystemUtils
LogPluginManager: Mounting plugin LauncherChunkInstaller
LogPluginManager: Mounting plugin ActorLayerUtilities
LogPluginManager: Mounting plugin AndroidDeviceProfileSelector
LogPluginManager: Mounting plugin AndroidMoviePlayer
LogPluginManager: Mounting plugin AndroidPermission
LogPluginManager: Mounting plugin AppleImageUtils
LogPluginManager: Mounting plugin AppleMoviePlayer
LogPluginManager: Mounting plugin ArchVisCharacter
LogPluginManager: Mounting plugin AssetTags
LogPluginManager: Mounting plugin AudioCapture
LogPluginManager: Mounting plugin AudioSynesthesia
LogPluginManager: Mounting plugin CableComponent
LogPluginManager: Mounting plugin ChunkDownloader
LogPluginManager: Mounting plugin CustomMeshComponent
LogPluginManager: Mounting plugin EditableMesh
LogPluginManager: Mounting plugin ExampleDeviceProfileSelector
LogPluginManager: Mounting plugin GoogleCloudMessaging
LogPluginManager: Mounting plugin GooglePAD
LogPluginManager: Mounting plugin IOSDeviceProfileSelector
LogPluginManager: Mounting plugin LinuxDeviceProfileSelector
LogPluginManager: Mounting plugin LocationServicesBPLibrary
LogPluginManager: Mounting plugin MobilePatchingUtils
LogPluginManager: Mounting plugin OpenXR
LogPluginManager: Mounting plugin OpenXREyeTracker
LogPluginManager: Mounting plugin OpenXRHandTracking
LogPluginManager: Mounting plugin PhysXVehicles
LogPluginManager: Mounting plugin PostSplashScreen
LogPluginManager: Mounting plugin ProceduralMeshComponent
LogPluginManager: Mounting plugin PropertyAccessEditor
LogPluginManager: Mounting plugin RuntimePhysXCooking
LogPluginManager: Mounting plugin SoundFields
LogPluginManager: Mounting plugin SignificanceManager
LogPluginManager: Mounting plugin Synthesis
LogPluginManager: Mounting plugin WebMMoviePlayer
LogPluginManager: Mounting plugin WindowsMoviePlayer
LogPluginManager: Mounting plugin ScreenshotTools
LogPluginManager: Mounting plugin Takes
LogPluginManager: Mounting plugin ContentBrowserAssetDataSource
LogPluginManager: Mounting plugin ContentBrowserClassDataSource
LogPluginManager: Mounting plugin ContentBrowserFileDataSource
LogPluginManager: Mounting plugin OnlineSubsystemGooglePlay
LogPluginManager: Mounting plugin OnlineSubsystemIOS
LogPluginManager: Mounting plugin VivoxVoiceChat
LogPluginManager: Mounting plugin OculusVR
LogPluginManager: Mounting plugin SteamVR
LogPluginManager: Mounting plugin PlayFab
LogPluginManager: Mounting plugin RealTimeImport
LogPluginManager: Mounting plugin UniversalVoiceChatPro
LogPluginManager: Mounting plugin VaRest
LogPluginManager: Mounting plugin RuntimeFilesDownloader
PixWinPlugin: PIX capture plugin failed to initialize! Check that the process is launched from PIX.
LogLuminAPIImpl: Warning: MLSDK not found.  This likely means the MLSDK environment variable is not set.
LogInit: Using libcurl 7.55.1-DEV
LogInit:  - built for x86_64-pc-win32
LogInit:  - supports SSL with OpenSSL/1.1.1
LogInit:  - supports HTTP deflate (compression) using libz 1.2.8
LogInit:  - other features:
LogInit:      CURL_VERSION_SSL
LogInit:      CURL_VERSION_LIBZ
LogInit:      CURL_VERSION_IPV6
LogInit:      CURL_VERSION_ASYNCHDNS
LogInit:      CURL_VERSION_LARGEFILE
LogInit:      CURL_VERSION_IDN
LogInit:  CurlRequestOptions (configurable via config and command line):
LogInit:  - bVerifyPeer = true  - Libcurl will verify peer certificate
LogInit:  - bUseHttpProxy = false  - Libcurl will NOT use HTTP proxy
LogInit:  - bDontReuseConnections = false  - Libcurl will reuse connections
LogInit:  - MaxHostConnections = 16  - Libcurl will limit the number of connections to a host
LogInit:  - LocalHostAddr = Default
LogInit:  - BufferSize = 65536
LogOnline: OSS: Creating online subsystem instance for: NULL
LogInit: WinSock: version 1.1 (2.2), MaxSocks=32767, MaxUdp=65467
LogOnline: OSS: TryLoadSubsystemAndSetDefault: Loaded subsystem for module [NULL]
LogOculusPluginWrapper: OculusPlugin initialized successfully
LogHMD: Failed initializing OVRPlugin 1.59.0
LogInit: Build: ++UE4+Release-4.27-CL-0
LogInit: Engine Version: 4.27.2-0+++UE4+Release-4.27
LogInit: Compatible Engine Version: 4.27.0-0+++UE4+Release-4.27
LogInit: Net CL: 0
LogInit: OS: Windows 10 (Release 2009) (), CPU: Intel(R) Xeon(R) CPU E5-1603 v3 @ 2.80GHz, GPU: NVIDIA GeForce GT 710
LogInit: Compiled (64-bit): Apr 19 2023 17:50:58
LogInit: Compiled with Visual C++: 19.34.31937.00
LogInit: Build Configuration: Development
LogInit: Branch Name: ++UE4+Release-4.27
LogInit: Command Line: 
LogInit: Base Directory: D:/UnrealSource/UnrealEngine-4.27/Engine/Binaries/Win64/
LogInit: Allocator: TBB
LogInit: Installed Engine Build: 0
LogDevObjectVersion: Number of dev versions registered: 29
LogDevObjectVersion:   Dev-Blueprints (B0D832E4-1F89-4F0D-ACCF-7EB736FD4AA2): 10
LogDevObjectVersion:   Dev-Build (E1C64328-A22C-4D53-A36C-8E866417BD8C): 0
LogDevObjectVersion:   Dev-Core (375EC13C-06E4-48FB-B500-84F0262A717E): 4
LogDevObjectVersion:   Dev-Editor (E4B068ED-F494-42E9-A231-DA0B2E46BB41): 40
LogDevObjectVersion:   Dev-Framework (CFFC743F-43B0-4480-9391-14DF171D2073): 37
LogDevObjectVersion:   Dev-Mobile (B02B49B5-BB20-44E9-A304-32B752E40360): 3
LogDevObjectVersion:   Dev-Networking (A4E4105C-59A1-49B5-A7C5-40C4547EDFEE): 0
LogDevObjectVersion:   Dev-Online (39C831C9-5AE6-47DC-9A44-9C173E1C8E7C): 0
LogDevObjectVersion:   Dev-Physics (78F01B33-EBEA-4F98-B9B4-84EACCB95AA2): 14
LogDevObjectVersion:   Dev-Platform (6631380F-2D4D-43E0-8009-CF276956A95A): 0
LogDevObjectVersion:   Dev-Rendering (12F88B9F-8875-4AFC-A67C-D90C383ABD29): 45
LogDevObjectVersion:   Dev-Sequencer (7B5AE74C-D270-4C10-A958-57980B212A5A): 13
LogDevObjectVersion:   Dev-VR (D7296918-1DD6-4BDD-9DE2-64A83CC13884): 3
LogDevObjectVersion:   Dev-LoadTimes (C2A15278-BFE7-4AFE-6C17-90FF531DF755): 1
LogDevObjectVersion:   Private-Geometry (6EACA3D4-40EC-4CC1-B786-8BED09428FC5): 3
LogDevObjectVersion:   Dev-AnimPhys (29E575DD-E0A3-4627-9D10-D276232CDCEA): 17
LogDevObjectVersion:   Dev-Anim (AF43A65D-7FD3-4947-9873-3E8ED9C1BB05): 15
LogDevObjectVersion:   Dev-ReflectionCapture (6B266CEC-1EC7-4B8F-A30B-E4D90942FC07): 1
LogDevObjectVersion:   Dev-Automation (0DF73D61-A23F-47EA-B727-89E90C41499A): 1
LogDevObjectVersion:   FortniteMain (601D1886-AC64-4F84-AA16-D3DE0DEAC7D6): 47
LogDevObjectVersion:   FortniteRelease (E7086368-6B23-4C58-8439-1B7016265E91): 1
LogDevObjectVersion:   Dev-Enterprise (9DFFBCD6-494F-0158-E221-12823C92A888): 10
LogDevObjectVersion:   Dev-Niagara (F2AED0AC-9AFE-416F-8664-AA7FFA26D6FC): 1
LogDevObjectVersion:   Dev-Destruction (174F1F0B-B4C6-45A5-B13F-2EE8D0FB917D): 10
LogDevObjectVersion:   Dev-Physics-Ext (35F94A83-E258-406C-A318-09F59610247C): 41
LogDevObjectVersion:   Dev-PhysicsMaterial-Chaos (B68FC16E-8B1B-42E2-B453-215C058844FE): 1
LogDevObjectVersion:   Dev-CineCamera (B2E18506-4273-CFC2-A54E-F4BB758BBA07): 1
LogDevObjectVersion:   Dev-VirtualProduction (64F58936-FD1B-42BA-BA96-7289D5D0FA4E): 1
LogDevObjectVersion:   Dev-MediaFramework (6F0ED827-A609-4895-9C91-998D90180EA4): 2
LogLinker: AddRedirectList(D:/Classroom/Saved/Config/Windows/VaRest.ini) has substring redirect /VaRestPlugin/, these are very slow and should be resolved as soon as possible!
LogInit: Presizing for max 25165824 objects, including 0 objects not considered by GC, pre-allocating 0 bytes for permanent pool.
LogConfig: Applying CVar settings from Section [/Script/Engine.StreamingSettings] File [D:/Classroom/Saved/Config/Windows/Engine.ini]
LogConfig: Setting CVar [[s.MinBulkDataSizeForAsyncLoading:131072]]
LogConfig: Setting CVar [[s.AsyncLoadingThreadEnabled:0]]
LogConfig: Setting CVar [[s.EventDrivenLoaderEnabled:1]]
LogConfig: Setting CVar [[s.WarnIfTimeLimitExceeded:0]]
LogConfig: Setting CVar [[s.TimeLimitExceededMultiplier:1.5]]
LogConfig: Setting CVar [[s.TimeLimitExceededMinTime:0.005]]
LogConfig: Setting CVar [[s.UseBackgroundLevelStreaming:1]]
LogConfig: Setting CVar [[s.PriorityAsyncLoadingExtraTime:15.0]]
LogConfig: Setting CVar [[s.LevelStreamingActorsUpdateTimeLimit:5.0]]
LogConfig: Setting CVar [[s.PriorityLevelStreamingActorsUpdateExtraTime:5.0]]
LogConfig: Setting CVar [[s.LevelStreamingComponentsRegistrationGranularity:10]]
LogConfig: Setting CVar [[s.UnregisterComponentsTimeLimit:1.0]]
LogConfig: Setting CVar [[s.LevelStreamingComponentsUnregistrationGranularity:5]]
LogConfig: Setting CVar [[s.FlushStreamingOnExit:1]]
LogInit: Object subsystem initialized
LogConfig: Setting CVar [[con.DebugEarlyDefault:1]]
LogConfig: Setting CVar [[r.setres:1280x720]]
[2023.05.03-12.00.02:583][  0]LogConfig: Setting CVar [[r.VSync:0]]
[2023.05.03-12.00.02:583][  0]LogConfig: Setting CVar [[r.RHICmdBypass:0]]
[2023.05.03-12.00.02:583][  0]LogConfig: Applying CVar settings from Section [/Script/Engine.RendererSettings] File [D:/Classroom/Saved/Config/Windows/Engine.ini]
[2023.05.03-12.00.02:583][  0]LogConfig: Setting CVar [[r.GPUCrashDebugging:0]]
[2023.05.03-12.00.02:583][  0]LogConfig: Applying CVar settings from Section [/Script/Engine.RendererOverrideSettings] File [D:/Classroom/Saved/Config/Windows/Engine.ini]
[2023.05.03-12.00.02:583][  0]LogConfig: Applying CVar settings from Section [/Script/Engine.StreamingSettings] File [D:/Classroom/Saved/Config/Windows/Engine.ini]
[2023.05.03-12.00.02:583][  0]LogConfig: Setting CVar [[s.MinBulkDataSizeForAsyncLoading:131072]]
[2023.05.03-12.00.02:583][  0]LogConfig: Setting CVar [[s.AsyncLoadingThreadEnabled:0]]
[2023.05.03-12.00.02:583][  0]LogConfig: Setting CVar [[s.EventDrivenLoaderEnabled:1]]
[2023.05.03-12.00.02:583][  0]LogConfig: Setting CVar [[s.WarnIfTimeLimitExceeded:0]]
[2023.05.03-12.00.02:583][  0]LogConfig: Setting CVar [[s.TimeLimitExceededMultiplier:1.5]]
[2023.05.03-12.00.02:583][  0]LogConfig: Setting CVar [[s.TimeLimitExceededMinTime:0.005]]
[2023.05.03-12.00.02:583][  0]LogConfig: Setting CVar [[s.UseBackgroundLevelStreaming:1]]
[2023.05.03-12.00.02:584][  0]LogConfig: Setting CVar [[s.PriorityAsyncLoadingExtraTime:15.0]]
[2023.05.03-12.00.02:584][  0]LogConfig: Setting CVar [[s.LevelStreamingActorsUpdateTimeLimit:5.0]]
[2023.05.03-12.00.02:584][  0]LogConfig: Setting CVar [[s.PriorityLevelStreamingActorsUpdateExtraTime:5.0]]
[2023.05.03-12.00.02:584][  0]LogConfig: Setting CVar [[s.LevelStreamingComponentsRegistrationGranularity:10]]
[2023.05.03-12.00.02:584][  0]LogConfig: Setting CVar [[s.UnregisterComponentsTimeLimit:1.0]]
[2023.05.03-12.00.02:584][  0]LogConfig: Setting CVar [[s.LevelStreamingComponentsUnregistrationGranularity:5]]
[2023.05.03-12.00.02:584][  0]LogConfig: Setting CVar [[s.FlushStreamingOnExit:1]]
[2023.05.03-12.00.02:584][  0]LogConfig: Applying CVar settings from Section [/Script/Engine.GarbageCollectionSettings] File [D:/Classroom/Saved/Config/Windows/Engine.ini]
[2023.05.03-12.00.02:584][  0]LogConfig: Setting CVar [[gc.MaxObjectsNotConsideredByGC:1]]
[2023.05.03-12.00.02:584][  0]LogConfig: Setting CVar [[gc.SizeOfPermanentObjectPool:0]]
[2023.05.03-12.00.02:584][  0]LogConfig: Setting CVar [[gc.FlushStreamingOnGC:0]]
[2023.05.03-12.00.02:584][  0]LogConfig: Setting CVar [[gc.NumRetriesBeforeForcingGC:10]]
[2023.05.03-12.00.02:584][  0]LogConfig: Setting CVar [[gc.AllowParallelGC:1]]
[2023.05.03-12.00.02:584][  0]LogConfig: Setting CVar [[gc.TimeBetweenPurgingPendingKillObjects:61.1]]
[2023.05.03-12.00.02:584][  0]LogConfig: Setting CVar [[gc.MaxObjectsInEditor:25165824]]
[2023.05.03-12.00.02:584][  0]LogConfig: Setting CVar [[gc.IncrementalBeginDestroyEnabled:1]]
[2023.05.03-12.00.02:584][  0]LogConfig: Setting CVar [[gc.CreateGCClusters:1]]
[2023.05.03-12.00.02:584][  0]LogConfig: Setting CVar [[gc.MinGCClusterSize:5]]
[2023.05.03-12.00.02:584][  0]LogConfig: Setting CVar [[gc.ActorClusteringEnabled:0]]
[2023.05.03-12.00.02:584][  0]LogConfig: Setting CVar [[gc.BlueprintClusteringEnabled:0]]
[2023.05.03-12.00.02:584][  0]LogConfig: Setting CVar [[gc.UseDisregardForGCOnDedicatedServers:0]]
[2023.05.03-12.00.02:584][  0]LogConfig: Setting CVar [[gc.MultithreadedDestructionEnabled:1]]
[2023.05.03-12.00.02:584][  0]LogConfig: Applying CVar settings from Section [/Script/Engine.NetworkSettings] File [D:/Classroom/Saved/Config/Windows/Engine.ini]
[2023.05.03-12.00.02:584][  0]LogConfig: Applying CVar settings from Section [/Script/UnrealEd.CookerSettings] File [D:/Classroom/Saved/Config/Windows/Engine.ini]
[2023.05.03-12.00.02:673][  0]LogConfig: Applying CVar settings from Section [ViewDistanceQuality@3] File [D:/Classroom/Saved/Config/Windows/Scalability.ini]
[2023.05.03-12.00.02:673][  0]LogConfig: Setting CVar [[r.SkeletalMeshLODBias:0]]
[2023.05.03-12.00.02:673][  0]LogConfig: Setting CVar [[r.ViewDistanceScale:1.0]]
[2023.05.03-12.00.02:673][  0]LogConfig: Applying CVar settings from Section [AntiAliasingQuality@3] File [D:/Classroom/Saved/Config/Windows/Scalability.ini]
[2023.05.03-12.00.02:673][  0]LogConfig: Setting CVar [[r.PostProcessAAQuality:4]]
[2023.05.03-12.00.02:673][  0]LogConfig: Applying CVar settings from Section [ShadowQuality@3] File [D:/Classroom/Saved/Config/Windows/Scalability.ini]
[2023.05.03-12.00.02:673][  0]LogConfig: Setting CVar [[r.LightFunctionQuality:1]]
[2023.05.03-12.00.02:675][  0]LogConfig: Setting CVar [[r.ShadowQuality:5]]
[2023.05.03-12.00.02:675][  0]LogConfig: Setting CVar [[r.Shadow.CSM.MaxCascades:10]]
[2023.05.03-12.00.02:675][  0]LogConfig: Setting CVar [[r.Shadow.MaxResolution:2048]]
[2023.05.03-12.00.02:675][  0]LogConfig: Setting CVar [[r.Shadow.MaxCSMResolution:2048]]
[2023.05.03-12.00.02:675][  0]LogConfig: Setting CVar [[r.Shadow.RadiusThreshold:0.01]]
[2023.05.03-12.00.02:675][  0]LogConfig: Setting CVar [[r.Shadow.DistanceScale:1.0]]
[2023.05.03-12.00.02:675][  0]LogConfig: Setting CVar [[r.Shadow.CSM.TransitionScale:1.0]]
[2023.05.03-12.00.02:675][  0]LogConfig: Setting CVar [[r.Shadow.PreShadowResolutionFactor:1.0]]
[2023.05.03-12.00.02:675][  0]LogConfig: Setting CVar [[r.DistanceFieldShadowing:1]]
[2023.05.03-12.00.02:675][  0]LogConfig: Setting CVar [[r.DistanceFieldAO:1]]
[2023.05.03-12.00.02:675][  0]LogConfig: Setting CVar [[r.AOQuality:2]]
[2023.05.03-12.00.02:675][  0]LogConfig: Setting CVar [[r.VolumetricFog:1]]
[2023.05.03-12.00.02:675][  0]LogConfig: Setting CVar [[r.VolumetricFog.GridPixelSize:8]]
[2023.05.03-12.00.02:675][  0]LogConfig: Setting CVar [[r.VolumetricFog.GridSizeZ:128]]
[2023.05.03-12.00.02:675][  0]LogConfig: Setting CVar [[r.VolumetricFog.HistoryMissSupersampleCount:4]]
[2023.05.03-12.00.02:675][  0]LogConfig: Setting CVar [[r.LightMaxDrawDistanceScale:1]]
[2023.05.03-12.00.02:675][  0]LogConfig: Setting CVar [[r.CapsuleShadows:1]]
[2023.05.03-12.00.02:675][  0]LogConfig: Applying CVar settings from Section [PostProcessQuality@3] File [D:/Classroom/Saved/Config/Windows/Scalability.ini]
[2023.05.03-12.00.02:675][  0]LogConfig: Setting CVar [[r.MotionBlurQuality:4]]
[2023.05.03-12.00.02:675][  0]LogConfig: Setting CVar [[r.AmbientOcclusionMipLevelFactor:0.4]]
[2023.05.03-12.00.02:675][  0]LogConfig: Setting CVar [[r.AmbientOcclusionMaxQuality:100]]
[2023.05.03-12.00.02:675][  0]LogConfig: Setting CVar [[r.AmbientOcclusionLevels:-1]]
[2023.05.03-12.00.02:675][  0]LogConfig: Setting CVar [[r.AmbientOcclusionRadiusScale:1.0]]
[2023.05.03-12.00.02:675][  0]LogConfig: Setting CVar [[r.DepthOfFieldQuality:2]]
[2023.05.03-12.00.02:675][  0]LogConfig: Setting CVar [[r.RenderTargetPoolMin:400]]
[2023.05.03-12.00.02:675][  0]LogConfig: Setting CVar [[r.LensFlareQuality:2]]
[2023.05.03-12.00.02:675][  0]LogConfig: Setting CVar [[r.SceneColorFringeQuality:1]]
[2023.05.03-12.00.02:675][  0]LogConfig: Setting CVar [[r.EyeAdaptationQuality:2]]
[2023.05.03-12.00.02:676][  0]LogConfig: Setting CVar [[r.BloomQuality:5]]
[2023.05.03-12.00.02:676][  0]LogConfig: Setting CVar [[r.FastBlurThreshold:100]]
[2023.05.03-12.00.02:676][  0]LogConfig: Setting CVar [[r.Upscale.Quality:3]]
[2023.05.03-12.00.02:676][  0]LogConfig: Setting CVar [[r.Tonemapper.GrainQuantization:1]]
[2023.05.03-12.00.02:676][  0]LogConfig: Setting CVar [[r.LightShaftQuality:1]]
[2023.05.03-12.00.02:676][  0]LogConfig: Setting CVar [[r.Filter.SizeScale:1]]
[2023.05.03-12.00.02:676][  0]LogConfig: Setting CVar [[r.Tonemapper.Quality:5]]
[2023.05.03-12.00.02:676][  0]LogConfig: Setting CVar [[r.DOF.Gather.AccumulatorQuality:1        ; higher gathering accumulator quality]]
[2023.05.03-12.00.02:676][  0]LogConfig: Setting CVar [[r.DOF.Gather.PostfilterMethod:1          ; Median3x3 postfilering method]]
[2023.05.03-12.00.02:676][  0]LogConfig: Setting CVar [[r.DOF.Gather.EnableBokehSettings:0       ; no bokeh simulation when gathering]]
[2023.05.03-12.00.02:676][  0]LogConfig: Setting CVar [[r.DOF.Gather.RingCount:4                 ; medium number of samples when gathering]]
[2023.05.03-12.00.02:676][  0]LogConfig: Setting CVar [[r.DOF.Scatter.ForegroundCompositing:1    ; additive foreground scattering]]
[2023.05.03-12.00.02:676][  0]LogConfig: Setting CVar [[r.DOF.Scatter.BackgroundCompositing:2    ; additive background scattering]]
[2023.05.03-12.00.02:676][  0]LogConfig: Setting CVar [[r.DOF.Scatter.EnableBokehSettings:1      ; bokeh simulation when scattering]]
[2023.05.03-12.00.02:676][  0]LogConfig: Setting CVar [[r.DOF.Scatter.MaxSpriteRatio:0.1         ; only a maximum of 10% of scattered bokeh]]
[2023.05.03-12.00.02:676][  0]LogConfig: Setting CVar [[r.DOF.Recombine.Quality:1                ; cheap slight out of focus]]
[2023.05.03-12.00.02:676][  0]LogConfig: Setting CVar [[r.DOF.Recombine.EnableBokehSettings:0    ; no bokeh simulation on slight out of focus]]
[2023.05.03-12.00.02:676][  0]LogConfig: Setting CVar [[r.DOF.TemporalAAQuality:1                ; more stable temporal accumulation]]
[2023.05.03-12.00.02:676][  0]LogConfig: Setting CVar [[r.DOF.Kernel.MaxForegroundRadius:0.025]]
[2023.05.03-12.00.02:676][  0]LogConfig: Setting CVar [[r.DOF.Kernel.MaxBackgroundRadius:0.025]]
[2023.05.03-12.00.02:676][  0]LogConfig: Applying CVar settings from Section [TextureQuality@3] File [D:/Classroom/Saved/Config/Windows/Scalability.ini]
[2023.05.03-12.00.02:676][  0]LogConfig: Setting CVar [[r.Streaming.MipBias:0]]
[2023.05.03-12.00.02:676][  0]LogConfig: Setting CVar [[r.Streaming.AmortizeCPUToGPUCopy:0]]
[2023.05.03-12.00.02:677][  0]LogConfig: Setting CVar [[r.Streaming.MaxNumTexturesToStreamPerFrame:0]]
[2023.05.03-12.00.02:677][  0]LogConfig: Setting CVar [[r.Streaming.Boost:1]]
[2023.05.03-12.00.02:677][  0]LogConfig: Setting CVar [[r.MaxAnisotropy:8]]
[2023.05.03-12.00.02:677][  0]LogConfig: Setting CVar [[r.VT.MaxAnisotropy:8]]
[2023.05.03-12.00.02:677][  0]LogConfig: Setting CVar [[r.Streaming.LimitPoolSizeToVRAM:0]]
[2023.05.03-12.00.02:677][  0]LogConfig: Setting CVar [[r.Streaming.PoolSize:1000]]
[2023.05.03-12.00.02:677][  0]LogConfig: Setting CVar [[r.Streaming.MaxEffectiveScreenSize:0]]
[2023.05.03-12.00.02:677][  0]LogConfig: Applying CVar settings from Section [EffectsQuality@3] File [D:/Classroom/Saved/Config/Windows/Scalability.ini]
[2023.05.03-12.00.02:677][  0]LogConfig: Setting CVar [[r.TranslucencyLightingVolumeDim:64]]
[2023.05.03-12.00.02:677][  0]LogConfig: Setting CVar [[r.RefractionQuality:2]]
[2023.05.03-12.00.02:677][  0]LogConfig: Setting CVar [[r.SSR.Quality:3]]
[2023.05.03-12.00.02:677][  0]LogConfig: Setting CVar [[r.SSR.HalfResSceneColor:0]]
[2023.05.03-12.00.02:677][  0]LogConfig: Setting CVar [[r.SceneColorFormat:4]]
[2023.05.03-12.00.02:677][  0]LogConfig: Setting CVar [[r.DetailMode:2]]
[2023.05.03-12.00.02:677][  0]LogConfig: Setting CVar [[r.TranslucencyVolumeBlur:1]]
[2023.05.03-12.00.02:677][  0]LogConfig: Setting CVar [[r.MaterialQualityLevel:1 ; High quality]]
[2023.05.03-12.00.02:677][  0]LogConfig: Setting CVar [[r.AnisotropicMaterials:1]]
[2023.05.03-12.00.02:677][  0]LogConfig: Setting CVar [[r.SSS.Scale:1]]
[2023.05.03-12.00.02:677][  0]LogConfig: Setting CVar [[r.SSS.SampleSet:2]]
[2023.05.03-12.00.02:677][  0]LogConfig: Setting CVar [[r.SSS.Quality:1]]
[2023.05.03-12.00.02:677][  0]LogConfig: Setting CVar [[r.SSS.HalfRes:0]]
[2023.05.03-12.00.02:677][  0]LogConfig: Setting CVar [[r.SSGI.Quality:3]]
[2023.05.03-12.00.02:677][  0]LogConfig: Setting CVar [[r.EmitterSpawnRateScale:1.0]]
[2023.05.03-12.00.02:677][  0]LogConfig: Setting CVar [[r.ParticleLightQuality:2]]
[2023.05.03-12.00.02:677][  0]LogConfig: Setting CVar [[r.SkyAtmosphere.AerialPerspectiveLUT.FastApplyOnOpaque:1 ; Always have FastSkyLUT 1 in this case to avoid wrong sky]]
[2023.05.03-12.00.02:678][  0]LogConfig: Setting CVar [[r.SkyAtmosphere.AerialPerspectiveLUT.SampleCountMaxPerSlice:4]]
[2023.05.03-12.00.02:678][  0]LogConfig: Setting CVar [[r.SkyAtmosphere.AerialPerspectiveLUT.DepthResolution:16.0]]
[2023.05.03-12.00.02:678][  0]LogConfig: Setting CVar [[r.SkyAtmosphere.FastSkyLUT:1]]
[2023.05.03-12.00.02:678][  0]LogConfig: Setting CVar [[r.SkyAtmosphere.FastSkyLUT.SampleCountMin:4.0]]
[2023.05.03-12.00.02:678][  0]LogConfig: Setting CVar [[r.SkyAtmosphere.FastSkyLUT.SampleCountMax:128.0]]
[2023.05.03-12.00.02:678][  0]LogConfig: Setting CVar [[r.SkyAtmosphere.SampleCountMin:4.0]]
[2023.05.03-12.00.02:678][  0]LogConfig: Setting CVar [[r.SkyAtmosphere.SampleCountMax:128.0]]
[2023.05.03-12.00.02:678][  0]LogConfig: Setting CVar [[r.SkyAtmosphere.TransmittanceLUT.UseSmallFormat:0]]
[2023.05.03-12.00.02:678][  0]LogConfig: Setting CVar [[r.SkyAtmosphere.TransmittanceLUT.SampleCount:10.0]]
[2023.05.03-12.00.02:678][  0]LogConfig: Setting CVar [[r.SkyAtmosphere.MultiScatteringLUT.SampleCount:15.0]]
[2023.05.03-12.00.02:678][  0]LogConfig: Setting CVar [[r.SkyLight.RealTimeReflectionCapture:1]]
[2023.05.03-12.00.02:678][  0]LogConfig: Applying CVar settings from Section [FoliageQuality@3] File [D:/Classroom/Saved/Config/Windows/Scalability.ini]
[2023.05.03-12.00.02:678][  0]LogConfig: Setting CVar [[foliage.DensityScale:1.0]]
[2023.05.03-12.00.02:678][  0]LogConfig: Setting CVar [[grass.DensityScale:1.0]]
[2023.05.03-12.00.02:678][  0]LogConfig: Applying CVar settings from Section [ShadingQuality@3] File [D:/Classroom/Saved/Config/Windows/Scalability.ini]
[2023.05.03-12.00.02:678][  0]LogConfig: Setting CVar [[r.HairStrands.SkyLighting.IntegrationType:2]]
[2023.05.03-12.00.02:678][  0]LogConfig: Setting CVar [[r.HairStrands.SkyAO.SampleCount:4]]
[2023.05.03-12.00.02:678][  0]LogConfig: Setting CVar [[r.HairStrands.Visibility.MSAA.SamplePerPixel:4]]
[2023.05.03-12.00.02:680][  0]LogInit: Selected Device Profile: [Windows]
[2023.05.03-12.00.02:680][  0]LogInit: Applying CVar settings loaded from the selected device profile: [Windows]
[2023.05.03-12.00.02:685][  0]LogHAL: Display: Platform has ~ 8 GB [8510652416 / 8589934592 / 8], which maps to Default [LargestMinGB=32, LargerMinGB=12, DefaultMinGB=8, SmallerMinGB=6, SmallestMinGB=0)
[2023.05.03-12.00.02:685][  0]LogInit: Going up to parent DeviceProfile []
[2023.05.03-12.00.02:688][  0]LogConfig: Applying CVar settings from Section [ViewDistanceQuality@3] File [D:/Classroom/Saved/Config/Windows/Scalability.ini]
[2023.05.03-12.00.02:688][  0]LogConfig: Setting CVar [[r.SkeletalMeshLODBias:0]]
[2023.05.03-12.00.02:688][  0]LogConfig: Setting CVar [[r.ViewDistanceScale:1.0]]
[2023.05.03-12.00.02:688][  0]LogConfig: Applying CVar settings from Section [AntiAliasingQuality@3] File [D:/Classroom/Saved/Config/Windows/Scalability.ini]
[2023.05.03-12.00.02:688][  0]LogConfig: Setting CVar [[r.PostProcessAAQuality:4]]
[2023.05.03-12.00.02:688][  0]LogConfig: Applying CVar settings from Section [ShadowQuality@3] File [D:/Classroom/Saved/Config/Windows/Scalability.ini]
[2023.05.03-12.00.02:688][  0]LogConfig: Setting CVar [[r.LightFunctionQuality:1]]
[2023.05.03-12.00.02:688][  0]LogConfig: Setting CVar [[r.ShadowQuality:5]]
[2023.05.03-12.00.02:688][  0]LogConfig: Setting CVar [[r.Shadow.CSM.MaxCascades:10]]
[2023.05.03-12.00.02:688][  0]LogConfig: Setting CVar [[r.Shadow.MaxResolution:2048]]
[2023.05.03-12.00.02:688][  0]LogConfig: Setting CVar [[r.Shadow.MaxCSMResolution:2048]]
[2023.05.03-12.00.02:688][  0]LogConfig: Setting CVar [[r.Shadow.RadiusThreshold:0.01]]
[2023.05.03-12.00.02:688][  0]LogConfig: Setting CVar [[r.Shadow.DistanceScale:1.0]]
[2023.05.03-12.00.02:688][  0]LogConfig: Setting CVar [[r.Shadow.CSM.TransitionScale:1.0]]
[2023.05.03-12.00.02:688][  0]LogConfig: Setting CVar [[r.Shadow.PreShadowResolutionFactor:1.0]]
[2023.05.03-12.00.02:688][  0]LogConfig: Setting CVar [[r.DistanceFieldShadowing:1]]
[2023.05.03-12.00.02:688][  0]LogConfig: Setting CVar [[r.DistanceFieldAO:1]]
[2023.05.03-12.00.02:688][  0]LogConfig: Setting CVar [[r.AOQuality:2]]
[2023.05.03-12.00.02:688][  0]LogConfig: Setting CVar [[r.VolumetricFog:1]]
[2023.05.03-12.00.02:688][  0]LogConfig: Setting CVar [[r.VolumetricFog.GridPixelSize:8]]
[2023.05.03-12.00.02:688][  0]LogConfig: Setting CVar [[r.VolumetricFog.GridSizeZ:128]]
[2023.05.03-12.00.02:688][  0]LogConfig: Setting CVar [[r.VolumetricFog.HistoryMissSupersampleCount:4]]
[2023.05.03-12.00.02:688][  0]LogConfig: Setting CVar [[r.LightMaxDrawDistanceScale:1]]
[2023.05.03-12.00.02:688][  0]LogConfig: Setting CVar [[r.CapsuleShadows:1]]
[2023.05.03-12.00.02:688][  0]LogConfig: Applying CVar settings from Section [PostProcessQuality@3] File [D:/Classroom/Saved/Config/Windows/Scalability.ini]
[2023.05.03-12.00.02:688][  0]LogConfig: Setting CVar [[r.MotionBlurQuality:4]]
[2023.05.03-12.00.02:688][  0]LogConfig: Setting CVar [[r.AmbientOcclusionMipLevelFactor:0.4]]
[2023.05.03-12.00.02:688][  0]LogConfig: Setting CVar [[r.AmbientOcclusionMaxQuality:100]]
[2023.05.03-12.00.02:688][  0]LogConfig: Setting CVar [[r.AmbientOcclusionLevels:-1]]
[2023.05.03-12.00.02:688][  0]LogConfig: Setting CVar [[r.AmbientOcclusionRadiusScale:1.0]]
[2023.05.03-12.00.02:688][  0]LogConfig: Setting CVar [[r.DepthOfFieldQuality:2]]
[2023.05.03-12.00.02:688][  0]LogConfig: Setting CVar [[r.RenderTargetPoolMin:400]]
[2023.05.03-12.00.02:688][  0]LogConfig: Setting CVar [[r.LensFlareQuality:2]]
[2023.05.03-12.00.02:688][  0]LogConfig: Setting CVar [[r.SceneColorFringeQuality:1]]
[2023.05.03-12.00.02:688][  0]LogConfig: Setting CVar [[r.EyeAdaptationQuality:2]]
[2023.05.03-12.00.02:688][  0]LogConfig: Setting CVar [[r.BloomQuality:5]]
[2023.05.03-12.00.02:688][  0]LogConfig: Setting CVar [[r.FastBlurThreshold:100]]
[2023.05.03-12.00.02:688][  0]LogConfig: Setting CVar [[r.Upscale.Quality:3]]
[2023.05.03-12.00.02:688][  0]LogConfig: Setting CVar [[r.Tonemapper.GrainQuantization:1]]
[2023.05.03-12.00.02:688][  0]LogConfig: Setting CVar [[r.LightShaftQuality:1]]
[2023.05.03-12.00.02:689][  0]LogConfig: Setting CVar [[r.Filter.SizeScale:1]]
[2023.05.03-12.00.02:689][  0]LogConfig: Setting CVar [[r.Tonemapper.Quality:5]]
[2023.05.03-12.00.02:689][  0]LogConfig: Setting CVar [[r.DOF.Gather.AccumulatorQuality:1        ; higher gathering accumulator quality]]
[2023.05.03-12.00.02:689][  0]LogConfig: Setting CVar [[r.DOF.Gather.PostfilterMethod:1          ; Median3x3 postfilering method]]
[2023.05.03-12.00.02:689][  0]LogConfig: Setting CVar [[r.DOF.Gather.EnableBokehSettings:0       ; no bokeh simulation when gathering]]
[2023.05.03-12.00.02:689][  0]LogConfig: Setting CVar [[r.DOF.Gather.RingCount:4                 ; medium number of samples when gathering]]
[2023.05.03-12.00.02:689][  0]LogConfig: Setting CVar [[r.DOF.Scatter.ForegroundCompositing:1    ; additive foreground scattering]]
[2023.05.03-12.00.02:689][  0]LogConfig: Setting CVar [[r.DOF.Scatter.BackgroundCompositing:2    ; additive background scattering]]
[2023.05.03-12.00.02:689][  0]LogConfig: Setting CVar [[r.DOF.Scatter.EnableBokehSettings:1      ; bokeh simulation when scattering]]
[2023.05.03-12.00.02:689][  0]LogConfig: Setting CVar [[r.DOF.Scatter.MaxSpriteRatio:0.1         ; only a maximum of 10% of scattered bokeh]]
[2023.05.03-12.00.02:689][  0]LogConfig: Setting CVar [[r.DOF.Recombine.Quality:1                ; cheap slight out of focus]]
[2023.05.03-12.00.02:689][  0]LogConfig: Setting CVar [[r.DOF.Recombine.EnableBokehSettings:0    ; no bokeh simulation on slight out of focus]]
[2023.05.03-12.00.02:689][  0]LogConfig: Setting CVar [[r.DOF.TemporalAAQuality:1                ; more stable temporal accumulation]]
[2023.05.03-12.00.02:689][  0]LogConfig: Setting CVar [[r.DOF.Kernel.MaxForegroundRadius:0.025]]
[2023.05.03-12.00.02:689][  0]LogConfig: Setting CVar [[r.DOF.Kernel.MaxBackgroundRadius:0.025]]
[2023.05.03-12.00.02:689][  0]LogConfig: Applying CVar settings from Section [TextureQuality@3] File [D:/Classroom/Saved/Config/Windows/Scalability.ini]
[2023.05.03-12.00.02:689][  0]LogConfig: Setting CVar [[r.Streaming.MipBias:0]]
[2023.05.03-12.00.02:689][  0]LogConfig: Setting CVar [[r.Streaming.AmortizeCPUToGPUCopy:0]]
[2023.05.03-12.00.02:689][  0]LogConfig: Setting CVar [[r.Streaming.MaxNumTexturesToStreamPerFrame:0]]
[2023.05.03-12.00.02:689][  0]LogConfig: Setting CVar [[r.Streaming.Boost:1]]
[2023.05.03-12.00.02:689][  0]LogConfig: Setting CVar [[r.MaxAnisotropy:8]]
[2023.05.03-12.00.02:689][  0]LogConfig: Setting CVar [[r.VT.MaxAnisotropy:8]]
[2023.05.03-12.00.02:689][  0]LogConfig: Setting CVar [[r.Streaming.LimitPoolSizeToVRAM:0]]
[2023.05.03-12.00.02:689][  0]LogConfig: Setting CVar [[r.Streaming.PoolSize:1000]]
[2023.05.03-12.00.02:689][  0]LogConfig: Setting CVar [[r.Streaming.MaxEffectiveScreenSize:0]]
[2023.05.03-12.00.02:689][  0]LogConfig: Applying CVar settings from Section [EffectsQuality@3] File [D:/Classroom/Saved/Config/Windows/Scalability.ini]
[2023.05.03-12.00.02:689][  0]LogConfig: Setting CVar [[r.TranslucencyLightingVolumeDim:64]]
[2023.05.03-12.00.02:689][  0]LogConfig: Setting CVar [[r.RefractionQuality:2]]
[2023.05.03-12.00.02:689][  0]LogConfig: Setting CVar [[r.SSR.Quality:3]]
[2023.05.03-12.00.02:689][  0]LogConfig: Setting CVar [[r.SSR.HalfResSceneColor:0]]
[2023.05.03-12.00.02:689][  0]LogConfig: Setting CVar [[r.SceneColorFormat:4]]
[2023.05.03-12.00.02:689][  0]LogConfig: Setting CVar [[r.DetailMode:2]]
[2023.05.03-12.00.02:689][  0]LogConfig: Setting CVar [[r.TranslucencyVolumeBlur:1]]
[2023.05.03-12.00.02:689][  0]LogConfig: Setting CVar [[r.MaterialQualityLevel:1 ; High quality]]
[2023.05.03-12.00.02:689][  0]LogConfig: Setting CVar [[r.AnisotropicMaterials:1]]
[2023.05.03-12.00.02:689][  0]LogConfig: Setting CVar [[r.SSS.Scale:1]]
[2023.05.03-12.00.02:689][  0]LogConfig: Setting CVar [[r.SSS.SampleSet:2]]
[2023.05.03-12.00.02:689][  0]LogConfig: Setting CVar [[r.SSS.Quality:1]]
[2023.05.03-12.00.02:689][  0]LogConfig: Setting CVar [[r.SSS.HalfRes:0]]
[2023.05.03-12.00.02:689][  0]LogConfig: Setting CVar [[r.SSGI.Quality:3]]
[2023.05.03-12.00.02:689][  0]LogConfig: Setting CVar [[r.EmitterSpawnRateScale:1.0]]
[2023.05.03-12.00.02:689][  0]LogConfig: Setting CVar [[r.ParticleLightQuality:2]]
[2023.05.03-12.00.02:689][  0]LogConfig: Setting CVar [[r.SkyAtmosphere.AerialPerspectiveLUT.FastApplyOnOpaque:1 ; Always have FastSkyLUT 1 in this case to avoid wrong sky]]
[2023.05.03-12.00.02:689][  0]LogConfig: Setting CVar [[r.SkyAtmosphere.AerialPerspectiveLUT.SampleCountMaxPerSlice:4]]
[2023.05.03-12.00.02:689][  0]LogConfig: Setting CVar [[r.SkyAtmosphere.AerialPerspectiveLUT.DepthResolution:16.0]]
[2023.05.03-12.00.02:689][  0]LogConfig: Setting CVar [[r.SkyAtmosphere.FastSkyLUT:1]]
[2023.05.03-12.00.02:689][  0]LogConfig: Setting CVar [[r.SkyAtmosphere.FastSkyLUT.SampleCountMin:4.0]]
[2023.05.03-12.00.02:689][  0]LogConfig: Setting CVar [[r.SkyAtmosphere.FastSkyLUT.SampleCountMax:128.0]]
[2023.05.03-12.00.02:689][  0]LogConfig: Setting CVar [[r.SkyAtmosphere.SampleCountMin:4.0]]
[2023.05.03-12.00.02:689][  0]LogConfig: Setting CVar [[r.SkyAtmosphere.SampleCountMax:128.0]]
[2023.05.03-12.00.02:689][  0]LogConfig: Setting CVar [[r.SkyAtmosphere.TransmittanceLUT.UseSmallFormat:0]]
[2023.05.03-12.00.02:689][  0]LogConfig: Setting CVar [[r.SkyAtmosphere.TransmittanceLUT.SampleCount:10.0]]
[2023.05.03-12.00.02:689][  0]LogConfig: Setting CVar [[r.SkyAtmosphere.MultiScatteringLUT.SampleCount:15.0]]
[2023.05.03-12.00.02:689][  0]LogConfig: Setting CVar [[r.SkyLight.RealTimeReflectionCapture:1]]
[2023.05.03-12.00.02:689][  0]LogConfig: Applying CVar settings from Section [FoliageQuality@3] File [D:/Classroom/Saved/Config/Windows/Scalability.ini]
[2023.05.03-12.00.02:689][  0]LogConfig: Setting CVar [[foliage.DensityScale:1.0]]
[2023.05.03-12.00.02:689][  0]LogConfig: Setting CVar [[grass.DensityScale:1.0]]
[2023.05.03-12.00.02:689][  0]LogConfig: Applying CVar settings from Section [ShadingQuality@3] File [D:/Classroom/Saved/Config/Windows/Scalability.ini]
[2023.05.03-12.00.02:690][  0]LogConfig: Setting CVar [[r.HairStrands.SkyLighting.IntegrationType:2]]
[2023.05.03-12.00.02:690][  0]LogConfig: Setting CVar [[r.HairStrands.SkyAO.SampleCount:4]]
[2023.05.03-12.00.02:690][  0]LogConfig: Setting CVar [[r.HairStrands.Visibility.MSAA.SamplePerPixel:4]]
[2023.05.03-12.00.02:690][  0]LogConfig: Applying CVar settings from Section [Startup] File [../../../Engine/Config/ConsoleVariables.ini]
[2023.05.03-12.00.02:741][  0]LogConfig: Setting CVar [[net.UseAdaptiveNetUpdateFrequency:0]]
[2023.05.03-12.00.02:741][  0]LogConfig: Setting CVar [[p.chaos.AllowCreatePhysxBodies:1]]
[2023.05.03-12.00.02:741][  0]LogConfig: Setting CVar [[fx.SkipVectorVMBackendOptimizations:1]]
[2023.05.03-12.00.02:741][  0]LogConfig: Applying CVar settings from Section [ConsoleVariables] File [D:/Classroom/Saved/Config/Windows/Engine.ini]
[2023.05.03-12.00.02:741][  0]LogConfig: Applying CVar settings from Section [ConsoleVariables] File [D:/Classroom/Saved/Config/Windows/Editor.ini]
[2023.05.03-12.00.02:762][  0]LogInit: Computer: DESKTOP-A4FIJ9J
[2023.05.03-12.00.02:762][  0]LogInit: User: CGLab14
[2023.05.03-12.00.02:762][  0]LogInit: CPU Page size=4096, Cores=4
[2023.05.03-12.00.02:762][  0]LogInit: High frequency timer resolution =10.000000 MHz
[2023.05.03-12.00.02:762][  0]LogMemory: Memory total: Physical=7.9GB (8GB approx)
[2023.05.03-12.00.02:762][  0]LogMemory: Platform Memory Stats for Windows
[2023.05.03-12.00.02:762][  0]LogMemory: Process Physical Memory: 129.38 MB used, 129.38 MB peak
[2023.05.03-12.00.02:762][  0]LogMemory: Process Virtual Memory: 105.17 MB used, 105.17 MB peak
[2023.05.03-12.00.02:762][  0]LogMemory: Physical Memory: 3450.30 MB used,  4666.09 MB free, 8116.39 MB total
[2023.05.03-12.00.02:762][  0]LogMemory: Virtual Memory: 134205568.00 MB used,  12157.75 MB free, 134217728.00 MB total
[2023.05.03-12.00.02:859][  0]LogWindows: WindowsPlatformFeatures enabled
[2023.05.03-12.00.07:426][  0]LogInit: Physics initialised using underlying interface: PhysX
[2023.05.03-12.00.07:637][  0]LogInit: Using OS detected language (en-US).
[2023.05.03-12.00.07:637][  0]LogInit: Using OS detected locale (en-US).
[2023.05.03-12.00.07:929][  0]LogTextLocalizationManager: No specific localization for 'en-US' exists, so the 'en' localization will be used.
[2023.05.03-12.00.09:127][  0]LogInit: Setting process to per monitor DPI aware
[2023.05.03-12.00.09:320][  0]LogWindowsTextInputMethodSystem: Display: IME system deactivated.
[2023.05.03-12.00.10:058][  0]LogSlate: New Slate User Created.  User Index 0, Is Virtual User: 0
[2023.05.03-12.00.10:058][  0]LogSlate: Slate User Registered.  User Index 0, Is Virtual User: 0
[2023.05.03-12.00.16:408][  0]LogD3D11RHI: Loaded GFSDK_Aftermath_Lib.x64.dll
[2023.05.03-12.00.16:697][  0]LogHMD: Failed to initialize OpenVR with code 110
[2023.05.03-12.00.16:697][  0]LogD3D11RHI: D3D11 min allowed feature level: 11_0
[2023.05.03-12.00.16:697][  0]LogD3D11RHI: D3D11 max allowed feature level: 11_0
[2023.05.03-12.00.16:697][  0]LogD3D11RHI: D3D11 adapters:
[2023.05.03-12.00.18:383][  0]LogD3D11RHI:    0. 'NVIDIA GeForce GT 710' (Feature Level 11_0)
[2023.05.03-12.00.18:384][  0]LogD3D11RHI:       2007/0/4058 MB DedicatedVideo/DedicatedSystem/SharedSystem, Outputs:1, VendorId:0x10de
[2023.05.03-12.00.18:389][  0]LogD3D11RHI:    1. 'Microsoft Basic Render Driver' (Feature Level 11_0)
[2023.05.03-12.00.18:389][  0]LogD3D11RHI:       0/0/4058 MB DedicatedVideo/DedicatedSystem/SharedSystem, Outputs:0, VendorId:0x1414
[2023.05.03-12.00.18:459][  0]LogD3D11RHI: Chosen D3D11 Adapter:
[2023.05.03-12.00.18:459][  0]LogD3D11RHI:     Description : NVIDIA GeForce GT 710
[2023.05.03-12.00.18:459][  0]LogD3D11RHI:     VendorId    : 10de
[2023.05.03-12.00.18:459][  0]LogD3D11RHI:     DeviceId    : 128b
[2023.05.03-12.00.18:459][  0]LogD3D11RHI:     SubSysId    : 8c931462
[2023.05.03-12.00.18:459][  0]LogD3D11RHI:     Revision    : 00a1
[2023.05.03-12.00.18:459][  0]LogD3D11RHI:     DedicatedVideoMemory : 2104688640 bytes
[2023.05.03-12.00.18:459][  0]LogD3D11RHI:     DedicatedSystemMemory : 0 bytes
[2023.05.03-12.00.18:459][  0]LogD3D11RHI:     SharedSystemMemory : 4255326208 bytes
[2023.05.03-12.00.18:459][  0]LogD3D11RHI:     AdapterLuid : 0 57693
[2023.05.03-12.00.18:569][  0]LogD3D11RHI: Creating new Direct3DDevice
[2023.05.03-12.00.18:569][  0]LogD3D11RHI:     GPU DeviceId: 0x128b (for the marketing name, search the web for "GPU Device Id")
[2023.05.03-12.00.18:569][  0]LogWindows: EnumDisplayDevices:
[2023.05.03-12.00.18:570][  0]LogWindows:    0. 'NVIDIA GeForce GT 710' (P:1 D:1)
[2023.05.03-12.00.18:571][  0]LogWindows:    1. 'NVIDIA GeForce GT 710' (P:0 D:0)
[2023.05.03-12.00.18:572][  0]LogWindows:    2. 'NVIDIA GeForce GT 710' (P:0 D:0)
[2023.05.03-12.00.18:572][  0]LogWindows: DebugString: FoundDriverCount:3 
[2023.05.03-12.00.18:572][  0]LogD3D11RHI:     Adapter Name: NVIDIA GeForce GT 710
[2023.05.03-12.00.18:596][  0]LogD3D11RHI:   Driver Version: 474.04 (internal:30.0.14.7404, unified:474.04)
[2023.05.03-12.00.18:596][  0]LogD3D11RHI:      Driver Date: 10-17-2022
[2023.05.03-12.00.18:610][  0]LogRHI: Texture pool is 1405 MB (70% of 2007 MB)
[2023.05.03-12.00.18:610][  0]LogD3D11RHI: Creating D3DDevice using adapter:
[2023.05.03-12.00.18:610][  0]LogD3D11RHI:     Description : NVIDIA GeForce GT 710
[2023.05.03-12.00.18:610][  0]LogD3D11RHI:     VendorId    : 10de
[2023.05.03-12.00.18:610][  0]LogD3D11RHI:     DeviceId    : 128b
[2023.05.03-12.00.18:610][  0]LogD3D11RHI:     SubSysId    : 8c931462
[2023.05.03-12.00.18:610][  0]LogD3D11RHI:     Revision    : 00a1
[2023.05.03-12.00.18:610][  0]LogD3D11RHI:     DedicatedVideoMemory : 2104688640 bytes
[2023.05.03-12.00.18:611][  0]LogD3D11RHI:     DedicatedSystemMemory : 0 bytes
[2023.05.03-12.00.18:611][  0]LogD3D11RHI:     SharedSystemMemory : 4255326208 bytes
[2023.05.03-12.00.18:611][  0]LogD3D11RHI:     AdapterLuid : 0 57693
[2023.05.03-12.00.18:976][  0]LogD3D11RHI: RHI does not have support for 64 bit atomics
[2023.05.03-12.00.19:228][  0]LogD3D11RHI: Async texture creation enabled
[2023.05.03-12.00.22:829][  0]LogD3D11RHI: GPU Timing Frequency: 1000.000000 (Debug: 2 16)
[2023.05.03-12.00.24:392][  0]LogRHI: GeForceNow SDK initialized: 1
[2023.05.03-12.00.25:298][  0]LogTargetPlatformManager: Display: Loaded TargetPlatform 'AllDesktop'
[2023.05.03-12.00.25:417][  0]LogTargetPlatformManager: Display: Loaded TargetPlatform 'Android'
[2023.05.03-12.00.25:417][  0]LogTargetPlatformManager: Display: Loaded TargetPlatform 'Android_ASTC'
[2023.05.03-12.00.25:417][  0]LogTargetPlatformManager: Display: Loaded TargetPlatform 'Android_DXT'
[2023.05.03-12.00.25:417][  0]LogTargetPlatformManager: Display: Loaded TargetPlatform 'Android_ETC2'
[2023.05.03-12.00.25:417][  0]LogTargetPlatformManager: Display: Loaded TargetPlatform 'AndroidClient'
[2023.05.03-12.00.25:417][  0]LogTargetPlatformManager: Display: Loaded TargetPlatform 'Android_ASTCClient'
[2023.05.03-12.00.25:417][  0]LogTargetPlatformManager: Display: Loaded TargetPlatform 'Android_DXTClient'
[2023.05.03-12.00.25:417][  0]LogTargetPlatformManager: Display: Loaded TargetPlatform 'Android_ETC2Client'
[2023.05.03-12.00.25:417][  0]LogTargetPlatformManager: Display: Loaded TargetPlatform 'Android_Multi'
[2023.05.03-12.00.25:417][  0]LogTargetPlatformManager: Display: Loaded TargetPlatform 'Android_MultiClient'
[2023.05.03-12.00.25:975][  0]LogTargetPlatformManager: Display: Loaded TargetPlatform 'IOSClient'
[2023.05.03-12.00.25:975][  0]LogTargetPlatformManager: Display: Loaded TargetPlatform 'IOS'
[2023.05.03-12.00.26:186][  0]LogTargetPlatformManager: Display: Loaded TargetPlatform 'Lumin'
[2023.05.03-12.00.26:186][  0]LogTargetPlatformManager: Display: Loaded TargetPlatform 'LuminClient'
[2023.05.03-12.00.26:218][  0]LogTargetPlatformManager: Display: Loaded TargetPlatform 'MacNoEditor'
[2023.05.03-12.00.26:329][  0]LogTargetPlatformManager: Display: Loaded TargetPlatform 'Mac'
[2023.05.03-12.00.26:421][  0]LogTargetPlatformManager: Display: Loaded TargetPlatform 'MacClient'
[2023.05.03-12.00.26:466][  0]LogTargetPlatformManager: Display: Loaded TargetPlatform 'MacServer'
[2023.05.03-12.00.26:709][  0]LogTargetPlatformManager: Display: Loaded TargetPlatform 'TVOSClient'
[2023.05.03-12.00.26:709][  0]LogTargetPlatformManager: Display: Loaded TargetPlatform 'TVOS'
[2023.05.03-12.00.26:774][  0]LogTargetPlatformManager: Display: Loaded TargetPlatform 'WindowsNoEditor'
[2023.05.03-12.00.26:851][  0]LogTargetPlatformManager: Display: Loaded TargetPlatform 'Windows'
[2023.05.03-12.00.27:120][  0]LogTargetPlatformManager: Display: Loaded TargetPlatform 'WindowsClient'
[2023.05.03-12.00.27:217][  0]LogTargetPlatformManager: Display: Loaded TargetPlatform 'WindowsServer'
[2023.05.03-12.00.27:217][  0]LogTargetPlatformManager: Display: Building Assets For Windows
[2023.05.03-12.00.27:454][  0]LogAudioDebug: Display: Lib vorbis DLL was dynamically loaded.
[2023.05.03-12.00.28:575][  0]LogTextureFormatOodle: Display: Oodle Texture 2.9.0 init RDO Off
[2023.05.03-12.00.29:699][  0]LogRendererCore: Ray tracing is disabled. Reason: r.RayTracing=0.
[2023.05.03-12.00.29:711][  0]LogShaderCompilers: Guid format shader working directory is 25 characters bigger than the processId version (../../../../../Classroom/Intermediate/Shaders/WorkingDirectory/6804/).
[2023.05.03-12.00.29:711][  0]LogShaderCompilers: Cleaned the shader compiler working directory 'C:/Users/CG-Lab14/AppData/Local/Temp/UnrealShaderWorkingDir/8D0523AB4BF91DEF5E9206AADC6E0C7A/'.
[2023.05.03-12.00.29:714][  0]LogXGEController: Cannot use XGE Controller as Incredibuild is not installed on this machine.
[2023.05.03-12.00.29:714][  0]LogShaderCompilers: Cannot use XGE Shader Compiler as Incredibuild is not installed on this machine.
[2023.05.03-12.00.29:718][  0]LogShaderCompilers: Display: Using Local Shader Compiler.
[2023.05.03-12.00.37:930][  0]LogDerivedDataCache: Display: Max Cache Size: 512 MB
[2023.05.03-12.00.39:256][  0]LogDerivedDataCache: Loaded boot cache 1.32s 94MB ../../../../../Classroom/DerivedDataCache/Boot.ddc.
[2023.05.03-12.00.39:256][  0]LogDerivedDataCache: Display: Loaded Boot cache: ../../../../../Classroom/DerivedDataCache/Boot.ddc
[2023.05.03-12.00.39:256][  0]LogDerivedDataCache: FDerivedDataBackendGraph:  Pak pak cache file ../../../../../Classroom/DerivedDataCache/DDC.ddp not found, will not use a pak cache.
[2023.05.03-12.00.39:256][  0]LogDerivedDataCache: Unable to find inner node Pak for hierarchical cache Hierarchy.
[2023.05.03-12.00.39:295][  0]LogDerivedDataCache: FDerivedDataBackendGraph:  EnginePak pak cache file ../../../Engine/DerivedDataCache/DDC.ddp not found, will not use a pak cache.
[2023.05.03-12.00.39:295][  0]LogDerivedDataCache: Unable to find inner node EnginePak for hierarchical cache Hierarchy.
[2023.05.03-12.00.39:945][  0]LogDerivedDataCache: Speed tests for ../../../Engine/DerivedDataCache took 0.65 seconds
[2023.05.03-12.00.39:945][  0]LogDerivedDataCache: Display: Performance to ../../../Engine/DerivedDataCache: Latency=4.05ms. RandomReadSpeed=1.66MBs, RandomWriteSpeed=116.31MBs. Assigned SpeedClass 'Fast'
[2023.05.03-12.00.39:950][  0]LogDerivedDataCache: Using Local data cache path ../../../Engine/DerivedDataCache: Writable
[2023.05.03-12.00.39:950][  0]LogDerivedDataCache: Shared data cache path not found in *engine.ini, will not use an Shared cache.
[2023.05.03-12.00.39:950][  0]LogDerivedDataCache: Unable to find inner node Shared for hierarchical cache Hierarchy.
[2023.05.03-12.00.41:122][  0]LogSlate: Using FreeType 2.10.0
[2023.05.03-12.00.41:357][  0]LogSlate: SlateFontServices - WITH_FREETYPE: 1, WITH_HARFBUZZ: 1
[2023.05.03-12.00.43:917][  0]LogAssetRegistry: FAssetRegistry took 0.0115 seconds to start up
[2023.05.03-12.00.54:546][  0]LogInit: Selected Device Profile: [Windows]
[2023.05.03-12.00.54:547][  0]LogInit: Active device profile: [000002614BDA7C00][0000026149D2D700 49] Windows
[2023.05.03-12.00.54:547][  0]LogInit: Profiles: [000002614BDA7C00][0000026149D2D700 49] Windows, [000002614BDBBA00][0000026149D35880 49] WindowsNoEditor, [000002614BDA4600][000002614B0BFA00 49] WindowsServer, [000002614BDB8400][000002614B0C3B80 49] WindowsClient, [000002614BDA7F00][000002614B0C6180 49] IOS, [000002614BDBB800][000002614B0CA300 49] iPadAir, [000002614BDA4300][0000026149D30440 49] iPadAir2, [000002614BD64E00][000002614B0D2680 49] IPadPro, [000002614BD64F00][000002614B0CE6C0 49] iPadAir3, [000002614BDA7A00][000002614B0DA840 49] iPadAir4, [000002614BD64900][000002614B3949C0 49] iPadMini2, [000002614BDA4700][000002614B398B40 49] iPadMini3, [000002614BD65600][000002614B39CCC0 49] iPadMini4, [000002614BDA7800][000002614B3A0E40 49] iPadMini5, [000002614BDB8E00][000002614B3A9100 49] iPhone6, [000002614BDB8F00][000002614B3A5140 49] iPodTouch6, [000002614BD67C00][000002614B3B1400 49] iPhone7, [000002614BD67B00][000002614B3AD440 49] iPodTouch7, [000002614BDB8B00][000002614B3B55C0 49] iPhone5S, [000002614BD64400][000002614B3B9740 49] iPhone6Plus, [000002614BDB9600][000002614B3BD8C0 49] iPhone6S, [000002614BD67300][000002614B3C1A40 49] iPhone6SPlus, [000002614BDBB900][000002614B3C5BC0 49] iPhone7Plus, [000002614BD64100][000002614B7AE1C0 49] iPhoneSE, [000002614BDB9900][000002614B7B2340 49] iPhone8, [000002614BD66F00][000002614B7B64C0 49] iPhone8Plus, [000002614BDBB400][000002614B0D6600 49] iPhoneX, [000002614BD65700][000002614B7BA740 49] iPhoneXS, [000002614BDB9C00][000002614B7BE880 49] iPhoneXSMax, [000002614BD65200][000002614B7C29C0 49] iPhoneXR, [000002614BDBB700][000002614B7CAB40 49] iPhone11, [000002614BD65000][000002614B7CECC0 49] iPhone11Pro, [000002614BDBA000][000002614B7D2E40 49] iPhone11ProMax, [000002614BD66800][000002614B7D6FC0 49] iPhoneSE2, [000002614BDBAA00][000002614B7DB140 49] iPhone12Mini, [000002614BD65D00][000002614B7DF2C0 49] iPhone12, [000002614BDBA300][000002614B7E3440 49] iPhone12Pro, [000002614BD64600][000002614B7E75C0 49] iPhone12ProMax, [000002614BDBA800][000002614B7EB740 49] iPadPro105, [000002614BD67700][000002614B7EF8C0 49] iPadPro129, [000002614BDB8900][000002614B7F3A40 49] iPadPro97, [000002614BD67F00][000002614B7F7BC0 49] iPadPro2_129, [000002614BDB9200][000002614B7FA1C0 49] iPad5, [000002614BD66000][000002614B7FE340 49] iPad6, [000002614BDB8C00][000002614B8024C0 49] iPad7, [000002614BD65300][000002614B522640 49] iPad8, [000002614BDBAB00][000002614B7C6780 49] iPadPro11, [000002614BD66200][000002614B5268C0 49] iPadPro2_11, [000002614BDBA600][000002614B52AA00 49] iPadPro3_129, [000002614BD65C00][000002614B52EB40 49] iPadPro4_129, [000002614BDB8300][000002614B536CC0 49] AppleTV, [000002614BD66D00][000002614B53AE40 49] AppleTV4K, [000002614BDBB300][000002614B53EFC0 49] TVOS, [000002614BD64B00][000002614B543140 49] Mac, [000002614BDB9000][000002614B5472C0 49] MacClient, [000002614BD67A00][000002614B54B440 49] MacNoEditor, [000002614BDB8700][000002614B54F5C0 49] MacServer, [000002614BD67500][000002614B553740 49] Linux, [000002614BDB8A00][000002614B5578C0 49] LinuxAArch64, [000002614BD65B00][000002614B55BA40 49] LinuxNoEditor, [000002614BDBA100][000002614B55FBC0 49] LinuxAArch64NoEditor, [000002614BD67900][000002614B5621C0 49] LinuxClient, [000002614BDBBF00][000002614B566340 49] LinuxAArch64Client, [000002614BD66E00][000002614B56A4C0 49] LinuxServer, [000002614BDBA500][000002614B56E640 49] LinuxAArch64Server, [000002614BD65100][000002614B5727C0 49] Android, [000002614BDBA400][000002614B576940 49] Android_Low, [000002614BD65800][000002614B532A80 49] Android_Mid, [000002614BE29800][000002614B57ABC0 49] Android_High, [000002614BDA5400][000002614B57ED00 49] Android_Default, [000002614BE29300][000002614B586E80 49] Android_Adreno4xx, [000002614BDA5900][000002614B58B000 49] Android_Adreno5xx_Low, [000002614BE2A500][000002614B58F180 49] Android_Adreno5xx, [000002614BDA6D00][000002614B593300 49] Android_Adreno6xx, [000002614BE29A00][000002614B597480 49] Android_Adreno6xx_Vulkan, [000002614BDA7200][000002614B59B600 49] Android_Mali_T6xx, [000002614BE28A00][000002614B59F780 49] Android_Mali_T7xx, [000002614BDA4C00][000002614B5A3900 49] Android_Mali_T8xx, [000002614BE29D00][000002614B5A7A80 49] Android_Mali_G71, [000002614BDA5000][000002614B5ABC00 49] Android_Mali_G72, [000002614BE28D00][000002614B5AE200 49] Android_Mali_G72_Vulkan, [000002614BDA4900][000002614B5B2380 49] Android_Mali_G76, [000002614BE29900][000002614B5B6500 49] Android_Mali_G76_Vulkan, [000002614BDA7100][000002614B5BA680 49] Android_Mali_G77, [000002614BE2A600][000002614B5BE800 49] Android_Mali_G77_Vulkan, [000002614BDA6E00][000002614B5C2980 49] Android_Mali_G78, [000002614BE28C00][000002614B5C6B00 49] Android_Mali_G78_Vulkan, [000002614BDA6400][000002614B582C40 49] Android_Mali_G710, [000002614BE28700][000002614B5CAD80 49] Android_Mali_G710_Vulkan, [000002614BDBB200][000002614B5CEEC0 49] Android_Vulkan_SM5, [000002614BD66300][000002614B5D7040 49] Android_PowerVR_G6xxx, [000002614BDB8600][000002614B5DB1C0 49] Android_PowerVR_GT7xxx, [000002614BD67600][000002614B5DF340 49] Android_PowerVR_GE8xxx, [000002614BE29600][000002614B5E34C0 49] Android_PowerVR_GM9xxx, [000002614BD64500][000002614B5E7640 49] Android_PowerVR_GM9xxx_Vulkan, [000002614BE28400][000002614B5EB7C0 49] Android_TegraK1, [000002614BD65500][000002614B5EF940 49] Android_Unknown_Vulkan, [000002614BE29B00][000002614B5F3AC0 49] Lumin, [000002614BD67E00][000002614B5F60C0 49] Lumin_Desktop, [000002614BE28100][000002614B5FA240 49] HoloLens, 
[2023.05.03-12.00.59:670][  0]LogMeshReduction: Using QuadricMeshReduction for automatic static mesh reduction
[2023.05.03-12.00.59:670][  0]LogMeshReduction: Using SimplygonMeshReduction for automatic skeletal mesh reduction
[2023.05.03-12.00.59:670][  0]LogMeshReduction: Using ProxyLODMeshReduction for automatic mesh merging
[2023.05.03-12.00.59:670][  0]LogMeshReduction: No distributed automatic mesh merging module available
[2023.05.03-12.00.59:670][  0]LogMeshMerging: No distributed automatic mesh merging module available
[2023.05.03-12.01.01:033][  0]LogNetVersion: Classroom 1.0.0, NetCL: 0, EngineNetVer: 17, GameNetVer: 0 (Checksum: 4187765647)
[2023.05.03-12.01.19:605][  0]LogTexture: Default maximum texture size for cubemaps generated from long-lat sources has been changed from 512 to unlimited. In order to preserve old behaiour for '/Engine/MapTemplates/Sky/DaylightAmbientCubemap.DaylightAmbientCubemap', its maximum texture size has been explicitly set to 512.
[2023.05.03-12.01.20:724][  0]LogHMD: PokeAHoleMaterial loaded successfully
[2023.05.03-12.01.20:970][  0]LogUObjectArray: 17164 objects as part of root set at end of initial load.
[2023.05.03-12.01.20:970][  0]LogUObjectAllocator: 4298528 out of 0 bytes used by permanent object pool.
[2023.05.03-12.01.20:983][  0]LogUObjectArray: CloseDisregardForGC: 0/0 objects in disregard for GC pool
[2023.05.03-12.01.25:391][  0]LogConfig: Warning: Failed to saved backup for config[../../../../../Classroom/Intermediate/Config/CoalescedSourceConfigs/InternationalizationExport.ini]
[2023.05.03-12.01.27:636][  0]LogPython: Using Python 3.7.7
[2023.05.03-12.01.29:440][  0]LogNiagaraDebuggerClient: Niagara Debugger Client Initialized | Session: 225AD3EE40016B939C8A6D97EFCB03EE | Instance: 0DE717564F20E5A5CACB20881E023D6E (DESKTOP-A4FIJ9J-6804).
[2023.05.03-12.01.31:514][  0]LogTcpMessaging: Initializing TcpMessaging bridge
[2023.05.03-12.01.31:762][  0]LogUdpMessaging: Initializing bridge on interface 0.0.0.0:0 to multicast group 230.0.0.1:6666.
[2023.05.03-12.01.34:546][  0]LogVaRest: FVaRestModule::StartupModule(28): VaRest (1.1.33) module started
[2023.05.03-12.01.35:836][  0]SourceControl: Source control is disabled
[2023.05.03-12.01.35:848][  0]SourceControl: Source control is disabled
[2023.05.03-12.01.36:192][  0]SourceControl: Source control is disabled
[2023.05.03-12.01.36:251][  0]SourceControl: Source control is disabled
[2023.05.03-12.01.36:904][  0]SourceControl: Source control is disabled
[2023.05.03-12.01.36:985][  0]LogUProjectInfo: Found projects:
[2023.05.03-12.01.40:192][  0]LogOpenImageDenoise: OIDN starting up
[2023.05.03-12.01.41:026][  0]LogAndroidPermission: UAndroidPermissionCallbackProxy::GetInstance
[2023.05.03-12.01.41:283][  0]LogAudioCaptureCore: Display: No Audio Capture implementations found. Audio input will be silent.
[2023.05.03-12.01.41:283][  0]LogAudioCaptureCore: Display: No Audio Capture implementations found. Audio input will be silent.
[2023.05.03-12.01.42:993][  0]LogCollectionManager: Loaded 0 collections in 0.002179 seconds
[2023.05.03-12.01.43:185][  0]LogFileCache: Scanning file cache for directory 'D:/Classroom/Saved/Collections/' took 0.00s
[2023.05.03-12.01.43:185][  0]LogFileCache: Scanning file cache for directory 'D:/Classroom/Content/Developers/CGLab14/Collections/' took 0.00s
[2023.05.03-12.01.43:186][  0]LogFileCache: Scanning file cache for directory 'D:/Classroom/Content/Collections/' took 0.00s
[2023.05.03-12.01.44:077][  0]LogOcInput: OculusInput pre-init called
[2023.05.03-12.01.45:376][  0]LogTemp: Warning: UMicrophoneSpeakComponent::UMicrophoneSpeakComponent
[2023.05.03-12.01.48:380][  0]LogClass: Display: EnumProperty FVaRest_NamedType::Type is not initialized properly. Module:VaRestEditor File:Public/VaRest_BreakJson.h
[2023.05.03-12.01.48:387][  0]LogClass: Display: BoolProperty FVaRest_NamedType::bIsArray is not initialized properly. Module:VaRestEditor File:Public/VaRest_BreakJson.h
[2023.05.03-12.01.48:387][  0]LogClass: Display: 2 Uninitialized script struct members found including 0 object properties
[2023.05.03-12.01.48:667][  0]LogEngine: Initializing Engine...
[2023.05.03-12.01.48:704][  0]LogVaRest: UVaRestSubsystem::Initialize(24): VaRest subsystem initialized
[2023.05.03-12.01.49:349][  0]LogHMD: Failed to enumerate extensions. Please check that you have a valid OpenXR runtime installed.
[2023.05.03-12.01.49:373][  0]LogHMD: Failed to initialize OpenVR with code 110
[2023.05.03-12.01.49:389][  0]LogMagicLeap: Warning: VR disabled because ZI is not enabled.  To enable, in the editor, Edit -> Project Settings -> Plugins -> Magic Leap Plugin -> Enable Zero Iteration
[2023.05.03-12.01.49:624][  0]LogStats: UGameplayTagsManager::InitializeManager -  0.009 s
[2023.05.03-12.01.50:827][  0]LogInit: Initializing FReadOnlyCVARCache
[2023.05.03-12.01.52:051][  0]LogAIModule: Creating AISystem for world Untitled
[2023.05.03-12.01.52:263][  0]LogAudio: Display: Initializing Audio Device Manager...
[2023.05.03-12.01.52:379][  0]LogAudio: Display: Loading Default Audio Settings Objects...
[2023.05.03-12.01.52:455][  0]LogAudio: Display: No default SoundConcurrencyObject specified (or failed to load).
[2023.05.03-12.01.52:529][  0]LogAudio: Display: Audio Device Manager Initialized
[2023.05.03-12.01.52:542][  0]LogAudio: Display: Creating Audio Device:                 Id: 1, Scope: Shared, Realtime: True
[2023.05.03-12.01.52:603][  0]LogAudioMixer: Display: Audio Mixer Platform Settings:
[2023.05.03-12.01.52:603][  0]LogAudioMixer: Display: 	Sample Rate:						  48000
[2023.05.03-12.01.52:603][  0]LogAudioMixer: Display: 	Callback Buffer Frame Size Requested: 1024
[2023.05.03-12.01.52:603][  0]LogAudioMixer: Display: 	Callback Buffer Frame Size To Use:	  1024
[2023.05.03-12.01.52:603][  0]LogAudioMixer: Display: 	Number of buffers to queue:			  2
[2023.05.03-12.01.52:603][  0]LogAudioMixer: Display: 	Max Channels (voices):				  32
[2023.05.03-12.01.52:603][  0]LogAudioMixer: Display: 	Number of Async Source Workers:		  0
[2023.05.03-12.01.52:604][  0]LogAudio: Display: AudioDevice MaxSources: 32
[2023.05.03-12.01.52:681][  0]LogAudio: Display: Audio Spatialization Plugin: None (built-in).
[2023.05.03-12.01.52:681][  0]LogAudio: Display: Audio Reverb Plugin: None (built-in).
[2023.05.03-12.01.52:681][  0]LogAudio: Display: Audio Occlusion Plugin: None (built-in).
[2023.05.03-12.01.52:681][  0]LogAudioMixer: Display: Initializing audio mixer.
[2023.05.03-12.01.53:413][  0]LogAudioMixer: Display: 0: FrontLeft
[2023.05.03-12.01.53:413][  0]LogAudioMixer: Display: 1: FrontRight
[2023.05.03-12.01.54:690][  0]LogAudioMixer: Display: Using Audio Device Speakers / Headphones (Realtek Audio)
[2023.05.03-12.01.54:938][  0]LogAudioMixer: Display: Initializing Sound Submixes...
[2023.05.03-12.01.55:048][  0]LogAudioMixer: Display: Creating Master Submix 'MasterSubmixDefault'
[2023.05.03-12.01.55:049][  0]LogAudioMixer: Display: Creating Master Submix 'MasterReverbSubmixDefault'
[2023.05.03-12.01.55:095][  0]LogAudioMixer: Display: Creating Master Submix 'MasterEQSubmixDefault'
[2023.05.03-12.01.55:095][  0]LogAudioMixer: FMixerPlatformXAudio2::StartAudioStream() called
[2023.05.03-12.01.55:095][  0]LogAudioMixer: Display: Output buffers initialized: Frames=1024, Channels=2, Samples=2048
[2023.05.03-12.01.55:098][  0]LogAudioMixer: Display: Starting AudioMixerPlatformInterface::RunInternal()
[2023.05.03-12.01.55:098][  0]LogAudioMixer: Display: FMixerPlatformXAudio2::SubmitBuffer() called for the first time
[2023.05.03-12.01.55:098][  0]LogInit: FAudioDevice initialized.
[2023.05.03-12.01.55:104][  0]LogAudio: Display: Audio Device (ID: 1) registered with world 'Untitled'.
[2023.05.03-12.01.55:174][  0]LogNetVersion: Set ProjectVersion to 1.0.0.0. Version Checksum will be recalculated on next use.
[2023.05.03-12.01.55:193][  0]LogDerivedDataCache: Error: Could not save memory cache ../../../../../Classroom/DerivedDataCache/Boot.ddc.
[2023.05.03-12.01.55:194][  0]LogInit: Texture streaming: Enabled
[2023.05.03-12.01.55:870][  0]LogAnalytics: Display: [UEEditor.UnrealEngine.Release] APIServer = https://datarouter.ol.epicgames.com/. AppVersion = 4.27.2-0+++UE4+Release-4.27
[2023.05.03-12.01.56:329][  0]LogEngineSessionManager: EngineSessionManager initialized
[2023.05.03-12.01.56:865][  0]LogInit: Transaction tracking system initialized
[2023.05.03-12.01.57:607][  0]BlueprintLog: New page: Editor Load
[2023.05.03-12.02.00:208][  0]LocalizationService: Localization service is disabled
[2023.05.03-12.02.01:609][  0]TimingProfiler: Initialize
[2023.05.03-12.02.01:627][  0]TimingProfiler: OnSessionChanged
[2023.05.03-12.02.01:627][  0]LoadingProfiler: Initialize
[2023.05.03-12.02.01:627][  0]LoadingProfiler: OnSessionChanged
[2023.05.03-12.02.01:627][  0]NetworkingProfiler: Initialize
[2023.05.03-12.02.01:633][  0]NetworkingProfiler: OnSessionChanged
[2023.05.03-12.02.01:634][  0]MemoryProfiler: Initialize
[2023.05.03-12.02.01:634][  0]MemoryProfiler: OnSessionChanged
