Log file open, 04/27/23 19:04:29
LogWindows: Failed to load 'aqProf.dll' (GetLastError=126)
LogWindows: File 'aqProf.dll' does not exist
LogWindows: Failed to load 'VtuneApi.dll' (GetLastError=126)
LogWindows: File 'VtuneApi.dll' does not exist
LogWindows: Failed to load 'VtuneApi32e.dll' (GetLastError=126)
LogWindows: File 'VtuneApi32e.dll' does not exist
LogConsoleResponse: Display: Failed to find resolution value strings in scalability ini. Falling back to default.
LogConsoleResponse: Display: Failed to find resolution value strings in scalability ini. Falling back to default.
LogInit: Display: Running engine for game: Classroom
LogPlatformFile: Not using cached read wrapper
LogTaskGraph: Started task graph with 5 named threads and 14 total threads with 3 sets of task threads.
LogStats: Stats thread started at 0.168193
LogICUInternationalization: ICU TimeZone Detection - Raw Offset: +8:00, Platform Override: ''
LogInit: Display: Loading text-based GConfig....
LogPluginManager: Mounting plugin MeshPainting
LogPluginManager: Mounting plugin XGEController
LogPluginManager: Mounting plugin Paper2D
LogPluginManager: Mounting plugin AISupport
LogPluginManager: Mounting plugin EnvironmentQueryEditor
LogPluginManager: Mounting plugin LiveLink
LogPluginManager: Mounting plugin LightPropagationVolume
LogPluginManager: Mounting plugin CameraShakePreviewer
LogPluginManager: Mounting plugin GameplayCameras
LogPluginManager: Mounting plugin OodleData
LogPluginManager: Mounting plugin OodleNetwork
LogPluginManager: Mounting plugin AnimationSharing
LogPluginManager: Mounting plugin CLionSourceCodeAccess
LogPluginManager: Mounting plugin CodeLiteSourceCodeAccess
LogPluginManager: Mounting plugin GitSourceControl
LogPluginManager: Mounting plugin KDevelopSourceCodeAccess
LogPluginManager: Mounting plugin NullSourceCodeAccess
LogPluginManager: Mounting plugin PerforceSourceControl
LogPluginManager: Mounting plugin PixWinPlugin
LogPluginManager: Mounting plugin PlasticSourceControl
LogPluginManager: Mounting plugin PluginUtils
LogPluginManager: Mounting plugin PropertyAccessNode
LogPluginManager: Mounting plugin RiderSourceCodeAccess
LogPluginManager: Mounting plugin SubversionSourceControl
LogPluginManager: Mounting plugin TextureFormatOodle
LogPluginManager: Mounting plugin UObjectPlugin
LogPluginManager: Mounting plugin VisualStudioCodeSourceCodeAccess
LogPluginManager: Mounting plugin VisualStudioSourceCodeAccess
LogPluginManager: Mounting plugin XCodeSourceCodeAccess
LogPluginManager: Mounting plugin AssetManagerEditor
LogPluginManager: Mounting plugin CryptoKeys
LogPluginManager: Mounting plugin CurveEditorTools
LogPluginManager: Mounting plugin DataValidation
LogPluginManager: Mounting plugin FacialAnimation
LogPluginManager: Mounting plugin GameplayTagsEditor
LogPluginManager: Mounting plugin GeometryMode
LogPluginManager: Mounting plugin MacGraphicsSwitching
LogPluginManager: Mounting plugin MaterialAnalyzer
LogPluginManager: Mounting plugin MobileLauncherProfileWizard
LogPluginManager: Mounting plugin Niagara
LogPluginManager: Mounting plugin PluginBrowser
LogPluginManager: Mounting plugin SpeedTreeImporter
LogPluginManager: Mounting plugin DatasmithContent
LogPluginManager: Mounting plugin VariantManagerContent
LogPluginManager: Mounting plugin AlembicImporter
LogPluginManager: Mounting plugin AutomationUtils
LogPluginManager: Mounting plugin BackChannel
LogPluginManager: Mounting plugin ChaosCloth
LogPluginManager: Mounting plugin ChaosClothEditor
LogPluginManager: Mounting plugin ChaosEditor
LogPluginManager: Mounting plugin ChaosNiagara
LogPluginManager: Mounting plugin ChaosSolverPlugin
LogPluginManager: Mounting plugin CharacterAI
LogPluginManager: Mounting plugin GeometryCache
LogPluginManager: Mounting plugin GeometryCollectionPlugin
LogPluginManager: Mounting plugin GeometryProcessing
LogPluginManager: Mounting plugin MotoSynth
LogPluginManager: Mounting plugin OpenImageDenoise
LogPluginManager: Mounting plugin PlanarCut
LogPluginManager: Mounting plugin PlatformCrypto
LogPluginManager: Mounting plugin ProxyLODPlugin
LogPluginManager: Mounting plugin PythonScriptPlugin
LogPluginManager: Mounting plugin SkeletalReduction
LogPluginManager: Mounting plugin LuminPlatformFeatures
LogPluginManager: Mounting plugin MagicLeap
LogPluginManager: Mounting plugin MagicLeapLightEstimation
LogPluginManager: Mounting plugin MagicLeapMedia
LogPluginManager: Mounting plugin MagicLeapPassableWorld
LogPluginManager: Mounting plugin MLSDK
LogPluginManager: Mounting plugin AndroidMedia
LogPluginManager: Mounting plugin AvfMedia
LogPluginManager: Mounting plugin ImgMedia
LogPluginManager: Mounting plugin MediaCompositing
LogPluginManager: Mounting plugin MediaPlayerEditor
LogPluginManager: Mounting plugin WebMMedia
LogPluginManager: Mounting plugin WmfMedia
LogPluginManager: Mounting plugin TcpMessaging
LogPluginManager: Mounting plugin UdpMessaging
LogPluginManager: Mounting plugin ActorSequence
LogPluginManager: Mounting plugin LevelSequenceEditor
LogPluginManager: Mounting plugin MatineeToLevelSequence
LogPluginManager: Mounting plugin TemplateSequence
LogPluginManager: Mounting plugin OnlineSubsystem
LogPluginManager: Mounting plugin OnlineSubsystemNull
LogPluginManager: Mounting plugin OnlineSubsystemUtils
LogPluginManager: Mounting plugin LauncherChunkInstaller
LogPluginManager: Mounting plugin ActorLayerUtilities
LogPluginManager: Mounting plugin AndroidDeviceProfileSelector
LogPluginManager: Mounting plugin AndroidMoviePlayer
LogPluginManager: Mounting plugin AndroidPermission
LogPluginManager: Mounting plugin AppleImageUtils
LogPluginManager: Mounting plugin AppleMoviePlayer
LogPluginManager: Mounting plugin ArchVisCharacter
LogPluginManager: Mounting plugin AssetTags
LogPluginManager: Mounting plugin AudioCapture
LogPluginManager: Mounting plugin AudioSynesthesia
LogPluginManager: Mounting plugin CableComponent
LogPluginManager: Mounting plugin ChunkDownloader
LogPluginManager: Mounting plugin CustomMeshComponent
LogPluginManager: Mounting plugin EditableMesh
LogPluginManager: Mounting plugin ExampleDeviceProfileSelector
LogPluginManager: Mounting plugin GoogleCloudMessaging
LogPluginManager: Mounting plugin GooglePAD
LogPluginManager: Mounting plugin IOSDeviceProfileSelector
LogPluginManager: Mounting plugin LinuxDeviceProfileSelector
LogPluginManager: Mounting plugin LocationServicesBPLibrary
LogPluginManager: Mounting plugin MobilePatchingUtils
LogPluginManager: Mounting plugin OpenXREyeTracker
LogPluginManager: Mounting plugin OpenXR
LogPluginManager: Mounting plugin OpenXRHandTracking
LogPluginManager: Mounting plugin PhysXVehicles
LogPluginManager: Mounting plugin PostSplashScreen
LogPluginManager: Mounting plugin ProceduralMeshComponent
LogPluginManager: Mounting plugin PropertyAccessEditor
LogPluginManager: Mounting plugin RuntimePhysXCooking
LogPluginManager: Mounting plugin SignificanceManager
LogPluginManager: Mounting plugin SoundFields
LogPluginManager: Mounting plugin Synthesis
LogPluginManager: Mounting plugin WebMMoviePlayer
LogPluginManager: Mounting plugin WindowsMoviePlayer
LogPluginManager: Mounting plugin ScreenshotTools
LogPluginManager: Mounting plugin Takes
LogPluginManager: Mounting plugin ContentBrowserAssetDataSource
LogPluginManager: Mounting plugin ContentBrowserClassDataSource
LogPluginManager: Mounting plugin ContentBrowserFileDataSource
LogPluginManager: Mounting plugin OnlineSubsystemGooglePlay
LogPluginManager: Mounting plugin OnlineSubsystemIOS
LogPluginManager: Mounting plugin OculusVR
LogPluginManager: Mounting plugin SteamVR
LogPluginManager: Mounting plugin PlayFabGSDK
LogPluginManager: Mounting plugin PlayFab
LogPluginManager: Mounting plugin RealTimeImport
LogPluginManager: Mounting plugin RuntimeFilesDownloader
LogPluginManager: Mounting plugin VaRest
PixWinPlugin: PIX capture plugin failed to initialize! Check that the process is launched from PIX.
LogInit: Using libcurl 7.55.1-DEV
LogInit:  - built for x86_64-pc-win32
LogInit:  - supports SSL with OpenSSL/1.1.1
LogInit:  - supports HTTP deflate (compression) using libz 1.2.8
LogInit:  - other features:
LogInit:      CURL_VERSION_SSL
LogInit:      CURL_VERSION_LIBZ
LogInit:      CURL_VERSION_IPV6
LogInit:      CURL_VERSION_ASYNCHDNS
LogInit:      CURL_VERSION_LARGEFILE
LogInit:      CURL_VERSION_IDN
LogInit:  CurlRequestOptions (configurable via config and command line):
LogInit:  - bVerifyPeer = true  - Libcurl will verify peer certificate
LogInit:  - bUseHttpProxy = false  - Libcurl will NOT use HTTP proxy
LogInit:  - bDontReuseConnections = false  - Libcurl will reuse connections
LogInit:  - MaxHostConnections = 16  - Libcurl will limit the number of connections to a host
LogInit:  - LocalHostAddr = Default
LogInit:  - BufferSize = 65536
LogOnline: OSS: Creating online subsystem instance for: NULL
LogInit: WinSock: version 1.1 (2.2), MaxSocks=32767, MaxUdp=65467
LogOnline: OSS: TryLoadSubsystemAndSetDefault: Loaded subsystem for module [NULL]
LogOculusPluginWrapper: OculusPlugin initialized successfully
LogHMD: Failed initializing OVRPlugin 1.59.0
LogInit: Build: ++UE4+Release-4.27-CL-0
LogInit: Engine Version: 4.27.2-0+++UE4+Release-4.27
LogInit: Compatible Engine Version: 4.27.0-0+++UE4+Release-4.27
LogInit: Net CL: 0
LogInit: OS: Windows 10 (Release 2009) (), CPU: Intel(R) Xeon(R) CPU E5-1603 v3 @ 2.80GHz, GPU: NVIDIA Quadro K620
LogInit: Compiled (64-bit): Apr 21 2023 11:13:01
LogInit: Compiled with Visual C++: 19.29.30146.00
LogInit: Build Configuration: Development
LogInit: Branch Name: ++UE4+Release-4.27
LogInit: Command Line: 
LogInit: Base Directory: D:/UnrealSource/UnrealEngine-4.27/Engine/Binaries/Win64/
LogInit: Allocator: TBB
LogInit: Installed Engine Build: 0
LogDevObjectVersion: Number of dev versions registered: 29
LogDevObjectVersion:   Dev-Blueprints (B0D832E4-1F89-4F0D-ACCF-7EB736FD4AA2): 10
LogDevObjectVersion:   Dev-Build (E1C64328-A22C-4D53-A36C-8E866417BD8C): 0
LogDevObjectVersion:   Dev-Core (375EC13C-06E4-48FB-B500-84F0262A717E): 4
LogDevObjectVersion:   Dev-Editor (E4B068ED-F494-42E9-A231-DA0B2E46BB41): 40
LogDevObjectVersion:   Dev-Framework (CFFC743F-43B0-4480-9391-14DF171D2073): 37
LogDevObjectVersion:   Dev-Mobile (B02B49B5-BB20-44E9-A304-32B752E40360): 3
LogDevObjectVersion:   Dev-Networking (A4E4105C-59A1-49B5-A7C5-40C4547EDFEE): 0
LogDevObjectVersion:   Dev-Online (39C831C9-5AE6-47DC-9A44-9C173E1C8E7C): 0
LogDevObjectVersion:   Dev-Physics (78F01B33-EBEA-4F98-B9B4-84EACCB95AA2): 14
LogDevObjectVersion:   Dev-Platform (6631380F-2D4D-43E0-8009-CF276956A95A): 0
LogDevObjectVersion:   Dev-Rendering (12F88B9F-8875-4AFC-A67C-D90C383ABD29): 45
LogDevObjectVersion:   Dev-Sequencer (7B5AE74C-D270-4C10-A958-57980B212A5A): 13
LogDevObjectVersion:   Dev-VR (D7296918-1DD6-4BDD-9DE2-64A83CC13884): 3
LogDevObjectVersion:   Dev-LoadTimes (C2A15278-BFE7-4AFE-6C17-90FF531DF755): 1
LogDevObjectVersion:   Private-Geometry (6EACA3D4-40EC-4CC1-B786-8BED09428FC5): 3
LogDevObjectVersion:   Dev-AnimPhys (29E575DD-E0A3-4627-9D10-D276232CDCEA): 17
LogDevObjectVersion:   Dev-Anim (AF43A65D-7FD3-4947-9873-3E8ED9C1BB05): 15
LogDevObjectVersion:   Dev-ReflectionCapture (6B266CEC-1EC7-4B8F-A30B-E4D90942FC07): 1
LogDevObjectVersion:   Dev-Automation (0DF73D61-A23F-47EA-B727-89E90C41499A): 1
LogDevObjectVersion:   FortniteMain (601D1886-AC64-4F84-AA16-D3DE0DEAC7D6): 47
LogDevObjectVersion:   FortniteRelease (E7086368-6B23-4C58-8439-1B7016265E91): 1
LogDevObjectVersion:   Dev-Enterprise (9DFFBCD6-494F-0158-E221-12823C92A888): 10
LogDevObjectVersion:   Dev-Niagara (F2AED0AC-9AFE-416F-8664-AA7FFA26D6FC): 1
LogDevObjectVersion:   Dev-Destruction (174F1F0B-B4C6-45A5-B13F-2EE8D0FB917D): 10
LogDevObjectVersion:   Dev-Physics-Ext (35F94A83-E258-406C-A318-09F59610247C): 41
LogDevObjectVersion:   Dev-PhysicsMaterial-Chaos (B68FC16E-8B1B-42E2-B453-215C058844FE): 1
LogDevObjectVersion:   Dev-CineCamera (B2E18506-4273-CFC2-A54E-F4BB758BBA07): 1
LogDevObjectVersion:   Dev-VirtualProduction (64F58936-FD1B-42BA-BA96-7289D5D0FA4E): 1
LogDevObjectVersion:   Dev-MediaFramework (6F0ED827-A609-4895-9C91-998D90180EA4): 2
LogLinker: AddRedirectList(D:/UEProject/Classroom/Saved/Config/Windows/VaRest.ini) has substring redirect /VaRestPlugin/, these are very slow and should be resolved as soon as possible!
LogInit: Presizing for max 25165824 objects, including 0 objects not considered by GC, pre-allocating 0 bytes for permanent pool.
LogConfig: Applying CVar settings from Section [/Script/Engine.StreamingSettings] File [D:/UEProject/Classroom/Saved/Config/Windows/Engine.ini]
LogConfig: Setting CVar [[s.MinBulkDataSizeForAsyncLoading:131072]]
LogConfig: Setting CVar [[s.AsyncLoadingThreadEnabled:0]]
LogConfig: Setting CVar [[s.EventDrivenLoaderEnabled:1]]
LogConfig: Setting CVar [[s.WarnIfTimeLimitExceeded:0]]
LogConfig: Setting CVar [[s.TimeLimitExceededMultiplier:1.5]]
LogConfig: Setting CVar [[s.TimeLimitExceededMinTime:0.005]]
LogConfig: Setting CVar [[s.UseBackgroundLevelStreaming:1]]
LogConfig: Setting CVar [[s.PriorityAsyncLoadingExtraTime:15.0]]
LogConfig: Setting CVar [[s.LevelStreamingActorsUpdateTimeLimit:5.0]]
LogConfig: Setting CVar [[s.PriorityLevelStreamingActorsUpdateExtraTime:5.0]]
LogConfig: Setting CVar [[s.LevelStreamingComponentsRegistrationGranularity:10]]
LogConfig: Setting CVar [[s.UnregisterComponentsTimeLimit:1.0]]
LogConfig: Setting CVar [[s.LevelStreamingComponentsUnregistrationGranularity:5]]
LogConfig: Setting CVar [[s.FlushStreamingOnExit:1]]
LogInit: Object subsystem initialized
LogConfig: Setting CVar [[con.DebugEarlyDefault:1]]
LogConfig: Setting CVar [[r.setres:1280x720]]
[2023.04.27-11.04.30:422][  0]LogConfig: Setting CVar [[r.VSync:0]]
[2023.04.27-11.04.30:422][  0]LogConfig: Setting CVar [[r.RHICmdBypass:0]]
[2023.04.27-11.04.30:422][  0]LogConfig: Applying CVar settings from Section [/Script/Engine.RendererSettings] File [D:/UEProject/Classroom/Saved/Config/Windows/Engine.ini]
[2023.04.27-11.04.30:422][  0]LogConfig: Setting CVar [[r.GPUCrashDebugging:0]]
[2023.04.27-11.04.30:422][  0]LogConfig: Applying CVar settings from Section [/Script/Engine.RendererOverrideSettings] File [D:/UEProject/Classroom/Saved/Config/Windows/Engine.ini]
[2023.04.27-11.04.30:422][  0]LogConfig: Applying CVar settings from Section [/Script/Engine.StreamingSettings] File [D:/UEProject/Classroom/Saved/Config/Windows/Engine.ini]
[2023.04.27-11.04.30:422][  0]LogConfig: Setting CVar [[s.MinBulkDataSizeForAsyncLoading:131072]]
[2023.04.27-11.04.30:422][  0]LogConfig: Setting CVar [[s.AsyncLoadingThreadEnabled:0]]
[2023.04.27-11.04.30:422][  0]LogConfig: Setting CVar [[s.EventDrivenLoaderEnabled:1]]
[2023.04.27-11.04.30:422][  0]LogConfig: Setting CVar [[s.WarnIfTimeLimitExceeded:0]]
[2023.04.27-11.04.30:422][  0]LogConfig: Setting CVar [[s.TimeLimitExceededMultiplier:1.5]]
[2023.04.27-11.04.30:422][  0]LogConfig: Setting CVar [[s.TimeLimitExceededMinTime:0.005]]
[2023.04.27-11.04.30:422][  0]LogConfig: Setting CVar [[s.UseBackgroundLevelStreaming:1]]
[2023.04.27-11.04.30:422][  0]LogConfig: Setting CVar [[s.PriorityAsyncLoadingExtraTime:15.0]]
[2023.04.27-11.04.30:422][  0]LogConfig: Setting CVar [[s.LevelStreamingActorsUpdateTimeLimit:5.0]]
[2023.04.27-11.04.30:422][  0]LogConfig: Setting CVar [[s.PriorityLevelStreamingActorsUpdateExtraTime:5.0]]
[2023.04.27-11.04.30:422][  0]LogConfig: Setting CVar [[s.LevelStreamingComponentsRegistrationGranularity:10]]
[2023.04.27-11.04.30:422][  0]LogConfig: Setting CVar [[s.UnregisterComponentsTimeLimit:1.0]]
[2023.04.27-11.04.30:422][  0]LogConfig: Setting CVar [[s.LevelStreamingComponentsUnregistrationGranularity:5]]
[2023.04.27-11.04.30:422][  0]LogConfig: Setting CVar [[s.FlushStreamingOnExit:1]]
[2023.04.27-11.04.30:422][  0]LogConfig: Applying CVar settings from Section [/Script/Engine.GarbageCollectionSettings] File [D:/UEProject/Classroom/Saved/Config/Windows/Engine.ini]
[2023.04.27-11.04.30:422][  0]LogConfig: Setting CVar [[gc.MaxObjectsNotConsideredByGC:1]]
[2023.04.27-11.04.30:422][  0]LogConfig: Setting CVar [[gc.SizeOfPermanentObjectPool:0]]
[2023.04.27-11.04.30:422][  0]LogConfig: Setting CVar [[gc.FlushStreamingOnGC:0]]
[2023.04.27-11.04.30:422][  0]LogConfig: Setting CVar [[gc.NumRetriesBeforeForcingGC:10]]
[2023.04.27-11.04.30:422][  0]LogConfig: Setting CVar [[gc.AllowParallelGC:1]]
[2023.04.27-11.04.30:422][  0]LogConfig: Setting CVar [[gc.TimeBetweenPurgingPendingKillObjects:61.1]]
[2023.04.27-11.04.30:422][  0]LogConfig: Setting CVar [[gc.MaxObjectsInEditor:25165824]]
[2023.04.27-11.04.30:422][  0]LogConfig: Setting CVar [[gc.IncrementalBeginDestroyEnabled:1]]
[2023.04.27-11.04.30:422][  0]LogConfig: Setting CVar [[gc.CreateGCClusters:1]]
[2023.04.27-11.04.30:422][  0]LogConfig: Setting CVar [[gc.MinGCClusterSize:5]]
[2023.04.27-11.04.30:422][  0]LogConfig: Setting CVar [[gc.ActorClusteringEnabled:0]]
[2023.04.27-11.04.30:422][  0]LogConfig: Setting CVar [[gc.BlueprintClusteringEnabled:0]]
[2023.04.27-11.04.30:422][  0]LogConfig: Setting CVar [[gc.UseDisregardForGCOnDedicatedServers:0]]
[2023.04.27-11.04.30:422][  0]LogConfig: Setting CVar [[gc.MultithreadedDestructionEnabled:1]]
[2023.04.27-11.04.30:422][  0]LogConfig: Applying CVar settings from Section [/Script/Engine.NetworkSettings] File [D:/UEProject/Classroom/Saved/Config/Windows/Engine.ini]
[2023.04.27-11.04.30:422][  0]LogConfig: Applying CVar settings from Section [/Script/UnrealEd.CookerSettings] File [D:/UEProject/Classroom/Saved/Config/Windows/Engine.ini]
[2023.04.27-11.04.30:422][  0]LogConfig: Applying CVar settings from Section [ViewDistanceQuality@3] File [D:/UEProject/Classroom/Saved/Config/Windows/Scalability.ini]
[2023.04.27-11.04.30:422][  0]LogConfig: Setting CVar [[r.SkeletalMeshLODBias:0]]
[2023.04.27-11.04.30:422][  0]LogConfig: Setting CVar [[r.ViewDistanceScale:1.0]]
[2023.04.27-11.04.30:422][  0]LogConfig: Applying CVar settings from Section [AntiAliasingQuality@3] File [D:/UEProject/Classroom/Saved/Config/Windows/Scalability.ini]
[2023.04.27-11.04.30:422][  0]LogConfig: Setting CVar [[r.PostProcessAAQuality:4]]
[2023.04.27-11.04.30:422][  0]LogConfig: Applying CVar settings from Section [ShadowQuality@3] File [D:/UEProject/Classroom/Saved/Config/Windows/Scalability.ini]
[2023.04.27-11.04.30:422][  0]LogConfig: Setting CVar [[r.LightFunctionQuality:1]]
[2023.04.27-11.04.30:422][  0]LogConfig: Setting CVar [[r.ShadowQuality:5]]
[2023.04.27-11.04.30:422][  0]LogConfig: Setting CVar [[r.Shadow.CSM.MaxCascades:10]]
[2023.04.27-11.04.30:422][  0]LogConfig: Setting CVar [[r.Shadow.MaxResolution:2048]]
[2023.04.27-11.04.30:422][  0]LogConfig: Setting CVar [[r.Shadow.MaxCSMResolution:2048]]
[2023.04.27-11.04.30:422][  0]LogConfig: Setting CVar [[r.Shadow.RadiusThreshold:0.01]]
[2023.04.27-11.04.30:422][  0]LogConfig: Setting CVar [[r.Shadow.DistanceScale:1.0]]
[2023.04.27-11.04.30:422][  0]LogConfig: Setting CVar [[r.Shadow.CSM.TransitionScale:1.0]]
[2023.04.27-11.04.30:422][  0]LogConfig: Setting CVar [[r.Shadow.PreShadowResolutionFactor:1.0]]
[2023.04.27-11.04.30:422][  0]LogConfig: Setting CVar [[r.DistanceFieldShadowing:1]]
[2023.04.27-11.04.30:422][  0]LogConfig: Setting CVar [[r.DistanceFieldAO:1]]
[2023.04.27-11.04.30:422][  0]LogConfig: Setting CVar [[r.AOQuality:2]]
[2023.04.27-11.04.30:422][  0]LogConfig: Setting CVar [[r.VolumetricFog:1]]
[2023.04.27-11.04.30:422][  0]LogConfig: Setting CVar [[r.VolumetricFog.GridPixelSize:8]]
[2023.04.27-11.04.30:422][  0]LogConfig: Setting CVar [[r.VolumetricFog.GridSizeZ:128]]
[2023.04.27-11.04.30:422][  0]LogConfig: Setting CVar [[r.VolumetricFog.HistoryMissSupersampleCount:4]]
[2023.04.27-11.04.30:422][  0]LogConfig: Setting CVar [[r.LightMaxDrawDistanceScale:1]]
[2023.04.27-11.04.30:422][  0]LogConfig: Setting CVar [[r.CapsuleShadows:1]]
[2023.04.27-11.04.30:422][  0]LogConfig: Applying CVar settings from Section [PostProcessQuality@3] File [D:/UEProject/Classroom/Saved/Config/Windows/Scalability.ini]
[2023.04.27-11.04.30:422][  0]LogConfig: Setting CVar [[r.MotionBlurQuality:4]]
[2023.04.27-11.04.30:422][  0]LogConfig: Setting CVar [[r.AmbientOcclusionMipLevelFactor:0.4]]
[2023.04.27-11.04.30:422][  0]LogConfig: Setting CVar [[r.AmbientOcclusionMaxQuality:100]]
[2023.04.27-11.04.30:422][  0]LogConfig: Setting CVar [[r.AmbientOcclusionLevels:-1]]
[2023.04.27-11.04.30:422][  0]LogConfig: Setting CVar [[r.AmbientOcclusionRadiusScale:1.0]]
[2023.04.27-11.04.30:422][  0]LogConfig: Setting CVar [[r.DepthOfFieldQuality:2]]
[2023.04.27-11.04.30:422][  0]LogConfig: Setting CVar [[r.RenderTargetPoolMin:400]]
[2023.04.27-11.04.30:422][  0]LogConfig: Setting CVar [[r.LensFlareQuality:2]]
[2023.04.27-11.04.30:422][  0]LogConfig: Setting CVar [[r.SceneColorFringeQuality:1]]
[2023.04.27-11.04.30:422][  0]LogConfig: Setting CVar [[r.EyeAdaptationQuality:2]]
[2023.04.27-11.04.30:422][  0]LogConfig: Setting CVar [[r.BloomQuality:5]]
[2023.04.27-11.04.30:422][  0]LogConfig: Setting CVar [[r.FastBlurThreshold:100]]
[2023.04.27-11.04.30:422][  0]LogConfig: Setting CVar [[r.Upscale.Quality:3]]
[2023.04.27-11.04.30:422][  0]LogConfig: Setting CVar [[r.Tonemapper.GrainQuantization:1]]
[2023.04.27-11.04.30:422][  0]LogConfig: Setting CVar [[r.LightShaftQuality:1]]
[2023.04.27-11.04.30:422][  0]LogConfig: Setting CVar [[r.Filter.SizeScale:1]]
[2023.04.27-11.04.30:422][  0]LogConfig: Setting CVar [[r.Tonemapper.Quality:5]]
[2023.04.27-11.04.30:422][  0]LogConfig: Setting CVar [[r.DOF.Gather.AccumulatorQuality:1        ; higher gathering accumulator quality]]
[2023.04.27-11.04.30:422][  0]LogConfig: Setting CVar [[r.DOF.Gather.PostfilterMethod:1          ; Median3x3 postfilering method]]
[2023.04.27-11.04.30:422][  0]LogConfig: Setting CVar [[r.DOF.Gather.EnableBokehSettings:0       ; no bokeh simulation when gathering]]
[2023.04.27-11.04.30:422][  0]LogConfig: Setting CVar [[r.DOF.Gather.RingCount:4                 ; medium number of samples when gathering]]
[2023.04.27-11.04.30:422][  0]LogConfig: Setting CVar [[r.DOF.Scatter.ForegroundCompositing:1    ; additive foreground scattering]]
[2023.04.27-11.04.30:422][  0]LogConfig: Setting CVar [[r.DOF.Scatter.BackgroundCompositing:2    ; additive background scattering]]
[2023.04.27-11.04.30:422][  0]LogConfig: Setting CVar [[r.DOF.Scatter.EnableBokehSettings:1      ; bokeh simulation when scattering]]
[2023.04.27-11.04.30:422][  0]LogConfig: Setting CVar [[r.DOF.Scatter.MaxSpriteRatio:0.1         ; only a maximum of 10% of scattered bokeh]]
[2023.04.27-11.04.30:422][  0]LogConfig: Setting CVar [[r.DOF.Recombine.Quality:1                ; cheap slight out of focus]]
[2023.04.27-11.04.30:422][  0]LogConfig: Setting CVar [[r.DOF.Recombine.EnableBokehSettings:0    ; no bokeh simulation on slight out of focus]]
[2023.04.27-11.04.30:422][  0]LogConfig: Setting CVar [[r.DOF.TemporalAAQuality:1                ; more stable temporal accumulation]]
[2023.04.27-11.04.30:422][  0]LogConfig: Setting CVar [[r.DOF.Kernel.MaxForegroundRadius:0.025]]
[2023.04.27-11.04.30:422][  0]LogConfig: Setting CVar [[r.DOF.Kernel.MaxBackgroundRadius:0.025]]
[2023.04.27-11.04.30:422][  0]LogConfig: Applying CVar settings from Section [TextureQuality@3] File [D:/UEProject/Classroom/Saved/Config/Windows/Scalability.ini]
[2023.04.27-11.04.30:422][  0]LogConfig: Setting CVar [[r.Streaming.MipBias:0]]
[2023.04.27-11.04.30:422][  0]LogConfig: Setting CVar [[r.Streaming.AmortizeCPUToGPUCopy:0]]
[2023.04.27-11.04.30:422][  0]LogConfig: Setting CVar [[r.Streaming.MaxNumTexturesToStreamPerFrame:0]]
[2023.04.27-11.04.30:422][  0]LogConfig: Setting CVar [[r.Streaming.Boost:1]]
[2023.04.27-11.04.30:422][  0]LogConfig: Setting CVar [[r.MaxAnisotropy:8]]
[2023.04.27-11.04.30:422][  0]LogConfig: Setting CVar [[r.VT.MaxAnisotropy:8]]
[2023.04.27-11.04.30:422][  0]LogConfig: Setting CVar [[r.Streaming.LimitPoolSizeToVRAM:0]]
[2023.04.27-11.04.30:422][  0]LogConfig: Setting CVar [[r.Streaming.PoolSize:1000]]
[2023.04.27-11.04.30:422][  0]LogConfig: Setting CVar [[r.Streaming.MaxEffectiveScreenSize:0]]
[2023.04.27-11.04.30:422][  0]LogConfig: Applying CVar settings from Section [EffectsQuality@3] File [D:/UEProject/Classroom/Saved/Config/Windows/Scalability.ini]
[2023.04.27-11.04.30:422][  0]LogConfig: Setting CVar [[r.TranslucencyLightingVolumeDim:64]]
[2023.04.27-11.04.30:422][  0]LogConfig: Setting CVar [[r.RefractionQuality:2]]
[2023.04.27-11.04.30:422][  0]LogConfig: Setting CVar [[r.SSR.Quality:3]]
[2023.04.27-11.04.30:422][  0]LogConfig: Setting CVar [[r.SSR.HalfResSceneColor:0]]
[2023.04.27-11.04.30:422][  0]LogConfig: Setting CVar [[r.SceneColorFormat:4]]
[2023.04.27-11.04.30:422][  0]LogConfig: Setting CVar [[r.DetailMode:2]]
[2023.04.27-11.04.30:422][  0]LogConfig: Setting CVar [[r.TranslucencyVolumeBlur:1]]
[2023.04.27-11.04.30:422][  0]LogConfig: Setting CVar [[r.MaterialQualityLevel:1 ; High quality]]
[2023.04.27-11.04.30:422][  0]LogConfig: Setting CVar [[r.AnisotropicMaterials:1]]
[2023.04.27-11.04.30:422][  0]LogConfig: Setting CVar [[r.SSS.Scale:1]]
[2023.04.27-11.04.30:422][  0]LogConfig: Setting CVar [[r.SSS.SampleSet:2]]
[2023.04.27-11.04.30:422][  0]LogConfig: Setting CVar [[r.SSS.Quality:1]]
[2023.04.27-11.04.30:422][  0]LogConfig: Setting CVar [[r.SSS.HalfRes:0]]
[2023.04.27-11.04.30:422][  0]LogConfig: Setting CVar [[r.SSGI.Quality:3]]
[2023.04.27-11.04.30:422][  0]LogConfig: Setting CVar [[r.EmitterSpawnRateScale:1.0]]
[2023.04.27-11.04.30:422][  0]LogConfig: Setting CVar [[r.ParticleLightQuality:2]]
[2023.04.27-11.04.30:422][  0]LogConfig: Setting CVar [[r.SkyAtmosphere.AerialPerspectiveLUT.FastApplyOnOpaque:1 ; Always have FastSkyLUT 1 in this case to avoid wrong sky]]
[2023.04.27-11.04.30:422][  0]LogConfig: Setting CVar [[r.SkyAtmosphere.AerialPerspectiveLUT.SampleCountMaxPerSlice:4]]
[2023.04.27-11.04.30:422][  0]LogConfig: Setting CVar [[r.SkyAtmosphere.AerialPerspectiveLUT.DepthResolution:16.0]]
[2023.04.27-11.04.30:422][  0]LogConfig: Setting CVar [[r.SkyAtmosphere.FastSkyLUT:1]]
[2023.04.27-11.04.30:422][  0]LogConfig: Setting CVar [[r.SkyAtmosphere.FastSkyLUT.SampleCountMin:4.0]]
[2023.04.27-11.04.30:422][  0]LogConfig: Setting CVar [[r.SkyAtmosphere.FastSkyLUT.SampleCountMax:128.0]]
[2023.04.27-11.04.30:422][  0]LogConfig: Setting CVar [[r.SkyAtmosphere.SampleCountMin:4.0]]
[2023.04.27-11.04.30:422][  0]LogConfig: Setting CVar [[r.SkyAtmosphere.SampleCountMax:128.0]]
[2023.04.27-11.04.30:422][  0]LogConfig: Setting CVar [[r.SkyAtmosphere.TransmittanceLUT.UseSmallFormat:0]]
[2023.04.27-11.04.30:422][  0]LogConfig: Setting CVar [[r.SkyAtmosphere.TransmittanceLUT.SampleCount:10.0]]
[2023.04.27-11.04.30:422][  0]LogConfig: Setting CVar [[r.SkyAtmosphere.MultiScatteringLUT.SampleCount:15.0]]
[2023.04.27-11.04.30:422][  0]LogConfig: Setting CVar [[r.SkyLight.RealTimeReflectionCapture:1]]
[2023.04.27-11.04.30:422][  0]LogConfig: Applying CVar settings from Section [FoliageQuality@3] File [D:/UEProject/Classroom/Saved/Config/Windows/Scalability.ini]
[2023.04.27-11.04.30:422][  0]LogConfig: Setting CVar [[foliage.DensityScale:1.0]]
[2023.04.27-11.04.30:422][  0]LogConfig: Setting CVar [[grass.DensityScale:1.0]]
[2023.04.27-11.04.30:422][  0]LogConfig: Applying CVar settings from Section [ShadingQuality@3] File [D:/UEProject/Classroom/Saved/Config/Windows/Scalability.ini]
[2023.04.27-11.04.30:422][  0]LogConfig: Setting CVar [[r.HairStrands.SkyLighting.IntegrationType:2]]
[2023.04.27-11.04.30:422][  0]LogConfig: Setting CVar [[r.HairStrands.SkyAO.SampleCount:4]]
[2023.04.27-11.04.30:422][  0]LogConfig: Setting CVar [[r.HairStrands.Visibility.MSAA.SamplePerPixel:4]]
[2023.04.27-11.04.30:422][  0]LogInit: Selected Device Profile: [Windows]
[2023.04.27-11.04.30:422][  0]LogInit: Applying CVar settings loaded from the selected device profile: [Windows]
[2023.04.27-11.04.30:422][  0]LogHAL: Display: Platform has ~ 8 GB [8510652416 / 8589934592 / 8], which maps to Default [LargestMinGB=32, LargerMinGB=12, DefaultMinGB=8, SmallerMinGB=6, SmallestMinGB=0)
[2023.04.27-11.04.30:422][  0]LogInit: Going up to parent DeviceProfile []
[2023.04.27-11.04.30:422][  0]LogConfig: Applying CVar settings from Section [ViewDistanceQuality@3] File [D:/UEProject/Classroom/Saved/Config/Windows/Scalability.ini]
[2023.04.27-11.04.30:422][  0]LogConfig: Setting CVar [[r.SkeletalMeshLODBias:0]]
[2023.04.27-11.04.30:422][  0]LogConfig: Setting CVar [[r.ViewDistanceScale:1.0]]
[2023.04.27-11.04.30:422][  0]LogConfig: Applying CVar settings from Section [AntiAliasingQuality@3] File [D:/UEProject/Classroom/Saved/Config/Windows/Scalability.ini]
[2023.04.27-11.04.30:422][  0]LogConfig: Setting CVar [[r.PostProcessAAQuality:4]]
[2023.04.27-11.04.30:422][  0]LogConfig: Applying CVar settings from Section [ShadowQuality@3] File [D:/UEProject/Classroom/Saved/Config/Windows/Scalability.ini]
[2023.04.27-11.04.30:422][  0]LogConfig: Setting CVar [[r.LightFunctionQuality:1]]
[2023.04.27-11.04.30:422][  0]LogConfig: Setting CVar [[r.ShadowQuality:5]]
[2023.04.27-11.04.30:422][  0]LogConfig: Setting CVar [[r.Shadow.CSM.MaxCascades:10]]
[2023.04.27-11.04.30:422][  0]LogConfig: Setting CVar [[r.Shadow.MaxResolution:2048]]
[2023.04.27-11.04.30:422][  0]LogConfig: Setting CVar [[r.Shadow.MaxCSMResolution:2048]]
[2023.04.27-11.04.30:422][  0]LogConfig: Setting CVar [[r.Shadow.RadiusThreshold:0.01]]
[2023.04.27-11.04.30:422][  0]LogConfig: Setting CVar [[r.Shadow.DistanceScale:1.0]]
[2023.04.27-11.04.30:422][  0]LogConfig: Setting CVar [[r.Shadow.CSM.TransitionScale:1.0]]
[2023.04.27-11.04.30:422][  0]LogConfig: Setting CVar [[r.Shadow.PreShadowResolutionFactor:1.0]]
[2023.04.27-11.04.30:422][  0]LogConfig: Setting CVar [[r.DistanceFieldShadowing:1]]
[2023.04.27-11.04.30:422][  0]LogConfig: Setting CVar [[r.DistanceFieldAO:1]]
[2023.04.27-11.04.30:422][  0]LogConfig: Setting CVar [[r.AOQuality:2]]
[2023.04.27-11.04.30:422][  0]LogConfig: Setting CVar [[r.VolumetricFog:1]]
[2023.04.27-11.04.30:422][  0]LogConfig: Setting CVar [[r.VolumetricFog.GridPixelSize:8]]
[2023.04.27-11.04.30:422][  0]LogConfig: Setting CVar [[r.VolumetricFog.GridSizeZ:128]]
[2023.04.27-11.04.30:422][  0]LogConfig: Setting CVar [[r.VolumetricFog.HistoryMissSupersampleCount:4]]
[2023.04.27-11.04.30:422][  0]LogConfig: Setting CVar [[r.LightMaxDrawDistanceScale:1]]
[2023.04.27-11.04.30:422][  0]LogConfig: Setting CVar [[r.CapsuleShadows:1]]
[2023.04.27-11.04.30:422][  0]LogConfig: Applying CVar settings from Section [PostProcessQuality@3] File [D:/UEProject/Classroom/Saved/Config/Windows/Scalability.ini]
[2023.04.27-11.04.30:422][  0]LogConfig: Setting CVar [[r.MotionBlurQuality:4]]
[2023.04.27-11.04.30:422][  0]LogConfig: Setting CVar [[r.AmbientOcclusionMipLevelFactor:0.4]]
[2023.04.27-11.04.30:422][  0]LogConfig: Setting CVar [[r.AmbientOcclusionMaxQuality:100]]
[2023.04.27-11.04.30:422][  0]LogConfig: Setting CVar [[r.AmbientOcclusionLevels:-1]]
[2023.04.27-11.04.30:422][  0]LogConfig: Setting CVar [[r.AmbientOcclusionRadiusScale:1.0]]
[2023.04.27-11.04.30:422][  0]LogConfig: Setting CVar [[r.DepthOfFieldQuality:2]]
[2023.04.27-11.04.30:422][  0]LogConfig: Setting CVar [[r.RenderTargetPoolMin:400]]
[2023.04.27-11.04.30:422][  0]LogConfig: Setting CVar [[r.LensFlareQuality:2]]
[2023.04.27-11.04.30:422][  0]LogConfig: Setting CVar [[r.SceneColorFringeQuality:1]]
[2023.04.27-11.04.30:422][  0]LogConfig: Setting CVar [[r.EyeAdaptationQuality:2]]
[2023.04.27-11.04.30:422][  0]LogConfig: Setting CVar [[r.BloomQuality:5]]
[2023.04.27-11.04.30:422][  0]LogConfig: Setting CVar [[r.FastBlurThreshold:100]]
[2023.04.27-11.04.30:422][  0]LogConfig: Setting CVar [[r.Upscale.Quality:3]]
[2023.04.27-11.04.30:422][  0]LogConfig: Setting CVar [[r.Tonemapper.GrainQuantization:1]]
[2023.04.27-11.04.30:422][  0]LogConfig: Setting CVar [[r.LightShaftQuality:1]]
[2023.04.27-11.04.30:422][  0]LogConfig: Setting CVar [[r.Filter.SizeScale:1]]
[2023.04.27-11.04.30:422][  0]LogConfig: Setting CVar [[r.Tonemapper.Quality:5]]
[2023.04.27-11.04.30:422][  0]LogConfig: Setting CVar [[r.DOF.Gather.AccumulatorQuality:1        ; higher gathering accumulator quality]]
[2023.04.27-11.04.30:422][  0]LogConfig: Setting CVar [[r.DOF.Gather.PostfilterMethod:1          ; Median3x3 postfilering method]]
[2023.04.27-11.04.30:422][  0]LogConfig: Setting CVar [[r.DOF.Gather.EnableBokehSettings:0       ; no bokeh simulation when gathering]]
[2023.04.27-11.04.30:422][  0]LogConfig: Setting CVar [[r.DOF.Gather.RingCount:4                 ; medium number of samples when gathering]]
[2023.04.27-11.04.30:422][  0]LogConfig: Setting CVar [[r.DOF.Scatter.ForegroundCompositing:1    ; additive foreground scattering]]
[2023.04.27-11.04.30:422][  0]LogConfig: Setting CVar [[r.DOF.Scatter.BackgroundCompositing:2    ; additive background scattering]]
[2023.04.27-11.04.30:422][  0]LogConfig: Setting CVar [[r.DOF.Scatter.EnableBokehSettings:1      ; bokeh simulation when scattering]]
[2023.04.27-11.04.30:422][  0]LogConfig: Setting CVar [[r.DOF.Scatter.MaxSpriteRatio:0.1         ; only a maximum of 10% of scattered bokeh]]
[2023.04.27-11.04.30:422][  0]LogConfig: Setting CVar [[r.DOF.Recombine.Quality:1                ; cheap slight out of focus]]
[2023.04.27-11.04.30:422][  0]LogConfig: Setting CVar [[r.DOF.Recombine.EnableBokehSettings:0    ; no bokeh simulation on slight out of focus]]
[2023.04.27-11.04.30:422][  0]LogConfig: Setting CVar [[r.DOF.TemporalAAQuality:1                ; more stable temporal accumulation]]
[2023.04.27-11.04.30:422][  0]LogConfig: Setting CVar [[r.DOF.Kernel.MaxForegroundRadius:0.025]]
[2023.04.27-11.04.30:422][  0]LogConfig: Setting CVar [[r.DOF.Kernel.MaxBackgroundRadius:0.025]]
[2023.04.27-11.04.30:422][  0]LogConfig: Applying CVar settings from Section [TextureQuality@3] File [D:/UEProject/Classroom/Saved/Config/Windows/Scalability.ini]
[2023.04.27-11.04.30:422][  0]LogConfig: Setting CVar [[r.Streaming.MipBias:0]]
[2023.04.27-11.04.30:422][  0]LogConfig: Setting CVar [[r.Streaming.AmortizeCPUToGPUCopy:0]]
[2023.04.27-11.04.30:422][  0]LogConfig: Setting CVar [[r.Streaming.MaxNumTexturesToStreamPerFrame:0]]
[2023.04.27-11.04.30:422][  0]LogConfig: Setting CVar [[r.Streaming.Boost:1]]
[2023.04.27-11.04.30:422][  0]LogConfig: Setting CVar [[r.MaxAnisotropy:8]]
[2023.04.27-11.04.30:422][  0]LogConfig: Setting CVar [[r.VT.MaxAnisotropy:8]]
[2023.04.27-11.04.30:422][  0]LogConfig: Setting CVar [[r.Streaming.LimitPoolSizeToVRAM:0]]
[2023.04.27-11.04.30:422][  0]LogConfig: Setting CVar [[r.Streaming.PoolSize:1000]]
[2023.04.27-11.04.30:422][  0]LogConfig: Setting CVar [[r.Streaming.MaxEffectiveScreenSize:0]]
[2023.04.27-11.04.30:422][  0]LogConfig: Applying CVar settings from Section [EffectsQuality@3] File [D:/UEProject/Classroom/Saved/Config/Windows/Scalability.ini]
[2023.04.27-11.04.30:422][  0]LogConfig: Setting CVar [[r.TranslucencyLightingVolumeDim:64]]
[2023.04.27-11.04.30:422][  0]LogConfig: Setting CVar [[r.RefractionQuality:2]]
[2023.04.27-11.04.30:422][  0]LogConfig: Setting CVar [[r.SSR.Quality:3]]
[2023.04.27-11.04.30:422][  0]LogConfig: Setting CVar [[r.SSR.HalfResSceneColor:0]]
[2023.04.27-11.04.30:422][  0]LogConfig: Setting CVar [[r.SceneColorFormat:4]]
[2023.04.27-11.04.30:422][  0]LogConfig: Setting CVar [[r.DetailMode:2]]
[2023.04.27-11.04.30:422][  0]LogConfig: Setting CVar [[r.TranslucencyVolumeBlur:1]]
[2023.04.27-11.04.30:422][  0]LogConfig: Setting CVar [[r.MaterialQualityLevel:1 ; High quality]]
[2023.04.27-11.04.30:422][  0]LogConfig: Setting CVar [[r.AnisotropicMaterials:1]]
[2023.04.27-11.04.30:422][  0]LogConfig: Setting CVar [[r.SSS.Scale:1]]
[2023.04.27-11.04.30:422][  0]LogConfig: Setting CVar [[r.SSS.SampleSet:2]]
[2023.04.27-11.04.30:422][  0]LogConfig: Setting CVar [[r.SSS.Quality:1]]
[2023.04.27-11.04.30:422][  0]LogConfig: Setting CVar [[r.SSS.HalfRes:0]]
[2023.04.27-11.04.30:422][  0]LogConfig: Setting CVar [[r.SSGI.Quality:3]]
[2023.04.27-11.04.30:422][  0]LogConfig: Setting CVar [[r.EmitterSpawnRateScale:1.0]]
[2023.04.27-11.04.30:422][  0]LogConfig: Setting CVar [[r.ParticleLightQuality:2]]
[2023.04.27-11.04.30:422][  0]LogConfig: Setting CVar [[r.SkyAtmosphere.AerialPerspectiveLUT.FastApplyOnOpaque:1 ; Always have FastSkyLUT 1 in this case to avoid wrong sky]]
[2023.04.27-11.04.30:422][  0]LogConfig: Setting CVar [[r.SkyAtmosphere.AerialPerspectiveLUT.SampleCountMaxPerSlice:4]]
[2023.04.27-11.04.30:422][  0]LogConfig: Setting CVar [[r.SkyAtmosphere.AerialPerspectiveLUT.DepthResolution:16.0]]
[2023.04.27-11.04.30:422][  0]LogConfig: Setting CVar [[r.SkyAtmosphere.FastSkyLUT:1]]
[2023.04.27-11.04.30:422][  0]LogConfig: Setting CVar [[r.SkyAtmosphere.FastSkyLUT.SampleCountMin:4.0]]
[2023.04.27-11.04.30:422][  0]LogConfig: Setting CVar [[r.SkyAtmosphere.FastSkyLUT.SampleCountMax:128.0]]
[2023.04.27-11.04.30:422][  0]LogConfig: Setting CVar [[r.SkyAtmosphere.SampleCountMin:4.0]]
[2023.04.27-11.04.30:422][  0]LogConfig: Setting CVar [[r.SkyAtmosphere.SampleCountMax:128.0]]
[2023.04.27-11.04.30:422][  0]LogConfig: Setting CVar [[r.SkyAtmosphere.TransmittanceLUT.UseSmallFormat:0]]
[2023.04.27-11.04.30:422][  0]LogConfig: Setting CVar [[r.SkyAtmosphere.TransmittanceLUT.SampleCount:10.0]]
[2023.04.27-11.04.30:422][  0]LogConfig: Setting CVar [[r.SkyAtmosphere.MultiScatteringLUT.SampleCount:15.0]]
[2023.04.27-11.04.30:422][  0]LogConfig: Setting CVar [[r.SkyLight.RealTimeReflectionCapture:1]]
[2023.04.27-11.04.30:422][  0]LogConfig: Applying CVar settings from Section [FoliageQuality@3] File [D:/UEProject/Classroom/Saved/Config/Windows/Scalability.ini]
[2023.04.27-11.04.30:422][  0]LogConfig: Setting CVar [[foliage.DensityScale:1.0]]
[2023.04.27-11.04.30:422][  0]LogConfig: Setting CVar [[grass.DensityScale:1.0]]
[2023.04.27-11.04.30:422][  0]LogConfig: Applying CVar settings from Section [ShadingQuality@3] File [D:/UEProject/Classroom/Saved/Config/Windows/Scalability.ini]
[2023.04.27-11.04.30:422][  0]LogConfig: Setting CVar [[r.HairStrands.SkyLighting.IntegrationType:2]]
[2023.04.27-11.04.30:422][  0]LogConfig: Setting CVar [[r.HairStrands.SkyAO.SampleCount:4]]
[2023.04.27-11.04.30:422][  0]LogConfig: Setting CVar [[r.HairStrands.Visibility.MSAA.SamplePerPixel:4]]
[2023.04.27-11.04.30:422][  0]LogConfig: Applying CVar settings from Section [Startup] File [../../../Engine/Config/ConsoleVariables.ini]
[2023.04.27-11.04.30:422][  0]LogConfig: Setting CVar [[net.UseAdaptiveNetUpdateFrequency:0]]
[2023.04.27-11.04.30:422][  0]LogConfig: Setting CVar [[p.chaos.AllowCreatePhysxBodies:1]]
[2023.04.27-11.04.30:422][  0]LogConfig: Setting CVar [[fx.SkipVectorVMBackendOptimizations:1]]
[2023.04.27-11.04.30:422][  0]LogConfig: Applying CVar settings from Section [ConsoleVariables] File [D:/UEProject/Classroom/Saved/Config/Windows/Engine.ini]
[2023.04.27-11.04.30:422][  0]LogConfig: Applying CVar settings from Section [ConsoleVariables] File [D:/UEProject/Classroom/Saved/Config/Windows/Editor.ini]
[2023.04.27-11.04.30:437][  0]LogInit: Computer: DESKTOP-RA5RN5M
[2023.04.27-11.04.30:437][  0]LogInit: User: Admin
[2023.04.27-11.04.30:437][  0]LogInit: CPU Page size=4096, Cores=4
[2023.04.27-11.04.30:437][  0]LogInit: High frequency timer resolution =10.000000 MHz
[2023.04.27-11.04.30:437][  0]LogMemory: Memory total: Physical=7.9GB (8GB approx)
[2023.04.27-11.04.30:437][  0]LogMemory: Platform Memory Stats for Windows
[2023.04.27-11.04.30:437][  0]LogMemory: Process Physical Memory: 129.54 MB used, 129.55 MB peak
[2023.04.27-11.04.30:437][  0]LogMemory: Process Virtual Memory: 105.04 MB used, 105.04 MB peak
[2023.04.27-11.04.30:437][  0]LogMemory: Physical Memory: 3669.46 MB used,  4446.93 MB free, 8116.39 MB total
[2023.04.27-11.04.30:437][  0]LogMemory: Virtual Memory: 134207392.00 MB used,  10337.66 MB free, 134217728.00 MB total
[2023.04.27-11.04.30:442][  0]LogWindows: WindowsPlatformFeatures enabled
[2023.04.27-11.04.30:465][  0]LogInit: Physics initialised using underlying interface: PhysX
[2023.04.27-11.04.30:466][  0]LogInit: Using OS detected language (en-US).
[2023.04.27-11.04.30:466][  0]LogInit: Using OS detected locale (en-US).
[2023.04.27-11.04.30:468][  0]LogTextLocalizationManager: No specific localization for 'en-US' exists, so the 'en' localization will be used.
[2023.04.27-11.04.30:703][  0]LogInit: Setting process to per monitor DPI aware
[2023.04.27-11.04.30:712][  0]LogWindowsTextInputMethodSystem: Display: IME system deactivated.
[2023.04.27-11.04.30:726][  0]LogSlate: New Slate User Created.  User Index 0, Is Virtual User: 0
[2023.04.27-11.04.30:726][  0]LogSlate: Slate User Registered.  User Index 0, Is Virtual User: 0
[2023.04.27-11.04.30:899][  0]LogD3D11RHI: Loaded GFSDK_Aftermath_Lib.x64.dll
[2023.04.27-11.04.30:902][  0]LogHMD: Failed to initialize OpenVR with code 110
[2023.04.27-11.04.30:902][  0]LogD3D11RHI: D3D11 min allowed feature level: 11_0
[2023.04.27-11.04.30:902][  0]LogD3D11RHI: D3D11 max allowed feature level: 11_0
[2023.04.27-11.04.30:902][  0]LogD3D11RHI: D3D11 adapters:
[2023.04.27-11.04.31:014][  0]LogD3D11RHI:    0. 'NVIDIA Quadro K620' (Feature Level 11_0)
[2023.04.27-11.04.31:014][  0]LogD3D11RHI:       2007/0/4058 MB DedicatedVideo/DedicatedSystem/SharedSystem, Outputs:1, VendorId:0x10de
[2023.04.27-11.04.31:017][  0]LogD3D11RHI:    1. 'Microsoft Basic Render Driver' (Feature Level 11_0)
[2023.04.27-11.04.31:017][  0]LogD3D11RHI:       0/0/4058 MB DedicatedVideo/DedicatedSystem/SharedSystem, Outputs:0, VendorId:0x1414
[2023.04.27-11.04.31:017][  0]LogD3D11RHI: Chosen D3D11 Adapter:
[2023.04.27-11.04.31:017][  0]LogD3D11RHI:     Description : NVIDIA Quadro K620
[2023.04.27-11.04.31:017][  0]LogD3D11RHI:     VendorId    : 10de
[2023.04.27-11.04.31:017][  0]LogD3D11RHI:     DeviceId    : 13bb
[2023.04.27-11.04.31:017][  0]LogD3D11RHI:     SubSysId    : 109810de
[2023.04.27-11.04.31:017][  0]LogD3D11RHI:     Revision    : 00a2
[2023.04.27-11.04.31:017][  0]LogD3D11RHI:     DedicatedVideoMemory : 2105212928 bytes
[2023.04.27-11.04.31:017][  0]LogD3D11RHI:     DedicatedSystemMemory : 0 bytes
[2023.04.27-11.04.31:017][  0]LogD3D11RHI:     SharedSystemMemory : 4255326208 bytes
[2023.04.27-11.04.31:017][  0]LogD3D11RHI:     AdapterLuid : 0 55915
[2023.04.27-11.04.31:022][  0]LogD3D11RHI: Creating new Direct3DDevice
[2023.04.27-11.04.31:022][  0]LogD3D11RHI:     GPU DeviceId: 0x13bb (for the marketing name, search the web for "GPU Device Id")
[2023.04.27-11.04.31:022][  0]LogWindows: EnumDisplayDevices:
[2023.04.27-11.04.31:023][  0]LogWindows:    0. 'NVIDIA Quadro K620' (P:1 D:1)
[2023.04.27-11.04.31:023][  0]LogWindows:    1. 'NVIDIA Quadro K620' (P:0 D:0)
[2023.04.27-11.04.31:023][  0]LogWindows:    2. 'NVIDIA Quadro K620' (P:0 D:0)
[2023.04.27-11.04.31:023][  0]LogWindows:    3. 'NVIDIA Quadro K620' (P:0 D:0)
[2023.04.27-11.04.31:024][  0]LogWindows: DebugString: FoundDriverCount:4 
[2023.04.27-11.04.31:024][  0]LogD3D11RHI:     Adapter Name: NVIDIA Quadro K620
[2023.04.27-11.04.31:024][  0]LogD3D11RHI:   Driver Version: 516.94 (internal:31.0.15.1694, unified:516.94)
[2023.04.27-11.04.31:024][  0]LogD3D11RHI:      Driver Date: 7-21-2022
[2023.04.27-11.04.31:024][  0]LogRHI: Texture pool is 1405 MB (70% of 2007 MB)
[2023.04.27-11.04.31:024][  0]LogD3D11RHI: Creating D3DDevice using adapter:
[2023.04.27-11.04.31:024][  0]LogD3D11RHI:     Description : NVIDIA Quadro K620
[2023.04.27-11.04.31:024][  0]LogD3D11RHI:     VendorId    : 10de
[2023.04.27-11.04.31:024][  0]LogD3D11RHI:     DeviceId    : 13bb
[2023.04.27-11.04.31:024][  0]LogD3D11RHI:     SubSysId    : 109810de
[2023.04.27-11.04.31:024][  0]LogD3D11RHI:     Revision    : 00a2
[2023.04.27-11.04.31:024][  0]LogD3D11RHI:     DedicatedVideoMemory : 2105212928 bytes
[2023.04.27-11.04.31:024][  0]LogD3D11RHI:     DedicatedSystemMemory : 0 bytes
[2023.04.27-11.04.31:024][  0]LogD3D11RHI:     SharedSystemMemory : 4255326208 bytes
[2023.04.27-11.04.31:024][  0]LogD3D11RHI:     AdapterLuid : 0 55915
[2023.04.27-11.04.31:096][  0]LogD3D11RHI: RHI has support for 64 bit atomics
[2023.04.27-11.04.31:096][  0]LogD3D11RHI: Async texture creation enabled
[2023.04.27-11.04.31:124][  0]LogD3D11RHI: GPU Timing Frequency: 1000.000000 (Debug: 2 2)
[2023.04.27-11.04.31:178][  0]LogRHI: GeForceNow SDK initialized: 1
[2023.04.27-11.04.31:476][  0]LogTargetPlatformManager: Display: Loaded TargetPlatform 'AllDesktop'
[2023.04.27-11.04.31:502][  0]LogTargetPlatformManager: Display: Loaded TargetPlatform 'Android'
[2023.04.27-11.04.31:502][  0]LogTargetPlatformManager: Display: Loaded TargetPlatform 'Android_ASTC'
[2023.04.27-11.04.31:502][  0]LogTargetPlatformManager: Display: Loaded TargetPlatform 'Android_DXT'
[2023.04.27-11.04.31:502][  0]LogTargetPlatformManager: Display: Loaded TargetPlatform 'Android_ETC2'
[2023.04.27-11.04.31:502][  0]LogTargetPlatformManager: Display: Loaded TargetPlatform 'AndroidClient'
[2023.04.27-11.04.31:502][  0]LogTargetPlatformManager: Display: Loaded TargetPlatform 'Android_ASTCClient'
[2023.04.27-11.04.31:502][  0]LogTargetPlatformManager: Display: Loaded TargetPlatform 'Android_DXTClient'
[2023.04.27-11.04.31:502][  0]LogTargetPlatformManager: Display: Loaded TargetPlatform 'Android_ETC2Client'
[2023.04.27-11.04.31:502][  0]LogTargetPlatformManager: Display: Loaded TargetPlatform 'Android_Multi'
[2023.04.27-11.04.31:502][  0]LogTargetPlatformManager: Display: Loaded TargetPlatform 'Android_MultiClient'
[2023.04.27-11.04.31:522][  0]LogTargetPlatformManager: Display: Loaded TargetPlatform 'IOSClient'
[2023.04.27-11.04.31:522][  0]LogTargetPlatformManager: Display: Loaded TargetPlatform 'IOS'
[2023.04.27-11.04.31:552][  0]LogTargetPlatformManager: Display: Loaded TargetPlatform 'Lumin'
[2023.04.27-11.04.31:552][  0]LogTargetPlatformManager: Display: Loaded TargetPlatform 'LuminClient'
[2023.04.27-11.04.31:562][  0]LogTargetPlatformManager: Display: Loaded TargetPlatform 'MacNoEditor'
[2023.04.27-11.04.31:567][  0]LogTargetPlatformManager: Display: Loaded TargetPlatform 'Mac'
[2023.04.27-11.04.31:571][  0]LogTargetPlatformManager: Display: Loaded TargetPlatform 'MacClient'
[2023.04.27-11.04.31:576][  0]LogTargetPlatformManager: Display: Loaded TargetPlatform 'MacServer'
[2023.04.27-11.04.31:587][  0]LogTargetPlatformManager: Display: Loaded TargetPlatform 'TVOSClient'
[2023.04.27-11.04.31:587][  0]LogTargetPlatformManager: Display: Loaded TargetPlatform 'TVOS'
[2023.04.27-11.04.31:597][  0]LogTargetPlatformManager: Display: Loaded TargetPlatform 'WindowsNoEditor'
[2023.04.27-11.04.31:602][  0]LogTargetPlatformManager: Display: Loaded TargetPlatform 'Windows'
[2023.04.27-11.04.31:607][  0]LogTargetPlatformManager: Display: Loaded TargetPlatform 'WindowsClient'
[2023.04.27-11.04.31:611][  0]LogTargetPlatformManager: Display: Loaded TargetPlatform 'WindowsServer'
[2023.04.27-11.04.31:611][  0]LogTargetPlatformManager: Display: Building Assets For Windows
[2023.04.27-11.04.31:619][  0]LogAudioDebug: Display: Lib vorbis DLL was dynamically loaded.
[2023.04.27-11.04.31:650][  0]LogTextureFormatOodle: Display: Oodle Texture 2.9.0 init RDO Off
[2023.04.27-11.04.31:683][  0]LogRendererCore: Ray tracing is disabled. Reason: r.RayTracing=0.
[2023.04.27-11.04.31:683][  0]LogShaderCompilers: Guid format shader working directory is 11 characters bigger than the processId version (../../../../../UEProject/Classroom/Intermediate/Shaders/WorkingDirectory/11904/).
[2023.04.27-11.04.31:683][  0]LogShaderCompilers: Cleaned the shader compiler working directory 'C:/Users/Admin/AppData/Local/Temp/UnrealShaderWorkingDir/A159EAF7417403A1BD183185037A50E2/'.
[2023.04.27-11.04.31:683][  0]LogXGEController: Cannot use XGE Controller as Incredibuild is not installed on this machine.
[2023.04.27-11.04.31:683][  0]LogShaderCompilers: Cannot use XGE Shader Compiler as Incredibuild is not installed on this machine.
[2023.04.27-11.04.31:683][  0]LogShaderCompilers: Display: Using Local Shader Compiler.
[2023.04.27-11.04.32:688][  0]LogDerivedDataCache: Display: Max Cache Size: 512 MB
[2023.04.27-11.04.32:763][  0]LogDerivedDataCache: Loaded boot cache 0.07s 94MB ../../../../../UEProject/Classroom/DerivedDataCache/Boot.ddc.
[2023.04.27-11.04.32:763][  0]LogDerivedDataCache: Display: Loaded Boot cache: ../../../../../UEProject/Classroom/DerivedDataCache/Boot.ddc
[2023.04.27-11.04.32:763][  0]LogDerivedDataCache: FDerivedDataBackendGraph:  Pak pak cache file ../../../../../UEProject/Classroom/DerivedDataCache/DDC.ddp not found, will not use a pak cache.
[2023.04.27-11.04.32:763][  0]LogDerivedDataCache: Unable to find inner node Pak for hierarchical cache Hierarchy.
[2023.04.27-11.04.32:763][  0]LogDerivedDataCache: FDerivedDataBackendGraph:  EnginePak pak cache file ../../../Engine/DerivedDataCache/DDC.ddp not found, will not use a pak cache.
[2023.04.27-11.04.32:763][  0]LogDerivedDataCache: Unable to find inner node EnginePak for hierarchical cache Hierarchy.
[2023.04.27-11.04.32:784][  0]LogDerivedDataCache: Speed tests for ../../../Engine/DerivedDataCache took 0.02 seconds
[2023.04.27-11.04.32:784][  0]LogDerivedDataCache: Display: Performance to ../../../Engine/DerivedDataCache: Latency=0.01ms. RandomReadSpeed=790.95MBs, RandomWriteSpeed=48.07MBs. Assigned SpeedClass 'Local'
[2023.04.27-11.04.32:788][  0]LogDerivedDataCache: Using Local data cache path ../../../Engine/DerivedDataCache: Writable
[2023.04.27-11.04.32:788][  0]LogDerivedDataCache: Shared data cache path not found in *engine.ini, will not use an Shared cache.
[2023.04.27-11.04.32:789][  0]LogDerivedDataCache: Unable to find inner node Shared for hierarchical cache Hierarchy.
[2023.04.27-11.04.32:850][  0]LogSlate: Using FreeType 2.10.0
[2023.04.27-11.04.32:850][  0]LogSlate: SlateFontServices - WITH_FREETYPE: 1, WITH_HARFBUZZ: 1
[2023.04.27-11.04.32:880][  0]LogAssetRegistry: FAssetRegistry took 0.0030 seconds to start up
[2023.04.27-11.04.33:182][  0]LogInit: Selected Device Profile: [Windows]
[2023.04.27-11.04.33:182][  0]LogInit: Active device profile: [000001DDDFB71100][000001DDDA3C6F80 49] Windows
[2023.04.27-11.04.33:182][  0]LogInit: Profiles: [000001DDDFB71100][000001DDDA3C6F80 49] Windows, [000001DDDFB2E500][000001DDD7D87100 49] WindowsNoEditor, [000001DDDFB72200][000001DDD7D83280 49] WindowsServer, [000001DDDFB2D700][000001DDDECDB400 49] WindowsClient, [000001DDDFB71700][000001DDDECD7580 49] IOS, [000001DDDFB2E700][000001DDD4245700 49] iPadAir, [000001DDDFB73C00][000001DDDEC59880 49] iPadAir2, [000001DDDFAE1400][000001DDD41CFB40 49] IPadPro, [000001DDDFAE1500][000001DDD41D3B80 49] iPadAir3, [000001DDDFB2F800][000001DDD7D66180 49] iPadAir4, [000001DDDFAE2300][000001DDDED7E300 49] iPadMini2, [000001DDDFB2EF00][000001DDD4B5C440 49] iPadMini3, [000001DDDFAE2F00][000001DDDED82580 49] iPadMini4, [000001DDDFB2DC00][000001DDDECA66C0 49] iPadMini5, [000001DDDFB05000][000001DDDECB2980 49] iPhone6, [000001DDDFB05100][000001DDDECAE9C0 49] iPodTouch6, [000001DDDFB73900][000001DDDF092C80 49] iPhone7, [000001DDDFB72900][000001DDDF08ECC0 49] iPodTouch7, [000001DDDFAE1000][000001DDDF096E40 49] iPhone5S, [000001DDDFB72F00][000001DDDF09AFC0 49] iPhone6Plus, [000001DDDFAE3600][000001DDDF09F140 49] iPhone6S, [000001DDDFB70C00][000001DDDF0A32C0 49] iPhone6SPlus, [000001DDDFAE0800][000001DDDF0A7440 49] iPhone7Plus, [000001DDDFB71A00][000001DDDF0AB5C0 49] iPhoneSE, [000001DDDFB04100][000001DDDF0AF740 49] iPhone8, [000001DDDFAE2E00][000001DDDF0B38C0 49] iPhone8Plus, [000001DDDFB04C00][000001DDDF0B7A40 49] iPhoneX, [000001DDDFAE3300][000001DDDF0BBBC0 49] iPhoneXS, [000001DDDFB07800][000001DDDF0BE1C0 49] iPhoneXSMax, [000001DDDFAE0B00][000001DDDF0C2340 49] iPhoneXR, [000001DDDFB06900][000001DDDF1BC4C0 49] iPhone11, [000001DDDFAE2D00][000001DDDECAA600 49] iPhone11Pro, [000001DDDFB07A00][000001DDDF1C0740 49] iPhone11ProMax, [000001DDDFB70B00][000001DDDF1C4880 49] iPhoneSE2, [000001DDDFB05500][000001DDDF1C89C0 49] iPhone12Mini, [000001DDDFB72400][000001DDDF1D0B40 49] iPhone12, [000001DDDFB04E00][000001DDDF1D4CC0 49] iPhone12Pro, [000001DDDFB72700][000001DDDF1D8E40 49] iPhone12ProMax, [000001DDDFB05900][000001DDDF1DCFC0 49] iPadPro105, [000001DDDFB71200][000001DDDF1E1140 49] iPadPro129, [000001DDDFB07B00][000001DDDF1E52C0 49] iPadPro97, [000001DDDFB72000][000001DDDF1E9440 49] iPadPro2_129, [000001DDDFB05D00][000001DDDF1ED5C0 49] iPad5, [000001DDDFB71500][000001DDDF1F1740 49] iPad6, [000001DDDFB07200][000001DDDF1F58C0 49] iPad7, [000001DDDFB70100][000001DDD8347A40 49] iPad8, [000001DDDFB06600][000001DDD834BBC0 49] iPadPro11, [000001DDDFB73500][000001DDD834E1C0 49] iPadPro2_11, [000001DDDFB06B00][000001DDD8352340 49] iPadPro3_129, [000001DDDFB72A00][000001DDD83564C0 49] iPadPro4_129, [000001DDDFB07D00][000001DDD835A640 49] AppleTV, [000001DDDFB73D00][000001DDDF1CC780 49] AppleTV4K, [000001DDDFB06400][000001DDD835E8C0 49] TVOS, [000001DDDFB70400][000001DDD8362A00 49] Mac, [000001DDDFB04B00][000001DDD8366B40 49] MacClient, [000001DDDFB70600][000001DDDF462CC0 49] MacNoEditor, [000001DDDFB04A00][000001DDDF466E40 49] MacServer, [000001DDDFB72300][000001DDDF46AFC0 49] Linux, [000001DDDFB07700][000001DDDF46F140 49] LinuxAArch64, [000001DDDFB72500][000001DDDF4732C0 49] LinuxNoEditor, [000001DDDFB05600][000001DDDF477440 49] LinuxAArch64NoEditor, [000001DDDFB72B00][000001DDDF47B5C0 49] LinuxClient, [000001DDDFB07500][000001DDDF47F740 49] LinuxAArch64Client, [000001DDDFB73300][000001DDDF4838C0 49] LinuxServer, [000001DDDFB06300][000001DDDF487A40 49] LinuxAArch64Server, [000001DDDFB70A00][000001DDDF48BBC0 49] Android, [000001DDDFB04200][000001DDDF48E1C0 49] Android_Low, [000001DDDFB70200][000001DDDF492340 49] Android_Mid, [000001DDDFB04600][000001DDDE9E84C0 49] Android_High, [000001DDDFB73700][000001DDDE9EC640 49] Android_Default, [000001DDDFB07600][000001DDDE9F07C0 49] Android_Adreno4xx, [000001DDDFB73E00][000001DDDE9F4940 49] Android_Adreno5xx_Low, [000001DDDFB04F00][000001DDDF45EA80 49] Android_Adreno5xx, [000001DDDFB71D00][000001DDDE9F8BC0 49] Android_Adreno6xx, [000001DDDFB06500][000001DDDE9FCD00 49] Android_Adreno6xx_Vulkan, [000001DDDFB70500][000001DDDEA04E80 49] Android_Mali_T6xx, [000001DDDFB05A00][000001DDDEA09000 49] Android_Mali_T7xx, [000001DDDFB72C00][000001DDDEA0D180 49] Android_Mali_T8xx, [000001DDDFB04400][000001DDDEA11300 49] Android_Mali_G71, [000001DDDFB71400][000001DDDEA15480 49] Android_Mali_G72, [000001DDDFB2C600][000001DDDEA19600 49] Android_Mali_G72_Vulkan, [000001DDDFAE1800][000001DDDEA1D780 49] Android_Mali_G76, [000001DDDFB2EB00][000001DDD4B01900 49] Android_Mali_G76_Vulkan, [000001DDDFAE3D00][000001DDD4B05A80 49] Android_Mali_G77, [000001DDDFB2FE00][000001DDD4B09C00 49] Android_Mali_G77_Vulkan, [000001DDDFAE3200][000001DDD4B0C200 49] Android_Mali_G78, [000001DDDFB2C900][000001DDD4B10380 49] Android_Mali_G78_Vulkan, [000001DDDFAE3800][000001DDD4B14500 49] Android_Mali_G710, [000001DDDFB2C500][000001DDD4B18680 49] Android_Mali_G710_Vulkan, [000001DDDFAE0700][000001DDD4B1C800 49] Android_Vulkan_SM5, [000001DDDFB2E900][000001DDD4B20980 49] Android_PowerVR_G6xxx, [000001DDDFAE3F00][000001DDD4B24B00 49] Android_PowerVR_GT7xxx, [000001DDDFB2F200][000001DDDEA00C40 49] Android_PowerVR_GE8xxx, [000001DDDFAE1200][000001DDD4B28D80 49] Android_PowerVR_GM9xxx, [000001DDDFB2FC00][000001DDD4B2CEC0 49] Android_PowerVR_GM9xxx_Vulkan, [000001DDDFAE2000][000001DDD4B35040 49] Android_TegraK1, [000001DDDFB2FB00][000001DDD4B391C0 49] Android_Unknown_Vulkan, [000001DDDFAE0400][000001DDDF4C3340 49] Lumin, [000001DDDFB2C300][000001DDDF4C74C0 49] Lumin_Desktop, [000001DDDFAE3B00][000001DDDF4CB640 49] HoloLens, 
[2023.04.27-11.04.33:342][  0]LogMeshReduction: Using QuadricMeshReduction for automatic static mesh reduction
[2023.04.27-11.04.33:342][  0]LogMeshReduction: Using SimplygonMeshReduction for automatic skeletal mesh reduction
[2023.04.27-11.04.33:342][  0]LogMeshReduction: Using ProxyLODMeshReduction for automatic mesh merging
[2023.04.27-11.04.33:342][  0]LogMeshReduction: No distributed automatic mesh merging module available
[2023.04.27-11.04.33:342][  0]LogMeshMerging: No distributed automatic mesh merging module available
[2023.04.27-11.04.33:361][  0]LogNetVersion: Classroom 1.0.0, NetCL: 0, EngineNetVer: 17, GameNetVer: 0 (Checksum: 4187765647)
[2023.04.27-11.04.33:902][  0]LogTexture: Default maximum texture size for cubemaps generated from long-lat sources has been changed from 512 to unlimited. In order to preserve old behaiour for '/Engine/MapTemplates/Sky/DaylightAmbientCubemap.DaylightAmbientCubemap', its maximum texture size has been explicitly set to 512.
[2023.04.27-11.04.33:998][  0]LogHMD: PokeAHoleMaterial loaded successfully
[2023.04.27-11.04.34:004][  0]LogUObjectArray: 17196 objects as part of root set at end of initial load.
[2023.04.27-11.04.34:004][  0]LogUObjectAllocator: 4306272 out of 0 bytes used by permanent object pool.
[2023.04.27-11.04.34:004][  0]LogUObjectArray: CloseDisregardForGC: 0/0 objects in disregard for GC pool
[2023.04.27-11.04.34:307][  0]LogNiagaraDebuggerClient: Niagara Debugger Client Initialized | Session: BF88A26140482AE58EBA8BB321DC82AB | Instance: 4026F4C04612E75129F6EB8CD224ABCD (DESKTOP-RA5RN5M-11904).
[2023.04.27-11.04.34:345][  0]LogPython: Using Python 3.7.7
[2023.04.27-11.04.35:176][  0]LogTcpMessaging: Initializing TcpMessaging bridge
[2023.04.27-11.04.35:181][  0]LogUdpMessaging: Initializing bridge on interface 0.0.0.0:0 to multicast group 230.0.0.1:6666.
[2023.04.27-11.04.35:488][  0]LogVaRest: FVaRestModule::StartupModule(28): VaRest (1.1.33) module started
[2023.04.27-11.04.35:610][  0]SourceControl: Source control is disabled
[2023.04.27-11.04.35:610][  0]SourceControl: Source control is disabled
[2023.04.27-11.04.35:613][  0]SourceControl: Source control is disabled
[2023.04.27-11.04.35:616][  0]SourceControl: Source control is disabled
[2023.04.27-11.04.35:626][  0]SourceControl: Source control is disabled
[2023.04.27-11.04.35:633][  0]LogUProjectInfo: Found projects:
[2023.04.27-11.04.35:863][  0]LogOpenImageDenoise: OIDN starting up
[2023.04.27-11.04.35:912][  0]LogAndroidPermission: UAndroidPermissionCallbackProxy::GetInstance
[2023.04.27-11.04.35:937][  0]LogAudioCaptureCore: Display: No Audio Capture implementations found. Audio input will be silent.
[2023.04.27-11.04.35:937][  0]LogAudioCaptureCore: Display: No Audio Capture implementations found. Audio input will be silent.
[2023.04.27-11.04.36:081][  0]LogCollectionManager: Loaded 0 collections in 0.000786 seconds
[2023.04.27-11.04.36:109][  0]LogFileCache: Scanning file cache for directory 'D:/UEProject/Classroom/Saved/Collections/' took 0.00s
[2023.04.27-11.04.36:109][  0]LogFileCache: Scanning file cache for directory 'D:/UEProject/Classroom/Content/Developers/Admin/Collections/' took 0.00s
[2023.04.27-11.04.36:109][  0]LogFileCache: Scanning file cache for directory 'D:/UEProject/Classroom/Content/Collections/' took 0.00s
[2023.04.27-11.04.36:109][  0]LogOcInput: OculusInput pre-init called
[2023.04.27-11.04.36:457][  0]LogClass: Display: EnumProperty FVaRest_NamedType::Type is not initialized properly. Module:VaRestEditor File:Public/VaRest_BreakJson.h
[2023.04.27-11.04.36:457][  0]LogClass: Display: BoolProperty FVaRest_NamedType::bIsArray is not initialized properly. Module:VaRestEditor File:Public/VaRest_BreakJson.h
[2023.04.27-11.04.36:457][  0]LogClass: Display: 2 Uninitialized script struct members found including 0 object properties
[2023.04.27-11.04.36:458][  0]LogEngine: Initializing Engine...
[2023.04.27-11.04.36:460][  0]LogVaRest: UVaRestSubsystem::Initialize(24): VaRest subsystem initialized
[2023.04.27-11.04.36:462][  0]LogHMD: Failed to enumerate extensions. Please check that you have a valid OpenXR runtime installed.
[2023.04.27-11.04.36:462][  0]LogHMD: Failed to initialize OpenVR with code 110
[2023.04.27-11.04.36:462][  0]LogMagicLeap: Warning: VR disabled because ZI is not enabled.  To enable, in the editor, Edit -> Project Settings -> Plugins -> Magic Leap Plugin -> Enable Zero Iteration
[2023.04.27-11.04.36:463][  0]LogStats: UGameplayTagsManager::InitializeManager -  0.000 s
[2023.04.27-11.04.36:627][  0]LogInit: Initializing FReadOnlyCVARCache
[2023.04.27-11.04.36:636][  0]LogAIModule: Creating AISystem for world Untitled
[2023.04.27-11.04.36:646][  0]LogAudio: Display: Initializing Audio Device Manager...
[2023.04.27-11.04.36:649][  0]LogAudio: Display: Loading Default Audio Settings Objects...
[2023.04.27-11.04.36:650][  0]LogAudio: Display: No default SoundConcurrencyObject specified (or failed to load).
[2023.04.27-11.04.36:651][  0]LogAudio: Display: Audio Device Manager Initialized
[2023.04.27-11.04.36:651][  0]LogAudio: Display: Creating Audio Device:                 Id: 1, Scope: Shared, Realtime: True
[2023.04.27-11.04.36:651][  0]LogAudioMixer: Display: Audio Mixer Platform Settings:
[2023.04.27-11.04.36:651][  0]LogAudioMixer: Display: 	Sample Rate:						  48000
[2023.04.27-11.04.36:651][  0]LogAudioMixer: Display: 	Callback Buffer Frame Size Requested: 1024
[2023.04.27-11.04.36:651][  0]LogAudioMixer: Display: 	Callback Buffer Frame Size To Use:	  1024
[2023.04.27-11.04.36:651][  0]LogAudioMixer: Display: 	Number of buffers to queue:			  2
[2023.04.27-11.04.36:651][  0]LogAudioMixer: Display: 	Max Channels (voices):				  32
[2023.04.27-11.04.36:651][  0]LogAudioMixer: Display: 	Number of Async Source Workers:		  0
[2023.04.27-11.04.36:651][  0]LogAudio: Display: AudioDevice MaxSources: 32
[2023.04.27-11.04.36:651][  0]LogAudio: Display: Audio Spatialization Plugin: None (built-in).
[2023.04.27-11.04.36:651][  0]LogAudio: Display: Audio Reverb Plugin: None (built-in).
[2023.04.27-11.04.36:651][  0]LogAudio: Display: Audio Occlusion Plugin: None (built-in).
[2023.04.27-11.04.36:651][  0]LogAudioMixer: Display: Initializing audio mixer.
[2023.04.27-11.04.36:663][  0]LogAudioMixer: Display: 0: FrontLeft
[2023.04.27-11.04.36:663][  0]LogAudioMixer: Display: 1: FrontRight
[2023.04.27-11.04.36:871][  0]LogAudioMixer: Display: Using Audio Device Speakers / Headphones (Realtek Audio)
[2023.04.27-11.04.36:878][  0]LogAudioMixer: Display: Initializing Sound Submixes...
[2023.04.27-11.04.36:882][  0]LogAudioMixer: Display: Creating Master Submix 'MasterSubmixDefault'
[2023.04.27-11.04.36:883][  0]LogAudioMixer: Display: Creating Master Submix 'MasterReverbSubmixDefault'
[2023.04.27-11.04.36:885][  0]LogAudioMixer: Display: Creating Master Submix 'MasterEQSubmixDefault'
[2023.04.27-11.04.36:885][  0]LogAudioMixer: FMixerPlatformXAudio2::StartAudioStream() called
[2023.04.27-11.04.36:885][  0]LogAudioMixer: Display: Output buffers initialized: Frames=1024, Channels=2, Samples=2048
[2023.04.27-11.04.36:887][  0]LogAudioMixer: Display: Starting AudioMixerPlatformInterface::RunInternal()
[2023.04.27-11.04.36:887][  0]LogAudioMixer: Display: FMixerPlatformXAudio2::SubmitBuffer() called for the first time
[2023.04.27-11.04.36:887][  0]LogInit: FAudioDevice initialized.
[2023.04.27-11.04.36:887][  0]LogAudio: Display: Audio Device (ID: 1) registered with world 'Untitled'.
[2023.04.27-11.04.36:887][  0]LogNetVersion: Set ProjectVersion to 1.0.0.0. Version Checksum will be recalculated on next use.
[2023.04.27-11.04.37:040][  0]LogDerivedDataCache: Saved boot cache 0.15s 94MB ../../../../../UEProject/Classroom/DerivedDataCache/Boot.ddc.
[2023.04.27-11.04.37:040][  0]LogInit: Texture streaming: Enabled
[2023.04.27-11.04.37:058][  0]LogAnalytics: Display: [UEEditor.UnrealEngine.Release] APIServer = https://datarouter.ol.epicgames.com/. AppVersion = 4.27.2-0+++UE4+Release-4.27
[2023.04.27-11.04.37:068][  0]LogEngineSessionManager: EngineSessionManager initialized
[2023.04.27-11.04.37:068][  0]LogEngineSessionManager: EngineSessionManager sent abnormal shutdown report. Type=Crashed, SessionId={1952743D-41D7-3AF2-A270-708374C1A1A3}
[2023.04.27-11.04.37:068][  0]LogEditorSessionSummary: Verbose: Initializing EditorSessionSummaryWriter for editor session tracking
[2023.04.27-11.04.37:071][  0]LogEditorSessionSummary: EditorSessionSummaryWriter initialized
[2023.04.27-11.04.37:102][  0]LogInit: Transaction tracking system initialized
[2023.04.27-11.04.37:125][  0]BlueprintLog: New page: Editor Load
[2023.04.27-11.04.37:185][  0]LocalizationService: Localization service is disabled
[2023.04.27-11.04.37:208][  0]TimingProfiler: Initialize
[2023.04.27-11.04.37:209][  0]TimingProfiler: OnSessionChanged
[2023.04.27-11.04.37:209][  0]LoadingProfiler: Initialize
[2023.04.27-11.04.37:209][  0]LoadingProfiler: OnSessionChanged
[2023.04.27-11.04.37:209][  0]NetworkingProfiler: Initialize
[2023.04.27-11.04.37:209][  0]NetworkingProfiler: OnSessionChanged
[2023.04.27-11.04.37:209][  0]MemoryProfiler: Initialize
[2023.04.27-11.04.37:209][  0]MemoryProfiler: OnSessionChanged
[2023.04.27-11.04.37:363][  0]LogCook: Display: CookSettings for Memory: MemoryMaxUsedVirtual 0MiB, MemoryMaxUsedPhysical 16384MiB, MemoryMinFreeVirtual 0MiB, MemoryMinFreePhysical 1024MiB
[2023.04.27-11.04.37:363][  0]LogCook: Display: Mobile HDR setting 1
[2023.04.27-11.04.37:563][  0]LogFileCache: Scanning file cache for directory 'D:/UEProject/Classroom/Content/' took 0.00s
[2023.04.27-11.04.37:819][  0]LogModuleManager: Warning: ModuleManager: Unable to load module 'SequenceRecorderSections'  - 0 instances of that module name found.
[2023.04.27-11.04.37:819][  0]LogInit: Display: Engine is initialized. Leaving FEngineLoop::Init()
[2023.04.27-11.04.37:823][  0]SourceControl: Source control is disabled
[2023.04.27-11.04.37:823][  0]LogUnrealEdMisc: Loading editor; pre map load, took 8.354
[2023.04.27-11.04.37:823][  0]Cmd: MAP LOAD FILE="../../../../../UEProject/Classroom/Content/Level/Playground.umap" TEMPLATE=0 SHOWPROGRESS=1 FEATURELEVEL=3
[2023.04.27-11.04.37:823][  0]LightingResults: New page: Lighting Build
[2023.04.27-11.04.37:825][  0]LogWorld: UWorld::CleanupWorld for Untitled, bSessionEnded=true, bCleanupResources=true
[2023.04.27-11.04.37:825][  0]LogSlate: InvalidateAllWidgets triggered.  All widgets were invalidated
[2023.04.27-11.04.37:825][  0]MapCheck: New page: Map Check
[2023.04.27-11.04.37:825][  0]LightingResults: New page: Lighting Build
[2023.04.27-11.04.37:832][  0]LogAudio: Display: Audio Device unregistered from world 'None'.
[2023.04.27-11.04.37:835][  0]LogUObjectHash: Compacting FUObjectHashTables data took   1.38ms
[2023.04.27-11.04.38:246][  0]LogAudio: Display: Audio Device (ID: 1) registered with world 'Playground'.
[2023.04.27-11.04.38:248][  0]LogAIModule: Creating AISystem for world Playground
[2023.04.27-11.04.38:253][  0]LogEditorServer: Finished looking for orphan Actors (0.000 secs)
[2023.04.27-11.04.38:269][  0]LogUObjectHash: Compacting FUObjectHashTables data took   1.69ms
[2023.04.27-11.04.38:269][  0]Cmd: MAP CHECKDEP NOCLEARLOG
[2023.04.27-11.04.38:269][  0]MapCheck: Map check complete: 0 Error(s), 0 Warning(s), took 0.112ms to complete.
[2023.04.27-11.04.38:270][  0]LogFileHelpers: Loading map 'Playground' took 0.448
[2023.04.27-11.04.38:272][  0]LogUnrealEdMisc: Total Editor Startup Time, took 8.804
[2023.04.27-11.04.38:427][  0]LogSlate: Updating window title bar state: overlay mode, drag disabled, window buttons hidden, title bar hidden
[2023.04.27-11.04.38:435][  0]LogSlate: Updating window title bar state: overlay mode, drag disabled, window buttons hidden, title bar hidden
[2023.04.27-11.04.38:443][  0]LogSlate: Updating window title bar state: overlay mode, drag disabled, window buttons hidden, title bar hidden
[2023.04.27-11.04.38:452][  0]LogSlate: Updating window title bar state: overlay mode, drag disabled, window buttons hidden, title bar hidden
[2023.04.27-11.04.38:470][  0]LogNativeClassHierarchy: Verbose: Native class hierarchy populated in 0.0127 seconds. Added 3885 classes and 946 folders.
[2023.04.27-11.04.38:473][  0]LogNativeClassHierarchy: Verbose: Native class hierarchy updated for 'WidgetCarousel' in 0.0003 seconds. Added 0 classes and 0 folders.
[2023.04.27-11.04.38:474][  0]LogShaderLibrary: Display: ShaderCodeLibraryPakFileMountedCallback: PakFile 'D:/UnrealSource/UnrealEngine-4.27/FeaturePacks/FP_FirstPerson.upack' (chunk index -1, root 'root:/') mounted
[2023.04.27-11.04.38:474][  0]LogShaderLibrary: Display: ShaderCodeLibraryPakFileMountedCallback: pending pak file info (ChunkID:-1 Root:root:/ File:D:/UnrealSource/UnrealEngine-4.27/FeaturePacks/FP_FirstPerson.upack)
[2023.04.27-11.04.38:474][  0]LogPakFile: OnPakFileMounted2Time == 0.000085
[2023.04.27-11.04.38:475][  0]LogShaderLibrary: Display: ShaderCodeLibraryPakFileMountedCallback: PakFile 'D:/UnrealSource/UnrealEngine-4.27/FeaturePacks/FP_FirstPersonBP.upack' (chunk index -1, root 'root:/') mounted
[2023.04.27-11.04.38:475][  0]LogShaderLibrary: Display: ShaderCodeLibraryPakFileMountedCallback: pending pak file info (ChunkID:-1 Root:root:/ File:D:/UnrealSource/UnrealEngine-4.27/FeaturePacks/FP_FirstPersonBP.upack)
[2023.04.27-11.04.38:475][  0]LogPakFile: OnPakFileMounted2Time == 0.000063
[2023.04.27-11.04.38:475][  0]LogShaderLibrary: Display: ShaderCodeLibraryPakFileMountedCallback: PakFile 'D:/UnrealSource/UnrealEngine-4.27/FeaturePacks/MobileStarterContent.upack' (chunk index -1, root 'root:/') mounted
[2023.04.27-11.04.38:476][  0]LogShaderLibrary: Display: ShaderCodeLibraryPakFileMountedCallback: pending pak file info (ChunkID:-1 Root:root:/ File:D:/UnrealSource/UnrealEngine-4.27/FeaturePacks/MobileStarterContent.upack)
[2023.04.27-11.04.38:476][  0]LogPakFile: OnPakFileMounted2Time == 0.000070
[2023.04.27-11.04.38:476][  0]LogShaderLibrary: Display: ShaderCodeLibraryPakFileMountedCallback: PakFile 'D:/UnrealSource/UnrealEngine-4.27/FeaturePacks/StarterContent.upack' (chunk index -1, root 'root:/') mounted
[2023.04.27-11.04.38:476][  0]LogShaderLibrary: Display: ShaderCodeLibraryPakFileMountedCallback: pending pak file info (ChunkID:-1 Root:root:/ File:D:/UnrealSource/UnrealEngine-4.27/FeaturePacks/StarterContent.upack)
[2023.04.27-11.04.38:476][  0]LogPakFile: OnPakFileMounted2Time == 0.000063
[2023.04.27-11.04.38:477][  0]LogShaderLibrary: Display: ShaderCodeLibraryPakFileMountedCallback: PakFile 'D:/UnrealSource/UnrealEngine-4.27/FeaturePacks/TP_2DSideScroller.upack' (chunk index -1, root 'root:/') mounted
[2023.04.27-11.04.38:477][  0]LogShaderLibrary: Display: ShaderCodeLibraryPakFileMountedCallback: pending pak file info (ChunkID:-1 Root:root:/ File:D:/UnrealSource/UnrealEngine-4.27/FeaturePacks/TP_2DSideScroller.upack)
[2023.04.27-11.04.38:477][  0]LogPakFile: OnPakFileMounted2Time == 0.000067
[2023.04.27-11.04.38:477][  0]LogShaderLibrary: Display: ShaderCodeLibraryPakFileMountedCallback: PakFile 'D:/UnrealSource/UnrealEngine-4.27/FeaturePacks/TP_2DSideScrollerBP.upack' (chunk index -1, root 'root:/') mounted
[2023.04.27-11.04.38:477][  0]LogShaderLibrary: Display: ShaderCodeLibraryPakFileMountedCallback: pending pak file info (ChunkID:-1 Root:root:/ File:D:/UnrealSource/UnrealEngine-4.27/FeaturePacks/TP_2DSideScrollerBP.upack)
[2023.04.27-11.04.38:477][  0]LogPakFile: OnPakFileMounted2Time == 0.000061
[2023.04.27-11.04.38:478][  0]LogShaderLibrary: Display: ShaderCodeLibraryPakFileMountedCallback: PakFile 'D:/UnrealSource/UnrealEngine-4.27/FeaturePacks/TP_Flying.upack' (chunk index -1, root 'root:/') mounted
[2023.04.27-11.04.38:478][  0]LogShaderLibrary: Display: ShaderCodeLibraryPakFileMountedCallback: pending pak file info (ChunkID:-1 Root:root:/ File:D:/UnrealSource/UnrealEngine-4.27/FeaturePacks/TP_Flying.upack)
[2023.04.27-11.04.38:478][  0]LogPakFile: OnPakFileMounted2Time == 0.000062
[2023.04.27-11.04.38:479][  0]LogShaderLibrary: Display: ShaderCodeLibraryPakFileMountedCallback: PakFile 'D:/UnrealSource/UnrealEngine-4.27/FeaturePacks/TP_FlyingBP.upack' (chunk index -1, root 'root:/') mounted
[2023.04.27-11.04.38:479][  0]LogShaderLibrary: Display: ShaderCodeLibraryPakFileMountedCallback: pending pak file info (ChunkID:-1 Root:root:/ File:D:/UnrealSource/UnrealEngine-4.27/FeaturePacks/TP_FlyingBP.upack)
[2023.04.27-11.04.38:479][  0]LogPakFile: OnPakFileMounted2Time == 0.000062
[2023.04.27-11.04.38:479][  0]LogShaderLibrary: Display: ShaderCodeLibraryPakFileMountedCallback: PakFile 'D:/UnrealSource/UnrealEngine-4.27/FeaturePacks/TP_Puzzle.upack' (chunk index -1, root 'root:/') mounted
[2023.04.27-11.04.38:479][  0]LogShaderLibrary: Display: ShaderCodeLibraryPakFileMountedCallback: pending pak file info (ChunkID:-1 Root:root:/ File:D:/UnrealSource/UnrealEngine-4.27/FeaturePacks/TP_Puzzle.upack)
[2023.04.27-11.04.38:479][  0]LogPakFile: OnPakFileMounted2Time == 0.000061
[2023.04.27-11.04.38:480][  0]LogShaderLibrary: Display: ShaderCodeLibraryPakFileMountedCallback: PakFile 'D:/UnrealSource/UnrealEngine-4.27/FeaturePacks/TP_PuzzleBP.upack' (chunk index -1, root 'root:/') mounted
[2023.04.27-11.04.38:480][  0]LogShaderLibrary: Display: ShaderCodeLibraryPakFileMountedCallback: pending pak file info (ChunkID:-1 Root:root:/ File:D:/UnrealSource/UnrealEngine-4.27/FeaturePacks/TP_PuzzleBP.upack)
[2023.04.27-11.04.38:480][  0]LogPakFile: OnPakFileMounted2Time == 0.000061
[2023.04.27-11.04.38:480][  0]LogShaderLibrary: Display: ShaderCodeLibraryPakFileMountedCallback: PakFile 'D:/UnrealSource/UnrealEngine-4.27/FeaturePacks/TP_Rolling.upack' (chunk index -1, root 'root:/') mounted
[2023.04.27-11.04.38:481][  0]LogShaderLibrary: Display: ShaderCodeLibraryPakFileMountedCallback: pending pak file info (ChunkID:-1 Root:root:/ File:D:/UnrealSource/UnrealEngine-4.27/FeaturePacks/TP_Rolling.upack)
[2023.04.27-11.04.38:481][  0]LogPakFile: OnPakFileMounted2Time == 0.000070
[2023.04.27-11.04.38:481][  0]LogShaderLibrary: Display: ShaderCodeLibraryPakFileMountedCallback: PakFile 'D:/UnrealSource/UnrealEngine-4.27/FeaturePacks/TP_RollingBP.upack' (chunk index -1, root 'root:/') mounted
[2023.04.27-11.04.38:481][  0]LogShaderLibrary: Display: ShaderCodeLibraryPakFileMountedCallback: pending pak file info (ChunkID:-1 Root:root:/ File:D:/UnrealSource/UnrealEngine-4.27/FeaturePacks/TP_RollingBP.upack)
[2023.04.27-11.04.38:481][  0]LogPakFile: OnPakFileMounted2Time == 0.000062
[2023.04.27-11.04.38:482][  0]LogShaderLibrary: Display: ShaderCodeLibraryPakFileMountedCallback: PakFile 'D:/UnrealSource/UnrealEngine-4.27/FeaturePacks/TP_SideScroller.upack' (chunk index -1, root 'root:/') mounted
[2023.04.27-11.04.38:482][  0]LogShaderLibrary: Display: ShaderCodeLibraryPakFileMountedCallback: pending pak file info (ChunkID:-1 Root:root:/ File:D:/UnrealSource/UnrealEngine-4.27/FeaturePacks/TP_SideScroller.upack)
[2023.04.27-11.04.38:482][  0]LogPakFile: OnPakFileMounted2Time == 0.000066
[2023.04.27-11.04.38:482][  0]LogShaderLibrary: Display: ShaderCodeLibraryPakFileMountedCallback: PakFile 'D:/UnrealSource/UnrealEngine-4.27/FeaturePacks/TP_SideScrollerBP.upack' (chunk index -1, root 'root:/') mounted
[2023.04.27-11.04.38:482][  0]LogShaderLibrary: Display: ShaderCodeLibraryPakFileMountedCallback: pending pak file info (ChunkID:-1 Root:root:/ File:D:/UnrealSource/UnrealEngine-4.27/FeaturePacks/TP_SideScrollerBP.upack)
[2023.04.27-11.04.38:483][  0]LogPakFile: OnPakFileMounted2Time == 0.000069
[2023.04.27-11.04.38:483][  0]LogShaderLibrary: Display: ShaderCodeLibraryPakFileMountedCallback: PakFile 'D:/UnrealSource/UnrealEngine-4.27/FeaturePacks/TP_ThirdPerson.upack' (chunk index -1, root 'root:/') mounted
[2023.04.27-11.04.38:483][  0]LogShaderLibrary: Display: ShaderCodeLibraryPakFileMountedCallback: pending pak file info (ChunkID:-1 Root:root:/ File:D:/UnrealSource/UnrealEngine-4.27/FeaturePacks/TP_ThirdPerson.upack)
[2023.04.27-11.04.38:483][  0]LogPakFile: OnPakFileMounted2Time == 0.000062
[2023.04.27-11.04.38:484][  0]LogShaderLibrary: Display: ShaderCodeLibraryPakFileMountedCallback: PakFile 'D:/UnrealSource/UnrealEngine-4.27/FeaturePacks/TP_ThirdPersonBP.upack' (chunk index -1, root 'root:/') mounted
[2023.04.27-11.04.38:484][  0]LogShaderLibrary: Display: ShaderCodeLibraryPakFileMountedCallback: pending pak file info (ChunkID:-1 Root:root:/ File:D:/UnrealSource/UnrealEngine-4.27/FeaturePacks/TP_ThirdPersonBP.upack)
[2023.04.27-11.04.38:484][  0]LogPakFile: OnPakFileMounted2Time == 0.000062
[2023.04.27-11.04.38:484][  0]LogShaderLibrary: Display: ShaderCodeLibraryPakFileMountedCallback: PakFile 'D:/UnrealSource/UnrealEngine-4.27/FeaturePacks/TP_TopDown.upack' (chunk index -1, root 'root:/') mounted
[2023.04.27-11.04.38:484][  0]LogShaderLibrary: Display: ShaderCodeLibraryPakFileMountedCallback: pending pak file info (ChunkID:-1 Root:root:/ File:D:/UnrealSource/UnrealEngine-4.27/FeaturePacks/TP_TopDown.upack)
[2023.04.27-11.04.38:485][  0]LogPakFile: OnPakFileMounted2Time == 0.000077
[2023.04.27-11.04.38:485][  0]LogShaderLibrary: Display: ShaderCodeLibraryPakFileMountedCallback: PakFile 'D:/UnrealSource/UnrealEngine-4.27/FeaturePacks/TP_TopDownBP.upack' (chunk index -1, root 'root:/') mounted
[2023.04.27-11.04.38:485][  0]LogShaderLibrary: Display: ShaderCodeLibraryPakFileMountedCallback: pending pak file info (ChunkID:-1 Root:root:/ File:D:/UnrealSource/UnrealEngine-4.27/FeaturePacks/TP_TopDownBP.upack)
[2023.04.27-11.04.38:485][  0]LogPakFile: OnPakFileMounted2Time == 0.000071
[2023.04.27-11.04.38:486][  0]LogShaderLibrary: Display: ShaderCodeLibraryPakFileMountedCallback: PakFile 'D:/UnrealSource/UnrealEngine-4.27/FeaturePacks/TP_TwinStick.upack' (chunk index -1, root 'root:/') mounted
[2023.04.27-11.04.38:486][  0]LogShaderLibrary: Display: ShaderCodeLibraryPakFileMountedCallback: pending pak file info (ChunkID:-1 Root:root:/ File:D:/UnrealSource/UnrealEngine-4.27/FeaturePacks/TP_TwinStick.upack)
[2023.04.27-11.04.38:486][  0]LogPakFile: OnPakFileMounted2Time == 0.000062
[2023.04.27-11.04.38:486][  0]LogShaderLibrary: Display: ShaderCodeLibraryPakFileMountedCallback: PakFile 'D:/UnrealSource/UnrealEngine-4.27/FeaturePacks/TP_TwinStickBP.upack' (chunk index -1, root 'root:/') mounted
[2023.04.27-11.04.38:486][  0]LogShaderLibrary: Display: ShaderCodeLibraryPakFileMountedCallback: pending pak file info (ChunkID:-1 Root:root:/ File:D:/UnrealSource/UnrealEngine-4.27/FeaturePacks/TP_TwinStickBP.upack)
[2023.04.27-11.04.38:486][  0]LogPakFile: OnPakFileMounted2Time == 0.000063
[2023.04.27-11.04.38:487][  0]LogShaderLibrary: Display: ShaderCodeLibraryPakFileMountedCallback: PakFile 'D:/UnrealSource/UnrealEngine-4.27/FeaturePacks/TP_Vehicle.upack' (chunk index -1, root 'root:/') mounted
[2023.04.27-11.04.38:487][  0]LogShaderLibrary: Display: ShaderCodeLibraryPakFileMountedCallback: pending pak file info (ChunkID:-1 Root:root:/ File:D:/UnrealSource/UnrealEngine-4.27/FeaturePacks/TP_Vehicle.upack)
[2023.04.27-11.04.38:487][  0]LogPakFile: OnPakFileMounted2Time == 0.000067
[2023.04.27-11.04.38:488][  0]LogShaderLibrary: Display: ShaderCodeLibraryPakFileMountedCallback: PakFile 'D:/UnrealSource/UnrealEngine-4.27/FeaturePacks/TP_VehicleAdv.upack' (chunk index -1, root 'root:/') mounted
[2023.04.27-11.04.38:488][  0]LogShaderLibrary: Display: ShaderCodeLibraryPakFileMountedCallback: pending pak file info (ChunkID:-1 Root:root:/ File:D:/UnrealSource/UnrealEngine-4.27/FeaturePacks/TP_VehicleAdv.upack)
[2023.04.27-11.04.38:488][  0]LogPakFile: OnPakFileMounted2Time == 0.000063
[2023.04.27-11.04.38:489][  0]LogShaderLibrary: Display: ShaderCodeLibraryPakFileMountedCallback: PakFile 'D:/UnrealSource/UnrealEngine-4.27/FeaturePacks/TP_VehicleAdvBP.upack' (chunk index -1, root 'root:/') mounted
[2023.04.27-11.04.38:489][  0]LogShaderLibrary: Display: ShaderCodeLibraryPakFileMountedCallback: pending pak file info (ChunkID:-1 Root:root:/ File:D:/UnrealSource/UnrealEngine-4.27/FeaturePacks/TP_VehicleAdvBP.upack)
[2023.04.27-11.04.38:489][  0]LogPakFile: OnPakFileMounted2Time == 0.000070
[2023.04.27-11.04.38:489][  0]LogShaderLibrary: Display: ShaderCodeLibraryPakFileMountedCallback: PakFile 'D:/UnrealSource/UnrealEngine-4.27/FeaturePacks/TP_VehicleBP.upack' (chunk index -1, root 'root:/') mounted
[2023.04.27-11.04.38:489][  0]LogShaderLibrary: Display: ShaderCodeLibraryPakFileMountedCallback: pending pak file info (ChunkID:-1 Root:root:/ File:D:/UnrealSource/UnrealEngine-4.27/FeaturePacks/TP_VehicleBP.upack)
[2023.04.27-11.04.38:489][  0]LogPakFile: OnPakFileMounted2Time == 0.000063
[2023.04.27-11.04.38:490][  0]LogPakFile: PakFile PrimaryIndexSize=192
[2023.04.27-11.04.38:490][  0]LogPakFile: PakFile PathHashIndexSize=101
[2023.04.27-11.04.38:490][  0]LogPakFile: PakFile FullDirectoryIndexSize=158
[2023.04.27-11.04.38:490][  0]LogShaderLibrary: Display: ShaderCodeLibraryPakFileMountedCallback: PakFile 'D:/UnrealSource/UnrealEngine-4.27/FeaturePacks/TP_VirtualRealityBP.upack' (chunk index -1, root 'root:/') mounted
[2023.04.27-11.04.38:490][  0]LogShaderLibrary: Display: ShaderCodeLibraryPakFileMountedCallback: pending pak file info (ChunkID:-1 Root:root:/ File:D:/UnrealSource/UnrealEngine-4.27/FeaturePacks/TP_VirtualRealityBP.upack)
[2023.04.27-11.04.38:490][  0]LogPakFile: OnPakFileMounted2Time == 0.000045
[2023.04.27-11.04.38:533][  0]LogNativeClassHierarchy: Verbose: Native class hierarchy updated for 'AddContentDialog' in 0.0003 seconds. Added 0 classes and 0 folders.
[2023.04.27-11.04.38:539][  0]LogNativeClassHierarchy: Verbose: Native class hierarchy updated for 'SceneOutliner' in 0.0003 seconds. Added 2 classes and 0 folders.
[2023.04.27-11.04.38:589][  0]LogSlate: Took 0.000203 seconds to synchronously load lazily loaded font '../../../Engine/Content/Slate/Fonts/Roboto-Regular.ttf' (155K)
[2023.04.27-11.04.38:590][  0]LogSlate: Took 0.000143 seconds to synchronously load lazily loaded font '../../../Engine/Content/Editor/Slate/Fonts/FontAwesome.ttf' (139K)
[2023.04.27-11.04.38:592][  0]LogSlate: Took 0.000137 seconds to synchronously load lazily loaded font '../../../Engine/Content/Slate/Fonts/Roboto-Bold.ttf' (160K)
[2023.04.27-11.04.38:711][  0]LogRenderer: Reallocating scene render targets to support 1208x572 Format 10 NumSamples 1 (Frame:1).
[2023.04.27-11.04.38:767][  0]LogSlate: Took 0.000206 seconds to synchronously load lazily loaded font '../../../Engine/Content/Slate/Fonts/Roboto-Light.ttf' (167K)
[2023.04.27-11.04.38:829][  0]LogNativeClassHierarchy: Verbose: Native class hierarchy updated for 'HierarchicalLODOutliner' in 0.0003 seconds. Added 0 classes and 0 folders.
[2023.04.27-11.04.38:829][  0]LogLoad: (Engine Initialization) Total time: 9.36 seconds
[2023.04.27-11.04.38:829][  0]LogLoad: (Engine Initialization) Total Blueprint compile time: 0.00 seconds
[2023.04.27-11.04.38:883][  0]LogAssetRegistry: Asset discovery search completed in 6.0038 seconds
[2023.04.27-11.04.38:891][  0]LogCollectionManager: Fixed up redirectors for 0 collections in 0.000004 seconds (updated 0 objects)
[2023.04.27-11.04.38:894][  0]LogContentStreaming: Texture pool size now 1000 MB
[2023.04.27-11.04.39:879][  4]LogSlate: Took 0.000218 seconds to synchronously load lazily loaded font '../../../Engine/Content/Slate/Fonts/Roboto-Light.ttf' (167K)
[2023.04.27-11.04.40:746][ 61]LogEditorViewport: Clicking on Actor (LMB): BP_ClickableActor_C (BP_ClickableActor)
[2023.04.27-11.04.41:465][117]LogEditorViewport: Clicking on Actor (LMB): StaticMeshActor (Floor)
[2023.04.27-11.04.42:562][184]LogAssetEditorSubsystem: Opening Asset editor for Blueprint /Game/Auth/BP_Login.BP_Login
[2023.04.27-11.04.42:765][184]LogNativeClassHierarchy: Verbose: Native class hierarchy updated for 'BlueprintGraph' in 0.0007 seconds. Added 126 classes and 0 folders.
[2023.04.27-11.04.44:219][184]LogSlate: Took 0.000234 seconds to synchronously load lazily loaded font '../../../Engine/Content/Slate/Fonts/Roboto-BoldCondensed.ttf' (158K)
[2023.04.27-11.04.44:305][185]LogSlate: Took 0.000268 seconds to synchronously load lazily loaded font '../../../Engine/Content/Slate/Fonts/Roboto-Italic.ttf' (157K)
[2023.04.27-11.05.20:592][217]LogEditorTransaction: Undo Delete current selection
[2023.04.27-11.05.31:664][391]Cmd: OBJ SAVEPACKAGE PACKAGE="/Game/Auth/BP_Login" FILE="../../../../../UEProject/Classroom/Content/Auth/BP_Login.uasset" SILENT=true
[2023.04.27-11.05.31:692][391]LogSavePackage: Moving '../../../../../UEProject/Classroom/Saved/BP_Login2CF7ACB945D08BDD455B3A9640A77729.tmp' to '../../../../../UEProject/Classroom/Content/Auth/BP_Login.uasset'
[2023.04.27-11.05.31:708][391]AssetCheck: New page: Asset Save: BP_Login
[2023.04.27-11.05.31:708][391]LogContentValidation: Display: Validating Blueprint /Game/Auth/BP_Login.BP_Login
[2023.04.27-11.05.38:581][ 87]LogTemp: Repeating last play command: Selected Viewport
[2023.04.27-11.05.38:590][ 87]BlueprintLog: New page: Pre-Play auto-recompile
[2023.04.27-11.05.38:591][ 87]LogPlayLevel: [PlayLevel] Compiling BP_Login before play...
[2023.04.27-11.05.38:595][ 87]LogBlueprint: Warning: [AssetLog] D:\UEProject\Classroom\Content\Auth\BP_Login.uasset: [Compiler] Get Entity Token  was pruned because its Exec pin is not connected, the connected value is not available and will instead be read as default
[2023.04.27-11.05.38:673][ 87]LogUObjectHash: Compacting FUObjectHashTables data took   4.86ms
[2023.04.27-11.05.38:674][ 87]LogPlayLevel: PlayLevel: Blueprint regeneration took 84 ms (1 blueprints)
[2023.04.27-11.05.38:675][ 87]PIE: New page: PIE session: Playground (Apr 28, 2023, 3:05:38 AM)
[2023.04.27-11.05.38:676][ 87]LogOnline: OSS: Creating online subsystem instance for: NULL
[2023.04.27-11.05.38:677][ 87]LogOnline: OSS: TryLoadSubsystemAndSetDefault: Loaded subsystem for module [NULL]
[2023.04.27-11.05.38:678][ 87]LogPlayLevel: Creating play world package: /Game/Level/UEDPIE_0_Playground
[2023.04.27-11.05.38:682][ 87]LogPlayLevel: PIE: StaticDuplicateObject took: (0.003599s)
[2023.04.27-11.05.38:683][ 87]LogAIModule: Creating AISystem for world Playground
[2023.04.27-11.05.38:683][ 87]LogPlayLevel: PIE: World Init took: (0.001369s)
[2023.04.27-11.05.38:684][ 87]LogPlayLevel: PIE: Created PIE world by copying editor world from /Game/Level/Playground.Playground to /Game/Level/UEDPIE_0_Playground.Playground (0.005138s)
[2023.04.27-11.05.38:718][ 87]LogUObjectHash: Compacting FUObjectHashTables data took   3.12ms
[2023.04.27-11.05.38:718][ 87]LogAudio: Display: Creating Audio Device:                 Id: 2, Scope: Unique, Realtime: True
[2023.04.27-11.05.38:718][ 87]LogAudioMixer: Display: Audio Mixer Platform Settings:
[2023.04.27-11.05.38:718][ 87]LogAudioMixer: Display: 	Sample Rate:						  48000
[2023.04.27-11.05.38:718][ 87]LogAudioMixer: Display: 	Callback Buffer Frame Size Requested: 1024
[2023.04.27-11.05.38:718][ 87]LogAudioMixer: Display: 	Callback Buffer Frame Size To Use:	  1024
[2023.04.27-11.05.38:718][ 87]LogAudioMixer: Display: 	Number of buffers to queue:			  2
[2023.04.27-11.05.38:718][ 87]LogAudioMixer: Display: 	Max Channels (voices):				  32
[2023.04.27-11.05.38:718][ 87]LogAudioMixer: Display: 	Number of Async Source Workers:		  0
[2023.04.27-11.05.38:718][ 87]LogAudio: Display: AudioDevice MaxSources: 32
[2023.04.27-11.05.38:719][ 87]LogAudio: Display: Audio Spatialization Plugin: None (built-in).
[2023.04.27-11.05.38:719][ 87]LogAudio: Display: Audio Reverb Plugin: None (built-in).
[2023.04.27-11.05.38:719][ 87]LogAudio: Display: Audio Occlusion Plugin: None (built-in).
[2023.04.27-11.05.38:719][ 87]LogAudioMixer: Display: Initializing audio mixer.
[2023.04.27-11.05.38:722][ 87]LogAudioMixer: Display: 0: FrontLeft
[2023.04.27-11.05.38:722][ 87]LogAudioMixer: Display: 1: FrontRight
[2023.04.27-11.05.38:751][ 87]LogAudioMixer: Display: Using Audio Device Speakers / Headphones (Realtek Audio)
[2023.04.27-11.05.38:751][ 87]LogAudioMixer: Display: Initializing Sound Submixes...
[2023.04.27-11.05.38:751][ 87]LogAudioMixer: Display: Creating Master Submix 'MasterSubmixDefault'
[2023.04.27-11.05.38:751][ 87]LogAudioMixer: Display: Creating Master Submix 'MasterReverbSubmixDefault'
[2023.04.27-11.05.38:752][ 87]LogAudioMixer: Display: Creating Master Submix 'MasterEQSubmixDefault'
[2023.04.27-11.05.38:752][ 87]LogAudioMixer: FMixerPlatformXAudio2::StartAudioStream() called
[2023.04.27-11.05.38:752][ 87]LogAudioMixer: Display: Output buffers initialized: Frames=1024, Channels=2, Samples=2048
[2023.04.27-11.05.38:753][ 87]LogAudioMixer: Display: Starting AudioMixerPlatformInterface::RunInternal()
[2023.04.27-11.05.38:753][ 87]LogAudioMixer: Display: FMixerPlatformXAudio2::SubmitBuffer() called for the first time
[2023.04.27-11.05.38:753][ 87]LogInit: FAudioDevice initialized.
[2023.04.27-11.05.38:753][ 87]LogAudio: Display: Audio Device (ID: 2) registered with world 'Playground'.
[2023.04.27-11.05.38:767][ 87]LogLoad: Game class is 'BP_GameMode_C'
[2023.04.27-11.05.38:769][ 87]LogWorld: Bringing World /Game/Level/UEDPIE_0_Playground.Playground up for play (max tick rate 0) at 2023.04.27-19.05.38
[2023.04.27-11.05.38:769][ 87]LogWorld: Bringing up level for play took: 0.000981
[2023.04.27-11.05.38:769][ 87]LogOnline: OSS: Creating online subsystem instance for: :Context_4
[2023.04.27-11.05.38:777][ 87]LogNativeClassHierarchy: Verbose: Native class hierarchy updated for 'MovieSceneCapture' in 0.0004 seconds. Added 20 classes and 0 folders.
[2023.04.27-11.05.38:778][ 87]LogPlayFab: Request: {
	"Password": "test123",
	"TitleId": "C2395",
	"Username": "Xocoo"
}
[2023.04.27-11.05.38:781][ 87]PIE: Server logged in
[2023.04.27-11.05.38:783][ 87]PIE: Play in editor total start time 0.194 seconds.
[2023.04.27-11.05.38:786][ 87]LogStreaming: Warning: Failed to read file 'D:/../../../UEProject/Classroom/Saved/Assets/Cabin.fbx' error.
[2023.04.27-11.05.38:786][ 87]LogTemp: Error: RealTimeImportPlugin: Can't load file: D:/../../../UEProject/Classroom/Saved/Assets/Cabin.fbx
[2023.04.27-11.05.38:802][ 88]LogBlueprintUserMessages: [BP_ClickableActor_2] File not found:D:/../../../UEProject/Classroom/Saved/Assets/AutoScreenshot.png
[2023.04.27-11.05.39:256][ 89]LogAnalytics: Display: [UEEditor.UnrealEngine.Release] APIServer = https://datarouter.ol.epicgames.com/. AppVersion = 4.27.2-0+++UE4+Release-4.27
[2023.04.27-11.05.39:521][ 89]LogEditorSessionSummary: EditorSessionSummary sent report. Type=Crashed, SessionId={1952743D-41D7-3AF2-A270-708374C1A1A3}
[2023.04.27-11.05.40:037][135]LogPlayFab: Response : {"code":200,"status":"OK","data":{"SessionTicket":"68EDD9CF10EB4205-C8F06E4A2907FF0B-A978622D261117B9-C2395-8DB470F5596DD09-ZjGzw1HuXYU2tIYzyr9hfFr3HYHDMl6x9lZa+/6V6Jw=","PlayFabId":"68EDD9CF10EB4205","NewlyCreated":false,"SettingsForUser":{"NeedsAttribution":false,"GatherDeviceInfo":true,"GatherFocusInfo":true},"LastLoginTime":"2023-04-27T11:04:06.394Z","EntityToken":{"EntityToken":"NHxJODNzL0dmRWpmQ25TQUxzaU91M09NcmFCNENoaEg4dzJUVjVMOEdqZjdBPXx7ImkiOiIyMDIzLTA0LTI3VDExOjA1OjM4WiIsImlkcCI6IlBsYXlGYWIiLCJlIjoiMjAyMy0wNC0yOFQxMTowNTozOFoiLCJmaSI6IjIwMjMtMDQtMjdUMTE6MDU6MzhaIiwidGlkIjoib3gvekNtd2NibDgiLCJpZGkiOiI2OEVERDlDRjEwRUI0MjA1IiwiaCI6IjhBODI5RjlENDE4NjE4RTciLCJlYyI6InRpdGxlX3BsYXllcl9hY2NvdW50IUM4RjA2RTRBMjkwN0ZGMEIvQzIzOTUvNjhFREQ5Q0YxMEVCNDIwNS9BOTc4NjIyRDI2MTExN0I5LyIsImVpIjoiQTk3ODYyMkQyNjExMTdCOSIsImV0IjoidGl0bGVfcGxheWVyX2FjY291bnQifQ==","TokenExpiration":"2023-04-28T11:05:38Z","Entity":{"Id":"A978622D261117B9","Type":"title_player_account","TypeString":"title_player_account"}},"TreatmentAssignment":{"Variants":[],"Variables":[]}}}
[2023.04.27-11.05.40:037][135]LogBlueprintUserMessages: [BP_PlayfabInstance_C_0] 68EDD9CF10EB4205
[2023.04.27-11.05.40:127][143]LogBlueprintUserMessages: [BP_Login_2] Welcome playfab !
[2023.04.27-11.05.40:127][143]LogPlayFab: Request: {
	"Data":
	{
		"key2": "value1"
	},
	"KeysToRemove": null,
	"Permission": "Public"
}
[2023.04.27-11.05.40:400][168]LogPlayFab: Response : {"code":200,"status":"OK","data":{"DataVersion":32}}
[2023.04.27-11.05.40:400][168]LogBlueprintUserMessages: [BP_Login_2] Hello
[2023.04.27-11.06.08:882][419]LogSlate: Updating window title bar state: overlay mode, drag disabled, window buttons hidden, title bar hidden
[2023.04.27-11.06.08:882][419]LogWorld: BeginTearingDown for /Game/Level/UEDPIE_0_Playground
[2023.04.27-11.06.08:883][419]LogWorld: UWorld::CleanupWorld for Playground, bSessionEnded=true, bCleanupResources=true
[2023.04.27-11.06.08:883][419]LogSlate: InvalidateAllWidgets triggered.  All widgets were invalidated
[2023.04.27-11.06.08:897][419]LogPlayLevel: Display: Shutting down PIE online subsystems
[2023.04.27-11.06.08:936][419]LogSlate: InvalidateAllWidgets triggered.  All widgets were invalidated
[2023.04.27-11.06.08:990][419]LogSlate: Updating window title bar state: overlay mode, drag disabled, window buttons hidden, title bar hidden
[2023.04.27-11.06.08:990][419]LogAudioMixer: FMixerPlatformXAudio2::StopAudioStream() called
[2023.04.27-11.06.08:992][419]LogAudioMixer: FMixerPlatformXAudio2::StopAudioStream() called
[2023.04.27-11.06.09:032][419]LogUObjectHash: Compacting FUObjectHashTables data took   7.06ms
[2023.04.27-11.06.09:069][420]LogPlayLevel: Display: Destroying online subsystem :Context_4
